#
# There is insufficient memory for the Java Runtime Environment to continue.
# Native memory allocation (malloc) failed to allocate 1347696 bytes for Chunk::new
# Possible reasons:
#   The system is out of physical RAM or swap space
#   In 32 bit mode, the process size limit was hit
# Possible solutions:
#   Reduce memory load on the system
#   Increase physical memory or swap space
#   Check if swap backing store is full
#   Use 64 bit Java on a 64 bit OS
#   Decrease Java heap size (-Xmx/-Xms)
#   Decrease number of Java threads
#   Decrease Java thread stack sizes (-Xss)
#   Set larger code cache with -XX:ReservedCodeCacheSize=
# This output file may be truncated or incomplete.
#
#  Out of Memory Error (allocation.cpp:390), pid=11692, tid=6664
#
# JRE version: Java(TM) SE Runtime Environment (8.0_51-b16) (build 1.8.0_51-b16)
# Java VM: Java HotSpot(TM) 64-Bit Server VM (25.51-b03 mixed mode windows-amd64 compressed oops)
# Failed to write core dump. Minidumps are not enabled by default on client versions of Windows
#

---------------  T H R E A D  ---------------

Current thread (0x0000000014c3d800):  JavaThread "C2 CompilerThread0" daemon [_thread_in_native, id=6664, stack(0x00000000161b0000,0x00000000162b0000)]

Stack: [0x00000000161b0000,0x00000000162b0000]
Native frames: (J=compiled Java code, j=interpreted, Vv=VM code, C=native code)
V  [jvm.dll+0x32b4ca]
V  [jvm.dll+0x2797e3]
V  [jvm.dll+0x27a479]
V  [jvm.dll+0x271765]
V  [jvm.dll+0xcba02]
V  [jvm.dll+0xcbecc]
V  [jvm.dll+0x476f72]
V  [jvm.dll+0x4b95ff]
V  [jvm.dll+0x46c011]
V  [jvm.dll+0x46cd4e]
V  [jvm.dll+0x4501a2]
V  [jvm.dll+0xa43a2]
V  [jvm.dll+0xa4cdf]
V  [jvm.dll+0x2418a4]
V  [jvm.dll+0x29846a]
C  [msvcr100.dll+0x21d9f]
C  [msvcr100.dll+0x21e3b]
C  [KERNEL32.DLL+0x13d2]
C  [ntdll.dll+0x154e4]


Current CompileTask:
C2:   2918 1352       4       com.android.dx.dex.code.OutputFinisher::addConstants (93 bytes)


---------------  P R O C E S S  ---------------

Java Threads: ( => current thread )
  0x000000001675f000 JavaThread "pool-1-thread-2" [_thread_in_vm, id=9248, stack(0x0000000016cb0000,0x0000000016db0000)]
  0x00000000164c3000 JavaThread "Service Thread" daemon [_thread_blocked, id=10664, stack(0x00000000168b0000,0x00000000169b0000)]
  0x0000000014c90800 JavaThread "C1 CompilerThread2" daemon [_thread_blocked, id=10812, stack(0x00000000163b0000,0x00000000164b0000)]
  0x0000000014c3f800 JavaThread "C2 CompilerThread1" daemon [_thread_blocked, id=11084, stack(0x00000000162b0000,0x00000000163b0000)]
=>0x0000000014c3d800 JavaThread "C2 CompilerThread0" daemon [_thread_in_native, id=6664, stack(0x00000000161b0000,0x00000000162b0000)]
  0x0000000014c3b800 JavaThread "Attach Listener" daemon [_thread_blocked, id=10516, stack(0x00000000160b0000,0x00000000161b0000)]
  0x0000000014c3a800 JavaThread "Signal Dispatcher" daemon [_thread_blocked, id=12080, stack(0x0000000015fb0000,0x00000000160b0000)]
  0x00000000024e7800 JavaThread "Finalizer" daemon [_thread_blocked, id=1704, stack(0x0000000015eb0000,0x0000000015fb0000)]
  0x00000000024de800 JavaThread "Reference Handler" daemon [_thread_blocked, id=11024, stack(0x0000000015db0000,0x0000000015eb0000)]
  0x00000000023f0800 JavaThread "main" [_thread_in_vm, id=8860, stack(0x00000000022c0000,0x00000000023c0000)]

Other Threads:
  0x0000000014c07800 VMThread [stack: 0x0000000015cb0000,0x0000000015db0000] [id=9692]
  0x00000000164c4000 WatcherThread [stack: 0x00000000169b0000,0x0000000016ab0000] [id=11184]

VM state:not at safepoint (normal execution)

VM Mutex/Monitor currently owned by a thread: None

Heap:
 PSYoungGen      total 38400K, used 10894K [0x00000000eab00000, 0x00000000ef600000, 0x0000000100000000)
  eden space 33280K, 17% used [0x00000000eab00000,0x00000000eb0a78a0,0x00000000ecb80000)
  from space 5120K, 99% used [0x00000000ecb80000,0x00000000ed07c038,0x00000000ed080000)
  to   space 5120K, 0% used [0x00000000ef100000,0x00000000ef100000,0x00000000ef600000)
 ParOldGen       total 87552K, used 1836K [0x00000000c0000000, 0x00000000c5580000, 0x00000000eab00000)
  object space 87552K, 2% used [0x00000000c0000000,0x00000000c01cb260,0x00000000c5580000)
 Metaspace       used 5956K, capacity 7024K, committed 7296K, reserved 1056768K
  class space    used 593K, capacity 616K, committed 640K, reserved 1048576K

Card table byte_map: [0x0000000011930000,0x0000000011b40000] byte_map_base: 0x0000000011330000

Marking Bits: (ParMarkBitMap*) 0x0000000070124040
 Begin Bits: [0x00000000120a0000, 0x00000000130a0000)
 End Bits:   [0x00000000130a0000, 0x00000000140a0000)

Polling page: 0x0000000000b70000

CodeCache: size=245760Kb used=5582Kb max_used=5606Kb free=240177Kb
 bounds [0x0000000002570000, 0x0000000002b00000, 0x0000000011570000]
 total_blobs=1647 nmethods=1378 adapters=182
 compilation: enabled

Compilation events (10 events):
Event: 2.810 Thread 0x0000000014c3d800 1352       4       com.android.dx.dex.code.OutputFinisher::addConstants (93 bytes)
Event: 2.837 Thread 0x0000000014c3f800 nmethod 1218 0x0000000002ae5410 code [0x0000000002ae5940, 0x0000000002ae9e68]
Event: 2.838 Thread 0x0000000014c3f800 1328       4       java.util.HashMap::hash (20 bytes)
Event: 2.839 Thread 0x0000000014c3f800 nmethod 1328 0x0000000002ad9b10 code [0x0000000002ad9c60, 0x0000000002ad9d18]
Event: 2.839 Thread 0x0000000014c3f800 1304       4       com.android.dx.rop.cst.CstMemberRef::compareTo0 (49 bytes)
Event: 2.841 Thread 0x0000000014c3f800 nmethod 1304 0x0000000002adb190 code [0x0000000002adb2e0, 0x0000000002adb5f8]
Event: 2.841 Thread 0x0000000014c3f800 1290       4       com.android.dx.ssa.MoveParamCombiner$1::visitNonMoveInsn (213 bytes)
Event: 2.844 Thread 0x0000000014c3f800 nmethod 1290 0x0000000002adab50 code [0x0000000002adaca0, 0x0000000002adae38]
Event: 2.844 Thread 0x0000000014c3f800 1302       4       com.android.dx.rop.type.Type::isCategory2 (36 bytes)
Event: 2.845 Thread 0x0000000014c3f800 nmethod 1302 0x000000000298ac90 code [0x000000000298adc0, 0x000000000298ae38]

GC Heap History (2 events):
Event: 2.050 GC heap before
{Heap before GC invocations=1 (full 0):
 PSYoungGen      total 38400K, used 33280K [0x00000000eab00000, 0x00000000ed580000, 0x0000000100000000)
  eden space 33280K, 100% used [0x00000000eab00000,0x00000000ecb80000,0x00000000ecb80000)
  from space 5120K, 0% used [0x00000000ed080000,0x00000000ed080000,0x00000000ed580000)
  to   space 5120K, 0% used [0x00000000ecb80000,0x00000000ecb80000,0x00000000ed080000)
 ParOldGen       total 87552K, used 0K [0x00000000c0000000, 0x00000000c5580000, 0x00000000eab00000)
  object space 87552K, 0% used [0x00000000c0000000,0x00000000c0000000,0x00000000c5580000)
 Metaspace       used 5836K, capacity 6960K, committed 7040K, reserved 1056768K
  class space    used 586K, capacity 616K, committed 640K, reserved 1048576K
Event: 2.194 GC heap after
Heap after GC invocations=1 (full 0):
 PSYoungGen      total 38400K, used 5104K [0x00000000eab00000, 0x00000000ef600000, 0x0000000100000000)
  eden space 33280K, 0% used [0x00000000eab00000,0x00000000eab00000,0x00000000ecb80000)
  from space 5120K, 99% used [0x00000000ecb80000,0x00000000ed07c038,0x00000000ed080000)
  to   space 5120K, 0% used [0x00000000ef100000,0x00000000ef100000,0x00000000ef600000)
 ParOldGen       total 87552K, used 1836K [0x00000000c0000000, 0x00000000c5580000, 0x00000000eab00000)
  object space 87552K, 2% used [0x00000000c0000000,0x00000000c01cb260,0x00000000c5580000)
 Metaspace       used 5836K, capacity 6960K, committed 7040K, reserved 1056768K
  class space    used 586K, capacity 616K, committed 640K, reserved 1048576K
}

Deoptimization events (10 events):
Event: 2.746 Thread 0x00000000023f0800 Uncommon trap: reason=class_check action=maybe_recompile pc=0x0000000002a39608 method=java.util.Arrays.hashCode([Ljava/lang/Object;)I @ 43
Event: 2.746 Thread 0x00000000023f0800 Uncommon trap: reason=class_check action=maybe_recompile pc=0x0000000002a39608 method=java.util.Arrays.hashCode([Ljava/lang/Object;)I @ 43
Event: 2.746 Thread 0x00000000023f0800 Uncommon trap: reason=class_check action=maybe_recompile pc=0x0000000002a39608 method=java.util.Arrays.hashCode([Ljava/lang/Object;)I @ 43
Event: 2.746 Thread 0x00000000023f0800 Uncommon trap: reason=class_check action=maybe_recompile pc=0x0000000002a17128 method=java.util.Arrays.hashCode([Ljava/lang/Object;)I @ 43
Event: 2.753 Thread 0x00000000023f0800 Uncommon trap: reason=bimorphic action=maybe_recompile pc=0x00000000027cb920 method=java.util.HashMap.getNode(ILjava/lang/Object;)Ljava/util/HashMap$Node; @ 126
Event: 2.753 Thread 0x00000000023f0800 Uncommon trap: reason=class_check action=maybe_recompile pc=0x000000000298d8fc method=java.util.HashMap.putVal(ILjava/lang/Object;Ljava/lang/Object;ZZ)Ljava/lang/Object; @ 203
Event: 2.753 Thread 0x00000000023f0800 Uncommon trap: reason=bimorphic action=maybe_recompile pc=0x00000000027cb920 method=java.util.HashMap.getNode(ILjava/lang/Object;)Ljava/util/HashMap$Node; @ 126
Event: 2.753 Thread 0x00000000023f0800 Uncommon trap: reason=class_check action=maybe_recompile pc=0x000000000298d8fc method=java.util.HashMap.putVal(ILjava/lang/Object;Ljava/lang/Object;ZZ)Ljava/lang/Object; @ 203
Event: 2.760 Thread 0x00000000023f0800 Uncommon trap: reason=class_check action=maybe_recompile pc=0x0000000002992910 method=java.util.HashMap.putVal(ILjava/lang/Object;Ljava/lang/Object;ZZ)Ljava/lang/Object; @ 203
Event: 2.776 Thread 0x00000000023f0800 Uncommon trap: reason=bimorphic action=maybe_recompile pc=0x00000000028a14fc method=java.util.HashMap.getNode(ILjava/lang/Object;)Ljava/util/HashMap$Node; @ 126

Internal exceptions (3 events):
Event: 0.094 Thread 0x00000000023f0800 Exception <a 'java/lang/NoSuchMethodError': Method sun.misc.Unsafe.defineClass(Ljava/lang/String;[BII)Ljava/lang/Class; name or signature does not match> (0x00000000eab0d1a0) thrown at [C:\re\workspace\8-2-build-windows-amd64-cygwin\jdk8u51\3951\hotspot\srèc∏Á≤∏?
Event: 0.094 Thread 0x00000000023f0800 Exception <a 'java/lang/NoSuchMethodError': Method sun.misc.Unsafe.prefetchRead(Ljava/lang/Object;J)V name or signature does not match> (0x00000000eab0d430) thrown at [C:\re\workspace\8-2-build-windows-amd64-cygwin\jdk8u51\3951\hotspot\src\share\vm\prims\jt’~∞+¯?
Event: 1.511 Thread 0x000000001675f000 Implicit null exception at 0x0000000002868362 to 0x0000000002868452

Events (10 events):
Event: 2.777 loading class com/android/dx/dex/file/ProtoIdItem done
Event: 2.785 loading class com/android/dex/Leb128
Event: 2.785 loading class com/android/dex/Leb128 done
Event: 2.787 loading class java/util/Collections$1
Event: 2.787 loading class java/util/Collections$1 done
Event: 2.787 loading class com/android/dx/dex/file/MixedItemSection$2
Event: 2.787 loading class com/android/dx/dex/file/MixedItemSection$2 done
Event: 2.788 loading class com/android/dx/dex/file/CodeItem$1
Event: 2.788 loading class com/android/dx/dex/file/CodeItem$1 done
Event: 2.789 loading class com/android/dx/dex/code/DalvInsnList


Dynamic libraries:
0x00007ff7540c0000 - 0x00007ff7540f7000 	C:\Program Files\Java\jdk1.8.0_51\bin\java.exe
0x00007ffdef5c0000 - 0x00007ffdef76d000 	C:\WINDOWS\SYSTEM32\ntdll.dll
0x00007ffdee8e0000 - 0x00007ffdeea1e000 	C:\WINDOWS\system32\KERNEL32.DLL
0x00007ffdecb20000 - 0x00007ffdecc35000 	C:\WINDOWS\system32\KERNELBASE.dll
0x00007ffdeb2b0000 - 0x00007ffdeb33e000 	C:\WINDOWS\system32\apphelp.dll
0x00007ffddd990000 - 0x00007ffddd9e3000 	C:\WINDOWS\AppPatch\AppPatch64\AcGenral.DLL
0x00007ffdef470000 - 0x00007ffdef51a000 	C:\WINDOWS\system32\msvcrt.dll
0x00007ffdec4e0000 - 0x00007ffdec50e000 	C:\WINDOWS\SYSTEM32\SspiCli.dll
0x00007ffdee880000 - 0x00007ffdee8d4000 	C:\WINDOWS\system32\SHLWAPI.dll
0x00007ffdeee10000 - 0x00007ffdeef87000 	C:\WINDOWS\system32\USER32.dll
0x00007ffdee460000 - 0x00007ffdee5f4000 	C:\WINDOWS\system32\ole32.dll
0x00007ffdece00000 - 0x00007ffdee32a000 	C:\WINDOWS\system32\SHELL32.dll
0x00007ffdebcb0000 - 0x00007ffdebcd1000 	C:\WINDOWS\SYSTEM32\USERENV.dll
0x00007ffdeea20000 - 0x00007ffdeeaca000 	C:\WINDOWS\system32\ADVAPI32.dll
0x00007ffde63c0000 - 0x00007ffde63de000 	C:\WINDOWS\SYSTEM32\MPR.dll
0x00007ffdee6c0000 - 0x00007ffdee801000 	C:\WINDOWS\system32\RPCRT4.dll
0x00007ffdee330000 - 0x00007ffdee389000 	C:\WINDOWS\SYSTEM32\sechost.dll
0x00007ffdef250000 - 0x00007ffdef461000 	C:\WINDOWS\SYSTEM32\combase.dll
0x00007ffdef100000 - 0x00007ffdef250000 	C:\WINDOWS\system32\GDI32.dll
0x00007ffdec710000 - 0x00007ffdec725000 	C:\WINDOWS\SYSTEM32\profapi.dll
0x00007ffdeac60000 - 0x00007ffdead12000 	C:\WINDOWS\SYSTEM32\SHCORE.dll
0x00007ffdef580000 - 0x00007ffdef5b6000 	C:\WINDOWS\system32\IMM32.DLL
0x00007ffdeef90000 - 0x00007ffdef0e2000 	C:\WINDOWS\system32\MSCTF.dll
0x00007ffdea7e0000 - 0x00007ffdeaa5b000 	C:\WINDOWS\WinSxS\amd64_microsoft.windows.common-controls_6595b64144ccf1df_6.0.9600.18006_none_623f33d3ecbe86e8\COMCTL32.dll
0x0000000071b10000 - 0x0000000071be2000 	C:\Program Files\Java\jdk1.8.0_51\jre\bin\msvcr100.dll
0x000000006f920000 - 0x00000000701a3000 	C:\Program Files\Java\jdk1.8.0_51\jre\bin\server\jvm.dll
0x00007ffde4220000 - 0x00007ffde4229000 	C:\WINDOWS\SYSTEM32\WSOCK32.dll
0x00007ffdea360000 - 0x00007ffdea382000 	C:\WINDOWS\SYSTEM32\WINMM.dll
0x00007ffdea390000 - 0x00007ffdea39a000 	C:\WINDOWS\SYSTEM32\VERSION.dll
0x00007ffdeed90000 - 0x00007ffdeed97000 	C:\WINDOWS\system32\PSAPI.DLL
0x00007ffdeeda0000 - 0x00007ffdeedfa000 	C:\WINDOWS\system32\WS2_32.dll
0x00007ffdea290000 - 0x00007ffdea2ba000 	C:\WINDOWS\SYSTEM32\WINMMBASE.dll
0x00007ffdef0f0000 - 0x00007ffdef0f9000 	C:\WINDOWS\system32\NSI.dll
0x00007ffdec9c0000 - 0x00007ffdeca0f000 	C:\WINDOWS\SYSTEM32\cfgmgr32.dll
0x00007ffdeb520000 - 0x00007ffdeb548000 	C:\WINDOWS\SYSTEM32\DEVOBJ.dll
0x0000000071b00000 - 0x0000000071b0f000 	C:\Program Files\Java\jdk1.8.0_51\jre\bin\verify.dll
0x0000000071ad0000 - 0x0000000071af9000 	C:\Program Files\Java\jdk1.8.0_51\jre\bin\java.dll
0x000000006f900000 - 0x000000006f916000 	C:\Program Files\Java\jdk1.8.0_51\jre\bin\zip.dll
0x00007ffde7100000 - 0x00007ffde7289000 	C:\WINDOWS\SYSTEM32\dbghelp.dll

VM Arguments:
jvm_args: -Djava.awt.headless=true -Xmx1024M -Dfile.encoding=windows-1252 -Duser.country=US -Duser.language=en -Duser.variant 
java_command: com.android.dx.command.Main --dex --num-threads=4 --output C:\Users\Jason\Documents\GitHub\Avalanche\Avalanche\app\build\intermediates\pre-dexed\debug\com.android.support-support-vector-drawable-23.3.0_ba4cb8a4df9b060c683d5df78238ed07043df99b.jar C:\Users\Jason\Documents\GitHub\Avalanche\Avalanche\app\build\intermediates\exploded-aar\com.android.support\support-vector-drawable\23.3.0\jars\classes.jar
java_class_path (initial): C:\Users\Jason\AppData\Local\Android\sdk\build-tools\23.0.0\lib\dx.jar
Launcher Type: SUN_STANDARD

Environment Variables:
PATH=C:\ProgramData\Oracle\Java\javapath;C:\yagarto-tools-20070303\bin;C:\SysGCC\Beaglebone\bin;C:\Program Files (x86)\Quest Software\vWorkspace Client\pntsc.exe;C:\Program Files (x86)\QuickTime\QTSystem\;
USERNAME=Jason
OS=Windows_NT
PROCESSOR_IDENTIFIER=Intel64 Family 6 Model 58 Stepping 9, GenuineIntel



---------------  S Y S T E M  ---------------

OS: Windows 8.1 , 64 bit Build 9600 (6.3.9600.17415)

CPU:total 4 (2 cores per cpu, 2 threads per core) family 6 model 58 stepping 9, cmov, cx8, fxsr, mmx, sse, sse2, sse3, ssse3, sse4.1, sse4.2, popcnt, avx, aes, clmul, erms, ht, tsc, tscinvbit, tscinv

Memory: 4k page, physical 8275224k(1154240k free), swap 10372376k(5124k free)

vm_info: Java HotSpot(TM) 64-Bit Server VM (25.51-b03) for windows-amd64 JRE (1.8.0_51-b16), built on Jun  8 2015 18:03:07 by "java_re" with MS VC++ 10.0 (VS2010)

time: Sun Apr 24 19:39:18 2016
elapsed time: 2 seconds (0d 0h 0m 2s)

