#
# There is insufficient memory for the Java Runtime Environment to continue.
# Native memory allocation (malloc) failed to allocate 1629776 bytes for Chunk::new
# Possible reasons:
#   The system is out of physical RAM or swap space
#   In 32 bit mode, the process size limit was hit
# Possible solutions:
#   Reduce memory load on the system
#   Increase physical memory or swap space
#   Check if swap backing store is full
#   Use 64 bit Java on a 64 bit OS
#   Decrease Java heap size (-Xmx/-Xms)
#   Decrease number of Java threads
#   Decrease Java thread stack sizes (-Xss)
#   Set larger code cache with -XX:ReservedCodeCacheSize=
# This output file may be truncated or incomplete.
#
#  Out of Memory Error (allocation.cpp:390), pid=1812, tid=6828
#
# JRE version: Java(TM) SE Runtime Environment (8.0_51-b16) (build 1.8.0_51-b16)
# Java VM: Java HotSpot(TM) 64-Bit Server VM (25.51-b03 mixed mode windows-amd64 compressed oops)
# Failed to write core dump. Minidumps are not enabled by default on client versions of Windows
#

---------------  T H R E A D  ---------------

Current thread (0x0000000014a25800):  JavaThread "C2 CompilerThread1" daemon [_thread_in_native, id=6828, stack(0x0000000016050000,0x0000000016150000)]

Stack: [0x0000000016050000,0x0000000016150000]
Native frames: (J=compiled Java code, j=interpreted, Vv=VM code, C=native code)
V  [jvm.dll+0x32b4ca]
V  [jvm.dll+0x2797e3]
V  [jvm.dll+0x27a479]
V  [jvm.dll+0x271765]
V  [jvm.dll+0xcba02]
V  [jvm.dll+0xcbecc]
V  [jvm.dll+0x476f72]
V  [jvm.dll+0x4b95ff]
V  [jvm.dll+0x46bb38]
V  [jvm.dll+0x46cd4e]
V  [jvm.dll+0x4501a2]
V  [jvm.dll+0xa43a2]
V  [jvm.dll+0xa4cdf]
V  [jvm.dll+0x2418a4]
V  [jvm.dll+0x29846a]
C  [msvcr100.dll+0x21d9f]
C  [msvcr100.dll+0x21e3b]
C  [KERNEL32.DLL+0x13d2]
C  [ntdll.dll+0x154e4]


Current CompileTask:
C2:   1935 1712   !   4       com.android.dx.cf.code.BytecodeArray::parseInstruction (2764 bytes)


---------------  P R O C E S S  ---------------

Java Threads: ( => current thread )
  0x00000000164db800 JavaThread "pool-1-thread-4" [_thread_in_Java, id=11776, stack(0x0000000016c50000,0x0000000016d50000)]
  0x00000000164d9800 JavaThread "pool-1-thread-3" [_thread_in_Java, id=1580, stack(0x0000000016b50000,0x0000000016c50000)]
  0x00000000164d0000 JavaThread "pool-1-thread-2" [_thread_in_Java, id=6740, stack(0x0000000016a50000,0x0000000016b50000)]
  0x00000000164b2000 JavaThread "pool-2-thread-1" [_thread_blocked, id=4788, stack(0x0000000016950000,0x0000000016a50000)]
  0x00000000164ab000 JavaThread "pool-1-thread-1" [_thread_in_Java, id=11588, stack(0x0000000016850000,0x0000000016950000)]
  0x0000000016253800 JavaThread "Service Thread" daemon [_thread_blocked, id=3620, stack(0x0000000016650000,0x0000000016750000)]
  0x0000000014a28800 JavaThread "C1 CompilerThread2" daemon [_thread_blocked, id=6632, stack(0x0000000016150000,0x0000000016250000)]
=>0x0000000014a25800 JavaThread "C2 CompilerThread1" daemon [_thread_in_native, id=6828, stack(0x0000000016050000,0x0000000016150000)]
  0x00000000149cd800 JavaThread "C2 CompilerThread0" daemon [_thread_in_native, id=4592, stack(0x0000000015f50000,0x0000000016050000)]
  0x00000000149cb800 JavaThread "Attach Listener" daemon [_thread_blocked, id=10408, stack(0x0000000015e50000,0x0000000015f50000)]
  0x00000000149ca800 JavaThread "Signal Dispatcher" daemon [_thread_blocked, id=1348, stack(0x0000000015d50000,0x0000000015e50000)]
  0x00000000022f7800 JavaThread "Finalizer" daemon [_thread_blocked, id=11556, stack(0x0000000015c50000,0x0000000015d50000)]
  0x00000000022ee800 JavaThread "Reference Handler" daemon [_thread_blocked, id=5012, stack(0x0000000015b50000,0x0000000015c50000)]
  0x0000000002200800 JavaThread "main" [_thread_in_Java, id=6612, stack(0x0000000002100000,0x0000000002200000)]

Other Threads:
  0x0000000014997800 VMThread [stack: 0x0000000015a50000,0x0000000015b50000] [id=11380]
  0x0000000016255000 WatcherThread [stack: 0x0000000016750000,0x0000000016850000] [id=10132]

VM state:not at safepoint (normal execution)

VM Mutex/Monitor currently owned by a thread: None

Heap:
 PSYoungGen      total 71680K, used 43262K [0x00000000eab00000, 0x00000000ef600000, 0x0000000100000000)
  eden space 66560K, 57% used [0x00000000eab00000,0x00000000ed044f70,0x00000000eec00000)
  from space 5120K, 99% used [0x00000000eec00000,0x00000000ef0fa9b0,0x00000000ef100000)
  to   space 5120K, 0% used [0x00000000ef100000,0x00000000ef100000,0x00000000ef600000)
 ParOldGen       total 87552K, used 16157K [0x00000000c0000000, 0x00000000c5580000, 0x00000000eab00000)
  object space 87552K, 18% used [0x00000000c0000000,0x00000000c0fc75b0,0x00000000c5580000)
 Metaspace       used 6124K, capacity 7152K, committed 7296K, reserved 1056768K
  class space    used 586K, capacity 616K, committed 640K, reserved 1048576K

Card table byte_map: [0x00000000116c0000,0x00000000118d0000] byte_map_base: 0x00000000110c0000

Marking Bits: (ParMarkBitMap*) 0x0000000070124040
 Begin Bits: [0x0000000011e30000, 0x0000000012e30000)
 End Bits:   [0x0000000012e30000, 0x0000000013e30000)

Polling page: 0x0000000000910000

CodeCache: size=245760Kb used=6842Kb max_used=6859Kb free=238917Kb
 bounds [0x0000000002300000, 0x00000000029c0000, 0x0000000011300000]
 total_blobs=1958 nmethods=1689 adapters=182
 compilation: enabled

Compilation events (10 events):
Event: 1.848 Thread 0x0000000014a28800 1718       2       java.io.FilterInputStream::available (8 bytes)
Event: 1.849 Thread 0x0000000014a28800 nmethod 1718 0x00000000029a6250 code [0x00000000029a63c0, 0x00000000029a6548]
Event: 1.849 Thread 0x0000000014a28800 1719       2       com.android.dx.util.ByteArray$MyInputStream::available (13 bytes)
Event: 1.849 Thread 0x0000000014a28800 nmethod 1719 0x00000000029a5f10 code [0x00000000029a6060, 0x00000000029a61b0]
Event: 1.880 Thread 0x0000000014a28800 1720       2       java.util.Collections$UnmodifiableCollection::size (10 bytes)
Event: 1.880 Thread 0x0000000014a28800 nmethod 1720 0x00000000029a5b10 code [0x00000000029a5c80, 0x00000000029a5e08]
Event: 1.884 Thread 0x0000000014a28800 1721       2       com.android.dx.ssa.NormalSsaInsn::clone (5 bytes)
Event: 1.884 Thread 0x0000000014a28800 nmethod 1721 0x00000000029af850 code [0x00000000029af9c0, 0x00000000029afc58]
Event: 1.884 Thread 0x0000000014a28800 1722       2       com.android.dx.ssa.NormalSsaInsn::clone (8 bytes)
Event: 1.884 Thread 0x0000000014a28800 nmethod 1722 0x00000000029af2d0 code [0x00000000029af440, 0x00000000029af6d8]

GC Heap History (6 events):
Event: 1.024 GC heap before
{Heap before GC invocations=1 (full 0):
 PSYoungGen      total 38400K, used 33280K [0x00000000eab00000, 0x00000000ed580000, 0x0000000100000000)
  eden space 33280K, 100% used [0x00000000eab00000,0x00000000ecb80000,0x00000000ecb80000)
  from space 5120K, 0% used [0x00000000ed080000,0x00000000ed080000,0x00000000ed580000)
  to   space 5120K, 0% used [0x00000000ecb80000,0x00000000ecb80000,0x00000000ed080000)
 ParOldGen       total 87552K, used 0K [0x00000000c0000000, 0x00000000c5580000, 0x00000000eab00000)
  object space 87552K, 0% used [0x00000000c0000000,0x00000000c0000000,0x00000000c5580000)
 Metaspace       used 5903K, capacity 6960K, committed 7040K, reserved 1056768K
  class space    used 583K, capacity 616K, committed 640K, reserved 1048576K
Event: 1.035 GC heap after
Heap after GC invocations=1 (full 0):
 PSYoungGen      total 38400K, used 5111K [0x00000000eab00000, 0x00000000ef600000, 0x0000000100000000)
  eden space 33280K, 0% used [0x00000000eab00000,0x00000000eab00000,0x00000000ecb80000)
  from space 5120K, 99% used [0x00000000ecb80000,0x00000000ed07dc88,0x00000000ed080000)
  to   space 5120K, 0% used [0x00000000ef100000,0x00000000ef100000,0x00000000ef600000)
 ParOldGen       total 87552K, used 1435K [0x00000000c0000000, 0x00000000c5580000, 0x00000000eab00000)
  object space 87552K, 1% used [0x00000000c0000000,0x00000000c0166e68,0x00000000c5580000)
 Metaspace       used 5903K, capacity 6960K, committed 7040K, reserved 1056768K
  class space    used 583K, capacity 616K, committed 640K, reserved 1048576K
}
Event: 1.347 GC heap before
{Heap before GC invocations=2 (full 0):
 PSYoungGen      total 38400K, used 38391K [0x00000000eab00000, 0x00000000ef600000, 0x0000000100000000)
  eden space 33280K, 100% used [0x00000000eab00000,0x00000000ecb80000,0x00000000ecb80000)
  from space 5120K, 99% used [0x00000000ecb80000,0x00000000ed07dc88,0x00000000ed080000)
  to   space 5120K, 0% used [0x00000000ef100000,0x00000000ef100000,0x00000000ef600000)
 ParOldGen       total 87552K, used 1435K [0x00000000c0000000, 0x00000000c5580000, 0x00000000eab00000)
  object space 87552K, 1% used [0x00000000c0000000,0x00000000c0166e68,0x00000000c5580000)
 Metaspace       used 6065K, capacity 7088K, committed 7296K, reserved 1056768K
  class space    used 586K, capacity 616K, committed 640K, reserved 1048576K
Event: 1.373 GC heap after
Heap after GC invocations=2 (full 0):
 PSYoungGen      total 71680K, used 5095K [0x00000000eab00000, 0x00000000ef600000, 0x0000000100000000)
  eden space 66560K, 0% used [0x00000000eab00000,0x00000000eab00000,0x00000000eec00000)
  from space 5120K, 99% used [0x00000000ef100000,0x00000000ef5f9d18,0x00000000ef600000)
  to   space 5120K, 0% used [0x00000000eec00000,0x00000000eec00000,0x00000000ef100000)
 ParOldGen       total 87552K, used 6450K [0x00000000c0000000, 0x00000000c5580000, 0x00000000eab00000)
  object space 87552K, 7% used [0x00000000c0000000,0x00000000c064cb88,0x00000000c5580000)
 Metaspace       used 6065K, capacity 7088K, committed 7296K, reserved 1056768K
  class space    used 586K, capacity 616K, committed 640K, reserved 1048576K
}
Event: 1.721 GC heap before
{Heap before GC invocations=3 (full 0):
 PSYoungGen      total 71680K, used 71655K [0x00000000eab00000, 0x00000000ef600000, 0x0000000100000000)
  eden space 66560K, 100% used [0x00000000eab00000,0x00000000eec00000,0x00000000eec00000)
  from space 5120K, 99% used [0x00000000ef100000,0x00000000ef5f9d18,0x00000000ef600000)
  to   space 5120K, 0% used [0x00000000eec00000,0x00000000eec00000,0x00000000ef100000)
 ParOldGen       total 87552K, used 6450K [0x00000000c0000000, 0x00000000c5580000, 0x00000000eab00000)
  object space 87552K, 7% used [0x00000000c0000000,0x00000000c064cb88,0x00000000c5580000)
 Metaspace       used 6114K, capacity 7152K, committed 7296K, reserved 1056768K
  class space    used 586K, capacity 616K, committed 640K, reserved 1048576K
Event: 1.748 GC heap after
Heap after GC invocations=3 (full 0):
 PSYoungGen      total 71680K, used 5098K [0x00000000eab00000, 0x00000000ef600000, 0x0000000100000000)
  eden space 66560K, 0% used [0x00000000eab00000,0x00000000eab00000,0x00000000eec00000)
  from space 5120K, 99% used [0x00000000eec00000,0x00000000ef0fa9b0,0x00000000ef100000)
  to   space 5120K, 0% used [0x00000000ef100000,0x00000000ef100000,0x00000000ef600000)
 ParOldGen       total 87552K, used 16157K [0x00000000c0000000, 0x00000000c5580000, 0x00000000eab00000)
  object space 87552K, 18% used [0x00000000c0000000,0x00000000c0fc75b0,0x00000000c5580000)
 Metaspace       used 6114K, capacity 7152K, committed 7296K, reserved 1056768K
  class space    used 586K, capacity 616K, committed 640K, reserved 1048576K
}

Deoptimization events (10 events):
Event: 1.237 Thread 0x0000000002200800 Uncommon trap: reason=bimorphic action=maybe_recompile pc=0x00000000027b0720 method=java.util.HashMap.getNode(ILjava/lang/Object;)Ljava/util/HashMap$Node; @ 126
Event: 1.237 Thread 0x0000000002200800 Uncommon trap: reason=unstable_if action=reinterpret pc=0x000000000265939c method=com.android.dx.rop.cst.Constant.compareTo(Lcom/android/dx/rop/cst/Constant;)I @ 12
Event: 1.249 Thread 0x0000000002200800 Uncommon trap: reason=class_check action=maybe_recompile pc=0x00000000027eec54 method=java.util.HashMap.putVal(ILjava/lang/Object;Ljava/lang/Object;ZZ)Ljava/lang/Object; @ 203
Event: 1.667 Thread 0x00000000164db800 Uncommon trap: reason=class_check action=maybe_recompile pc=0x00000000029722c8 method=com.android.dx.cf.code.BytecodeArray.parseInstruction(ILcom/android/dx/cf/code/BytecodeArray$Visitor;)I @ 1003
Event: 1.673 Thread 0x00000000164db800 Uncommon trap: reason=class_check action=maybe_recompile pc=0x00000000027eec54 method=java.util.HashMap.putVal(ILjava/lang/Object;Ljava/lang/Object;ZZ)Ljava/lang/Object; @ 203
Event: 1.821 Thread 0x00000000164ab000 Uncommon trap: reason=bimorphic action=maybe_recompile pc=0x0000000002972234 method=com.android.dx.cf.code.BytecodeArray.parseInstruction(ILcom/android/dx/cf/code/BytecodeArray$Visitor;)I @ 971
Event: 1.821 Thread 0x00000000164ab000 Uncommon trap: reason=bimorphic action=maybe_recompile pc=0x0000000002974704 method=com.android.dx.cf.code.BytecodeArray.parseInstruction(ILcom/android/dx/cf/code/BytecodeArray$Visitor;)I @ 2484
Event: 1.821 Thread 0x00000000164ab000 Uncommon trap: reason=bimorphic action=maybe_recompile pc=0x0000000002972234 method=com.android.dx.cf.code.BytecodeArray.parseInstruction(ILcom/android/dx/cf/code/BytecodeArray$Visitor;)I @ 971
Event: 1.821 Thread 0x00000000164ab000 Uncommon trap: reason=bimorphic action=maybe_recompile pc=0x0000000002974704 method=com.android.dx.cf.code.BytecodeArray.parseInstruction(ILcom/android/dx/cf/code/BytecodeArray$Visitor;)I @ 2484
Event: 1.842 Thread 0x00000000164d9800 Uncommon trap: reason=bimorphic action=maybe_recompile pc=0x000000000298e99c method=com.android.dx.ssa.LiteralOpUpgrader.tryReplacingWithConstant(Lcom/android/dx/ssa/NormalSsaInsn;)Z @ 62

Internal exceptions (3 events):
Event: 0.090 Thread 0x0000000002200800 Exception <a 'java/lang/NoSuchMethodError': Method sun.misc.Unsafe.defineClass(Ljava/lang/String;[BII)Ljava/lang/Class; name or signature does not match> (0x00000000eab0d0f0) thrown at [C:\re\workspace\8-2-build-windows-amd64-cygwin\jdk8u51\3951\hotspot\srö3ðƒg·?
Event: 0.090 Thread 0x0000000002200800 Exception <a 'java/lang/NoSuchMethodError': Method sun.misc.Unsafe.prefetchRead(Ljava/lang/Object;J)V name or signature does not match> (0x00000000eab0d380) thrown at [C:\re\workspace\8-2-build-windows-amd64-cygwin\jdk8u51\3951\hotspot\src\share\vm\prims\j÷®áµsÚæ?
Event: 0.714 Thread 0x00000000164db800 Implicit null exception at 0x0000000002641cd3 to 0x00000000026449f1

Events (10 events):
Event: 1.821 Thread 0x00000000164ab000 DEOPT UNPACKING pc=0x000000000234582a sp=0x000000001694e998 mode 2
Event: 1.821 Thread 0x00000000164ab000 Uncommon trap: trap_request=0xffffffc6 fr.pc=0x0000000002972234
Event: 1.821 Thread 0x00000000164ab000 DEOPT PACKING pc=0x0000000002972234 sp=0x000000001694e850
Event: 1.821 Thread 0x00000000164ab000 DEOPT UNPACKING pc=0x000000000234582a sp=0x000000001694e7f8 mode 2
Event: 1.821 Thread 0x00000000164ab000 Uncommon trap: trap_request=0xffffffc6 fr.pc=0x0000000002974704
Event: 1.821 Thread 0x00000000164ab000 DEOPT PACKING pc=0x0000000002974704 sp=0x000000001694e850
Event: 1.821 Thread 0x00000000164ab000 DEOPT UNPACKING pc=0x000000000234582a sp=0x000000001694e7f8 mode 2
Event: 1.842 Thread 0x00000000164d9800 Uncommon trap: trap_request=0xffffffc6 fr.pc=0x000000000298e99c
Event: 1.842 Thread 0x00000000164d9800 DEOPT PACKING pc=0x000000000298e99c sp=0x0000000016c4e9c0
Event: 1.842 Thread 0x00000000164d9800 DEOPT UNPACKING pc=0x000000000234582a sp=0x0000000016c4e960 mode 2


Dynamic libraries:
0x00007ff7540c0000 - 0x00007ff7540f7000 	C:\Program Files\Java\jdk1.8.0_51\bin\java.exe
0x00007ffdef5c0000 - 0x00007ffdef76d000 	C:\WINDOWS\SYSTEM32\ntdll.dll
0x00007ffdee8e0000 - 0x00007ffdeea1e000 	C:\WINDOWS\system32\KERNEL32.DLL
0x00007ffdecb20000 - 0x00007ffdecc35000 	C:\WINDOWS\system32\KERNELBASE.dll
0x00007ffdeb2b0000 - 0x00007ffdeb33e000 	C:\WINDOWS\system32\apphelp.dll
0x00007ffddd990000 - 0x00007ffddd9e3000 	C:\WINDOWS\AppPatch\AppPatch64\AcGenral.DLL
0x00007ffdef470000 - 0x00007ffdef51a000 	C:\WINDOWS\system32\msvcrt.dll
0x00007ffdec4e0000 - 0x00007ffdec50e000 	C:\WINDOWS\SYSTEM32\SspiCli.dll
0x00007ffdee880000 - 0x00007ffdee8d4000 	C:\WINDOWS\system32\SHLWAPI.dll
0x00007ffdeee10000 - 0x00007ffdeef87000 	C:\WINDOWS\system32\USER32.dll
0x00007ffdee460000 - 0x00007ffdee5f4000 	C:\WINDOWS\system32\ole32.dll
0x00007ffdece00000 - 0x00007ffdee32a000 	C:\WINDOWS\system32\SHELL32.dll
0x00007ffdebcb0000 - 0x00007ffdebcd1000 	C:\WINDOWS\SYSTEM32\USERENV.dll
0x00007ffdeea20000 - 0x00007ffdeeaca000 	C:\WINDOWS\system32\ADVAPI32.dll
0x00007ffde63c0000 - 0x00007ffde63de000 	C:\WINDOWS\SYSTEM32\MPR.dll
0x00007ffdee6c0000 - 0x00007ffdee801000 	C:\WINDOWS\system32\RPCRT4.dll
0x00007ffdee330000 - 0x00007ffdee389000 	C:\WINDOWS\SYSTEM32\sechost.dll
0x00007ffdef250000 - 0x00007ffdef461000 	C:\WINDOWS\SYSTEM32\combase.dll
0x00007ffdef100000 - 0x00007ffdef250000 	C:\WINDOWS\system32\GDI32.dll
0x00007ffdec710000 - 0x00007ffdec725000 	C:\WINDOWS\SYSTEM32\profapi.dll
0x00007ffdeac60000 - 0x00007ffdead12000 	C:\WINDOWS\SYSTEM32\SHCORE.dll
0x00007ffdef580000 - 0x00007ffdef5b6000 	C:\WINDOWS\system32\IMM32.DLL
0x00007ffdeef90000 - 0x00007ffdef0e2000 	C:\WINDOWS\system32\MSCTF.dll
0x00007ffdea7e0000 - 0x00007ffdeaa5b000 	C:\WINDOWS\WinSxS\amd64_microsoft.windows.common-controls_6595b64144ccf1df_6.0.9600.18006_none_623f33d3ecbe86e8\COMCTL32.dll
0x0000000071b10000 - 0x0000000071be2000 	C:\Program Files\Java\jdk1.8.0_51\jre\bin\msvcr100.dll
0x000000006f920000 - 0x00000000701a3000 	C:\Program Files\Java\jdk1.8.0_51\jre\bin\server\jvm.dll
0x00007ffde4220000 - 0x00007ffde4229000 	C:\WINDOWS\SYSTEM32\WSOCK32.dll
0x00007ffdea360000 - 0x00007ffdea382000 	C:\WINDOWS\SYSTEM32\WINMM.dll
0x00007ffdea390000 - 0x00007ffdea39a000 	C:\WINDOWS\SYSTEM32\VERSION.dll
0x00007ffdeed90000 - 0x00007ffdeed97000 	C:\WINDOWS\system32\PSAPI.DLL
0x00007ffdeeda0000 - 0x00007ffdeedfa000 	C:\WINDOWS\system32\WS2_32.dll
0x00007ffdea290000 - 0x00007ffdea2ba000 	C:\WINDOWS\SYSTEM32\WINMMBASE.dll
0x00007ffdef0f0000 - 0x00007ffdef0f9000 	C:\WINDOWS\system32\NSI.dll
0x00007ffdec9c0000 - 0x00007ffdeca0f000 	C:\WINDOWS\SYSTEM32\cfgmgr32.dll
0x00007ffdeb520000 - 0x00007ffdeb548000 	C:\WINDOWS\SYSTEM32\DEVOBJ.dll
0x0000000071b00000 - 0x0000000071b0f000 	C:\Program Files\Java\jdk1.8.0_51\jre\bin\verify.dll
0x0000000071ad0000 - 0x0000000071af9000 	C:\Program Files\Java\jdk1.8.0_51\jre\bin\java.dll
0x000000006f900000 - 0x000000006f916000 	C:\Program Files\Java\jdk1.8.0_51\jre\bin\zip.dll
0x00007ffde7100000 - 0x00007ffde7289000 	C:\WINDOWS\SYSTEM32\dbghelp.dll

VM Arguments:
jvm_args: -Djava.awt.headless=true -Xmx1024M -Dfile.encoding=windows-1252 -Duser.country=US -Duser.language=en -Duser.variant 
java_command: com.android.dx.command.Main --dex --num-threads=4 --output C:\Users\Jason\Documents\GitHub\Avalanche\Avalanche\app\build\intermediates\pre-dexed\debug\com.android.support-appcompat-v7-23.3.0_ca377938ef2587857e8fe4d8be9f04f71f25680f.jar C:\Users\Jason\Documents\GitHub\Avalanche\Avalanche\app\build\intermediates\exploded-aar\com.android.support\appcompat-v7\23.3.0\jars\classes.jar
java_class_path (initial): C:\Users\Jason\AppData\Local\Android\sdk\build-tools\23.0.0\lib\dx.jar
Launcher Type: SUN_STANDARD

Environment Variables:
PATH=C:\ProgramData\Oracle\Java\javapath;C:\yagarto-tools-20070303\bin;C:\SysGCC\Beaglebone\bin;C:\Program Files (x86)\Quest Software\vWorkspace Client\pntsc.exe;C:\Program Files (x86)\QuickTime\QTSystem\;
USERNAME=Jason
OS=Windows_NT
PROCESSOR_IDENTIFIER=Intel64 Family 6 Model 58 Stepping 9, GenuineIntel



---------------  S Y S T E M  ---------------

OS: Windows 8.1 , 64 bit Build 9600 (6.3.9600.17415)

CPU:total 4 (2 cores per cpu, 2 threads per core) family 6 model 58 stepping 9, cmov, cx8, fxsr, mmx, sse, sse2, sse3, ssse3, sse4.1, sse4.2, popcnt, avx, aes, clmul, erms, ht, tsc, tscinvbit, tscinv

Memory: 4k page, physical 8275224k(1015736k free), swap 10372376k(5808k free)

vm_info: Java HotSpot(TM) 64-Bit Server VM (25.51-b03) for windows-amd64 JRE (1.8.0_51-b16), built on Jun  8 2015 18:03:07 by "java_re" with MS VC++ 10.0 (VS2010)

time: Sun Apr 24 19:37:35 2016
elapsed time: 1 seconds (0d 0h 0m 1s)

