#
# There is insufficient memory for the Java Runtime Environment to continue.
# Native memory allocation (malloc) failed to allocate 32744 bytes for ChunkPool::allocate
# Possible reasons:
#   The system is out of physical RAM or swap space
#   In 32 bit mode, the process size limit was hit
# Possible solutions:
#   Reduce memory load on the system
#   Increase physical memory or swap space
#   Check if swap backing store is full
#   Use 64 bit Java on a 64 bit OS
#   Decrease Java heap size (-Xmx/-Xms)
#   Decrease number of Java threads
#   Decrease Java thread stack sizes (-Xss)
#   Set larger code cache with -XX:ReservedCodeCacheSize=
# This output file may be truncated or incomplete.
#
#  Out of Memory Error (allocation.cpp:273), pid=9488, tid=7688
#
# JRE version: Java(TM) SE Runtime Environment (8.0_51-b16) (build 1.8.0_51-b16)
# Java VM: Java HotSpot(TM) 64-Bit Server VM (25.51-b03 mixed mode windows-amd64 compressed oops)
# Failed to write core dump. Minidumps are not enabled by default on client versions of Windows
#

---------------  T H R E A D  ---------------

Current thread (0x0000000014af9800):  JavaThread "C1 CompilerThread2" daemon [_thread_in_native, id=7688, stack(0x0000000016200000,0x0000000016300000)]

Stack: [0x0000000016200000,0x0000000016300000]
Native frames: (J=compiled Java code, j=interpreted, Vv=VM code, C=native code)
V  [jvm.dll+0x32b4ca]
V  [jvm.dll+0x2797e3]
V  [jvm.dll+0x27a479]
V  [jvm.dll+0x271765]
V  [jvm.dll+0xcb824]
V  [jvm.dll+0xcba47]
V  [jvm.dll+0xcbecc]
V  [jvm.dll+0x4029d2]
V  [jvm.dll+0x419c9e]
V  [jvm.dll+0x41a75c]
V  [jvm.dll+0x406046]
V  [jvm.dll+0x4061f1]
V  [jvm.dll+0x4063b2]
V  [jvm.dll+0x406581]
V  [jvm.dll+0x40678f]
V  [jvm.dll+0xa43a2]
V  [jvm.dll+0xa4cdf]
V  [jvm.dll+0x2418a4]
V  [jvm.dll+0x29846a]
C  [msvcr100.dll+0x21d9f]
C  [msvcr100.dll+0x21e3b]
C  [KERNEL32.DLL+0x13d2]
C  [ntdll.dll+0x154e4]


Current CompileTask:
C1:  23805 2422       3       com.android.dx.ssa.LiteralOpUpgrader$1::visitNonMoveInsn (203 bytes)


---------------  P R O C E S S  ---------------

Java Threads: ( => current thread )
  0x00000000022d0800 JavaThread "DestroyJavaVM" [_thread_blocked, id=6276, stack(0x00000000020d0000,0x00000000021d0000)]
  0x000000001630f800 JavaThread "Service Thread" daemon [_thread_blocked, id=9504, stack(0x0000000016700000,0x0000000016800000)]
=>0x0000000014af9800 JavaThread "C1 CompilerThread2" daemon [_thread_in_native, id=7688, stack(0x0000000016200000,0x0000000016300000)]
  0x0000000014af6800 JavaThread "C2 CompilerThread1" daemon [_thread_in_native, id=8528, stack(0x0000000016100000,0x0000000016200000)]
  0x0000000014a9e800 JavaThread "C2 CompilerThread0" daemon [_thread_in_native, id=10384, stack(0x0000000016000000,0x0000000016100000)]
  0x0000000014a9c800 JavaThread "Attach Listener" daemon [_thread_blocked, id=9928, stack(0x0000000015f00000,0x0000000016000000)]
  0x0000000014a9b000 JavaThread "Signal Dispatcher" daemon [_thread_blocked, id=7612, stack(0x0000000015e00000,0x0000000015f00000)]
  0x00000000023c7800 JavaThread "Finalizer" daemon [_thread_blocked, id=8020, stack(0x0000000015d00000,0x0000000015e00000)]
  0x00000000023be800 JavaThread "Reference Handler" daemon [_thread_blocked, id=2972, stack(0x0000000015c00000,0x0000000015d00000)]

Other Threads:
  0x0000000014a67800 VMThread [stack: 0x0000000015b00000,0x0000000015c00000] [id=10428]
  0x0000000016303800 WatcherThread [stack: 0x0000000016800000,0x0000000016900000] [id=11672]

VM state:not at safepoint (normal execution)

VM Mutex/Monitor currently owned by a thread: None

Heap:
 PSYoungGen      total 138240K, used 68482K [0x00000000eab00000, 0x00000000f3700000, 0x0000000100000000)
  eden space 133120K, 51% used [0x00000000eab00000,0x00000000eede0810,0x00000000f2d00000)
  from space 5120K, 0% used [0x00000000f3200000,0x00000000f3200000,0x00000000f3700000)
  to   space 5120K, 0% used [0x00000000f2d00000,0x00000000f2d00000,0x00000000f3200000)
 ParOldGen       total 141824K, used 68590K [0x00000000c0000000, 0x00000000c8a80000, 0x00000000eab00000)
  object space 141824K, 48% used [0x00000000c0000000,0x00000000c42fba00,0x00000000c8a80000)
 Metaspace       used 6797K, capacity 7416K, committed 7680K, reserved 1056768K
  class space    used 660K, capacity 688K, committed 768K, reserved 1048576K

Card table byte_map: [0x0000000011790000,0x00000000119a0000] byte_map_base: 0x0000000011190000

Marking Bits: (ParMarkBitMap*) 0x0000000070124040
 Begin Bits: [0x0000000011f00000, 0x0000000012f00000)
 End Bits:   [0x0000000012f00000, 0x0000000013f00000)

Polling page: 0x0000000000870000

CodeCache: size=245760Kb used=11445Kb max_used=11460Kb free=234314Kb
 bounds [0x00000000023d0000, 0x0000000002f10000, 0x00000000113d0000]
 total_blobs=2475 nmethods=2198 adapters=189
 compilation: enabled

Compilation events (10 events):
Event: 16.082 Thread 0x0000000014af9800 2416       3       com.android.dx.cf.code.LocalVariableList::mergeDescriptorsAndSignatures (80 bytes)
Event: 16.083 Thread 0x0000000014af9800 nmethod 2416 0x0000000002ef6e50 code [0x0000000002ef70e0, 0x0000000002ef8338]
Event: 16.084 Thread 0x0000000014af6800 2417       4       com.android.dx.rop.code.LocalVariableExtractor::doit (49 bytes)
Event: 16.087 Thread 0x0000000014af6800 nmethod 2417 0x0000000002eafc50 code [0x0000000002eafda0, 0x0000000002eaff48]
Event: 16.093 Thread 0x0000000014af6800 2418       4       com.android.dx.ssa.SCCP::addUsersToWorklist (103 bytes)
Event: 16.130 Thread 0x0000000014af9800 2420       3       com.android.dx.cf.code.Frame::mergeWith (80 bytes)
Event: 16.132 Thread 0x0000000014af9800 nmethod 2420 0x0000000002eded10 code [0x0000000002edef40, 0x0000000002edff28]
Event: 16.191 Thread 0x0000000014af6800 nmethod 2418 0x0000000002f0a490 code [0x0000000002f0a7e0, 0x0000000002f0cad8]
Event: 16.191 Thread 0x0000000014af6800 2419   !   4       com.android.dx.cf.code.RopperMachine::run (1550 bytes)
Event: 16.227 Thread 0x0000000014af9800 2422       3       com.android.dx.ssa.LiteralOpUpgrader$1::visitNonMoveInsn (203 bytes)

GC Heap History (10 events):
Event: 1.606 GC heap before
{Heap before GC invocations=1 (full 0):
 PSYoungGen      total 38400K, used 33280K [0x00000000eab00000, 0x00000000ed580000, 0x0000000100000000)
  eden space 33280K, 100% used [0x00000000eab00000,0x00000000ecb80000,0x00000000ecb80000)
  from space 5120K, 0% used [0x00000000ed080000,0x00000000ed080000,0x00000000ed580000)
  to   space 5120K, 0% used [0x00000000ecb80000,0x00000000ecb80000,0x00000000ed080000)
 ParOldGen       total 87552K, used 0K [0x00000000c0000000, 0x00000000c5580000, 0x00000000eab00000)
  object space 87552K, 0% used [0x00000000c0000000,0x00000000c0000000,0x00000000c5580000)
 Metaspace       used 5944K, capacity 7024K, committed 7296K, reserved 1056768K
  class space    used 583K, capacity 616K, committed 640K, reserved 1048576K
Event: 1.625 GC heap after
Heap after GC invocations=1 (full 0):
 PSYoungGen      total 38400K, used 5112K [0x00000000eab00000, 0x00000000ef600000, 0x0000000100000000)
  eden space 33280K, 0% used [0x00000000eab00000,0x00000000eab00000,0x00000000ecb80000)
  from space 5120K, 99% used [0x00000000ecb80000,0x00000000ed07e038,0x00000000ed080000)
  to   space 5120K, 0% used [0x00000000ef100000,0x00000000ef100000,0x00000000ef600000)
 ParOldGen       total 87552K, used 1410K [0x00000000c0000000, 0x00000000c5580000, 0x00000000eab00000)
  object space 87552K, 1% used [0x00000000c0000000,0x00000000c0160880,0x00000000c5580000)
 Metaspace       used 5944K, capacity 7024K, committed 7296K, reserved 1056768K
  class space    used 583K, capacity 616K, committed 640K, reserved 1048576K
}
Event: 2.165 GC heap before
{Heap before GC invocations=2 (full 0):
 PSYoungGen      total 38400K, used 38392K [0x00000000eab00000, 0x00000000ef600000, 0x0000000100000000)
  eden space 33280K, 100% used [0x00000000eab00000,0x00000000ecb80000,0x00000000ecb80000)
  from space 5120K, 99% used [0x00000000ecb80000,0x00000000ed07e038,0x00000000ed080000)
  to   space 5120K, 0% used [0x00000000ef100000,0x00000000ef100000,0x00000000ef600000)
 ParOldGen       total 87552K, used 1410K [0x00000000c0000000, 0x00000000c5580000, 0x00000000eab00000)
  object space 87552K, 1% used [0x00000000c0000000,0x00000000c0160880,0x00000000c5580000)
 Metaspace       used 6092K, capacity 7088K, committed 7296K, reserved 1056768K
  class space    used 584K, capacity 616K, committed 640K, reserved 1048576K
Event: 2.245 GC heap after
Heap after GC invocations=2 (full 0):
 PSYoungGen      total 71680K, used 5114K [0x00000000eab00000, 0x00000000ef600000, 0x0000000100000000)
  eden space 66560K, 0% used [0x00000000eab00000,0x00000000eab00000,0x00000000eec00000)
  from space 5120K, 99% used [0x00000000ef100000,0x00000000ef5feac8,0x00000000ef600000)
  to   space 5120K, 0% used [0x00000000eec00000,0x00000000eec00000,0x00000000ef100000)
 ParOldGen       total 87552K, used 5702K [0x00000000c0000000, 0x00000000c5580000, 0x00000000eab00000)
  object space 87552K, 6% used [0x00000000c0000000,0x00000000c0591908,0x00000000c5580000)
 Metaspace       used 6092K, capacity 7088K, committed 7296K, reserved 1056768K
  class space    used 584K, capacity 616K, committed 640K, reserved 1048576K
}
Event: 3.924 GC heap before
{Heap before GC invocations=3 (full 0):
 PSYoungGen      total 71680K, used 71674K [0x00000000eab00000, 0x00000000ef600000, 0x0000000100000000)
  eden space 66560K, 100% used [0x00000000eab00000,0x00000000eec00000,0x00000000eec00000)
  from space 5120K, 99% used [0x00000000ef100000,0x00000000ef5feac8,0x00000000ef600000)
  to   space 5120K, 0% used [0x00000000eec00000,0x00000000eec00000,0x00000000ef100000)
 ParOldGen       total 87552K, used 5702K [0x00000000c0000000, 0x00000000c5580000, 0x00000000eab00000)
  object space 87552K, 6% used [0x00000000c0000000,0x00000000c0591908,0x00000000c5580000)
 Metaspace       used 6232K, capacity 7156K, committed 7296K, reserved 1056768K
  class space    used 604K, capacity 620K, committed 640K, reserved 1048576K
Event: 4.509 GC heap after
Heap after GC invocations=3 (full 0):
 PSYoungGen      total 71680K, used 5118K [0x00000000eab00000, 0x00000000f3700000, 0x0000000100000000)
  eden space 66560K, 0% used [0x00000000eab00000,0x00000000eab00000,0x00000000eec00000)
  from space 5120K, 99% used [0x00000000eec00000,0x00000000ef0ffab0,0x00000000ef100000)
  to   space 5120K, 0% used [0x00000000f3200000,0x00000000f3200000,0x00000000f3700000)
 ParOldGen       total 87552K, used 16279K [0x00000000c0000000, 0x00000000c5580000, 0x00000000eab00000)
  object space 87552K, 18% used [0x00000000c0000000,0x00000000c0fe5ff0,0x00000000c5580000)
 Metaspace       used 6232K, capacity 7156K, committed 7296K, reserved 1056768K
  class space    used 604K, capacity 620K, committed 640K, reserved 1048576K
}
Event: 6.685 GC heap before
{Heap before GC invocations=4 (full 0):
 PSYoungGen      total 71680K, used 71678K [0x00000000eab00000, 0x00000000f3700000, 0x0000000100000000)
  eden space 66560K, 100% used [0x00000000eab00000,0x00000000eec00000,0x00000000eec00000)
  from space 5120K, 99% used [0x00000000eec00000,0x00000000ef0ffab0,0x00000000ef100000)
  to   space 5120K, 0% used [0x00000000f3200000,0x00000000f3200000,0x00000000f3700000)
 ParOldGen       total 87552K, used 16279K [0x00000000c0000000, 0x00000000c5580000, 0x00000000eab00000)
  object space 87552K, 18% used [0x00000000c0000000,0x00000000c0fe5ff0,0x00000000c5580000)
 Metaspace       used 6291K, capacity 7156K, committed 7296K, reserved 1056768K
  class space    used 605K, capacity 620K, committed 640K, reserved 1048576K
Event: 6.914 GC heap after
Heap after GC invocations=4 (full 0):
 PSYoungGen      total 138240K, used 5110K [0x00000000eab00000, 0x00000000f3700000, 0x0000000100000000)
  eden space 133120K, 0% used [0x00000000eab00000,0x00000000eab00000,0x00000000f2d00000)
  from space 5120K, 99% used [0x00000000f3200000,0x00000000f36fd8d0,0x00000000f3700000)
  to   space 5120K, 0% used [0x00000000f2d00000,0x00000000f2d00000,0x00000000f3200000)
 ParOldGen       total 87552K, used 26117K [0x00000000c0000000, 0x00000000c5580000, 0x00000000eab00000)
  object space 87552K, 29% used [0x00000000c0000000,0x00000000c19817f8,0x00000000c5580000)
 Metaspace       used 6291K, capacity 7156K, committed 7296K, reserved 1056768K
  class space    used 605K, capacity 620K, committed 640K, reserved 1048576K
}
Event: 14.184 GC heap before
{Heap before GC invocations=5 (full 0):
 PSYoungGen      total 138240K, used 138230K [0x00000000eab00000, 0x00000000f3700000, 0x0000000100000000)
  eden space 133120K, 100% used [0x00000000eab00000,0x00000000f2d00000,0x00000000f2d00000)
  from space 5120K, 99% used [0x00000000f3200000,0x00000000f36fd8d0,0x00000000f3700000)
  to   space 5120K, 0% used [0x00000000f2d00000,0x00000000f2d00000,0x00000000f3200000)
 ParOldGen       total 87552K, used 26117K [0x00000000c0000000, 0x00000000c5580000, 0x00000000eab00000)
  object space 87552K, 29% used [0x00000000c0000000,0x00000000c19817f8,0x00000000c5580000)
 Metaspace       used 6350K, capacity 7220K, committed 7296K, reserved 1056768K
  class space    used 605K, capacity 620K, committed 640K, reserved 1048576K
Event: 15.334 GC heap after
Heap after GC invocations=5 (full 0):
 PSYoungGen      total 138240K, used 5089K [0x00000000eab00000, 0x00000000f3700000, 0x0000000100000000)
  eden space 133120K, 0% used [0x00000000eab00000,0x00000000eab00000,0x00000000f2d00000)
  from space 5120K, 99% used [0x00000000f2d00000,0x00000000f31f8590,0x00000000f3200000)
  to   space 5120K, 0% used [0x00000000f3200000,0x00000000f3200000,0x00000000f3700000)
 ParOldGen       total 87552K, used 46846K [0x00000000c0000000, 0x00000000c5580000, 0x00000000eab00000)
  object space 87552K, 53% used [0x00000000c0000000,0x00000000c2dbf998,0x00000000c5580000)
 Metaspace       used 6350K, capacity 7220K, committed 7296K, reserved 1056768K
  class space    used 605K, capacity 620K, committed 640K, reserved 1048576K
}

Deoptimization events (10 events):
Event: 15.399 Thread 0x00000000165e6000 Uncommon trap: reason=unstable_if action=reinterpret pc=0x0000000002d28740 method=com.android.dx.ssa.SCCP.simulateBranch(Lcom/android/dx/ssa/SsaInsn;)V @ 548
Event: 15.399 Thread 0x00000000165e6000 Uncommon trap: reason=unstable_if action=reinterpret pc=0x0000000002db5278 method=com.android.dx.ssa.SCCP.simulateStmt(Lcom/android/dx/ssa/SsaInsn;)V @ 435
Event: 15.402 Thread 0x00000000165e6000 Uncommon trap: reason=unstable_if action=reinterpret pc=0x0000000002d54524 method=com.android.dx.ssa.SCCP.replaceBranches()V @ 14
Event: 15.594 Thread 0x00000000165e1800 Uncommon trap: reason=unstable_if action=reinterpret pc=0x0000000002cddf74 method=com.android.dx.cf.code.Ropper.isSynchronized()Z @ 12
Event: 15.595 Thread 0x00000000165e1800 Uncommon trap: reason=unstable_if action=reinterpret pc=0x0000000002dec6fc method=com.android.dx.cf.code.Ropper.isSynchronized()Z @ 12
Event: 15.595 Thread 0x00000000165e1800 Uncommon trap: reason=unstable_if action=reinterpret pc=0x000000000296d914 method=com.android.dx.ssa.MoveParamCombiner$1.visitNonMoveInsn(Lcom/android/dx/ssa/NormalSsaInsn;)V @ 27
Event: 15.606 Thread 0x00000000165e6800 Uncommon trap: reason=bimorphic action=maybe_recompile pc=0x000000000298b02c method=com.android.dx.ssa.LiteralOpUpgrader.tryReplacingWithConstant(Lcom/android/dx/ssa/NormalSsaInsn;)Z @ 62
Event: 15.607 Thread 0x00000000165e6800 Uncommon trap: reason=unstable_if action=reinterpret pc=0x0000000002db32a0 method=com.android.dx.ssa.LiteralOpUpgrader$1.visitNonMoveInsn(Lcom/android/dx/ssa/NormalSsaInsn;)V @ 24
Event: 15.615 Thread 0x00000000165e6800 Uncommon trap: reason=bimorphic action=maybe_recompile pc=0x000000000298b02c method=com.android.dx.ssa.LiteralOpUpgrader.tryReplacingWithConstant(Lcom/android/dx/ssa/NormalSsaInsn;)Z @ 62
Event: 16.479 Thread 0x00000000165e6000 Uncommon trap: reason=unstable_if action=reinterpret pc=0x000000000297d72c method=com.android.dx.rop.code.LocalItem.compareHandlesNulls(Lcom/android/dx/rop/cst/CstString;Lcom/android/dx/rop/cst/CstString;)I @ 14

Internal exceptions (10 events):
Event: 0.158 Thread 0x00000000022d0800 Exception <a 'java/lang/NoSuchMethodError': Method sun.misc.Unsafe.defineClass(Ljava/lang/String;[BII)Ljava/lang/Class; name or signature does not match> (0x00000000eab0d168) thrown at [C:\re\workspace\8-2-build-windows-amd64-cygwin\jdk8u51\3951\hotspot\srøT#ãK,Ä?
Event: 0.158 Thread 0x00000000022d0800 Exception <a 'java/lang/NoSuchMethodError': Method sun.misc.Unsafe.prefetchRead(Ljava/lang/Object;J)V name or signature does not match> (0x00000000eab0d3f8) thrown at [C:\re\workspace\8-2-build-windows-amd64-cygwin\jdk8u51\3951\hotspot\src\share\vm\prims\j§ôÃ ù?
Event: 1.570 Thread 0x00000000165e1800 Implicit null exception at 0x00000000028696c6 to 0x000000000286ade9
Event: 2.346 Thread 0x00000000165e5000 Implicit null exception at 0x000000000288ce6d to 0x000000000288e285
Event: 2.806 Thread 0x00000000022d0800 Implicit null exception at 0x000000000294a7a2 to 0x000000000294a892
Event: 3.417 Thread 0x00000000165e1800 Exception <a 'java/lang/ArrayIndexOutOfBoundsException': 18> (0x00000000ee39ac20) thrown at [C:\re\workspace\8-2-build-windows-amd64-cygwin\jdk8u51\3951\hotspot\src\share\vm\interpreter\interpreterRuntime.cpp, line 366]
Event: 3.418 Thread 0x00000000165e1800 Exception <a 'java/lang/ArrayIndexOutOfBoundsException'> (0x00000000ee39c6f0) thrown at [C:\re\workspace\8-2-build-windows-amd64-cygwin\jdk8u51\3951\hotspot\src\share\vm\runtime\sharedRuntime.cpp, line 605]
Event: 3.419 Thread 0x00000000165e1800 Exception <a 'java/lang/ArrayIndexOutOfBoundsException'> (0x00000000ee39d928) thrown at [C:\re\workspace\8-2-build-windows-amd64-cygwin\jdk8u51\3951\hotspot\src\share\vm\runtime\sharedRuntime.cpp, line 605]
Event: 8.575 Thread 0x00000000165e1800 Implicit null exception at 0x0000000002bf19e8 to 0x0000000002bf6131
Event: 16.479 Thread 0x00000000165e6000 Implicit null exception at 0x000000000297c44e to 0x000000000297d6fd

Events (10 events):
Event: 16.248 Thread 0x00000000165e5000 DEOPT UNPACKING pc=0x000000000241787f sp=0x0000000016bfea80 mode 0
Event: 16.464 Thread 0x00000000165e1800 DEOPT PACKING pc=0x00000000028a3c17 sp=0x00000000169fe750
Event: 16.464 Thread 0x00000000165e1800 DEOPT UNPACKING pc=0x000000000241787f sp=0x00000000169fe508 mode 0
Event: 16.464 Thread 0x00000000165e1800 DEOPT PACKING pc=0x0000000002893ddd sp=0x00000000169fe830
Event: 16.464 Thread 0x00000000165e1800 DEOPT UNPACKING pc=0x000000000241787f sp=0x00000000169fe580 mode 0
Event: 16.473 Thread 0x00000000165e5000 DEOPT PACKING pc=0x00000000028a9872 sp=0x0000000016bfee50
Event: 16.473 Thread 0x00000000165e5000 DEOPT UNPACKING pc=0x000000000241787f sp=0x0000000016bfebc8 mode 0
Event: 16.479 Thread 0x00000000165e6000 Uncommon trap: trap_request=0xffffff65 fr.pc=0x000000000297d72c
Event: 16.479 Thread 0x00000000165e6000 DEOPT PACKING pc=0x000000000297d72c sp=0x0000000016cfecf0
Event: 16.479 Thread 0x00000000165e6000 DEOPT UNPACKING pc=0x000000000241582a sp=0x0000000016cfead8 mode 2


Dynamic libraries:
0x00007ff6fe840000 - 0x00007ff6fe877000 	C:\Program Files\Java\jdk1.8.0_51\bin\java.exe
0x00007ffdef5c0000 - 0x00007ffdef76d000 	C:\WINDOWS\SYSTEM32\ntdll.dll
0x00007ffdee8e0000 - 0x00007ffdeea1e000 	C:\WINDOWS\system32\KERNEL32.DLL
0x00007ffdecb20000 - 0x00007ffdecc35000 	C:\WINDOWS\system32\KERNELBASE.dll
0x00007ffdeb2b0000 - 0x00007ffdeb33e000 	C:\WINDOWS\system32\apphelp.dll
0x00007ffddf1e0000 - 0x00007ffddf233000 	C:\WINDOWS\AppPatch\AppPatch64\AcGenral.DLL
0x00007ffdef470000 - 0x00007ffdef51a000 	C:\WINDOWS\system32\msvcrt.dll
0x00007ffdec4e0000 - 0x00007ffdec50e000 	C:\WINDOWS\SYSTEM32\SspiCli.dll
0x00007ffdee880000 - 0x00007ffdee8d4000 	C:\WINDOWS\system32\SHLWAPI.dll
0x00007ffdeee10000 - 0x00007ffdeef87000 	C:\WINDOWS\system32\USER32.dll
0x00007ffdee460000 - 0x00007ffdee5f4000 	C:\WINDOWS\system32\ole32.dll
0x00007ffdece00000 - 0x00007ffdee32a000 	C:\WINDOWS\system32\SHELL32.dll
0x00007ffdebcb0000 - 0x00007ffdebcd1000 	C:\WINDOWS\SYSTEM32\USERENV.dll
0x00007ffdeea20000 - 0x00007ffdeeaca000 	C:\WINDOWS\system32\ADVAPI32.dll
0x00007ffde63c0000 - 0x00007ffde63de000 	C:\WINDOWS\SYSTEM32\MPR.dll
0x00007ffdee6c0000 - 0x00007ffdee801000 	C:\WINDOWS\system32\RPCRT4.dll
0x00007ffdee330000 - 0x00007ffdee389000 	C:\WINDOWS\SYSTEM32\sechost.dll
0x00007ffdef250000 - 0x00007ffdef461000 	C:\WINDOWS\SYSTEM32\combase.dll
0x00007ffdef100000 - 0x00007ffdef250000 	C:\WINDOWS\system32\GDI32.dll
0x00007ffdec710000 - 0x00007ffdec725000 	C:\WINDOWS\SYSTEM32\profapi.dll
0x00007ffdeac60000 - 0x00007ffdead12000 	C:\WINDOWS\SYSTEM32\SHCORE.dll
0x00007ffdef580000 - 0x00007ffdef5b6000 	C:\WINDOWS\system32\IMM32.DLL
0x00007ffdeef90000 - 0x00007ffdef0e2000 	C:\WINDOWS\system32\MSCTF.dll
0x00007ffdea7e0000 - 0x00007ffdeaa5b000 	C:\WINDOWS\WinSxS\amd64_microsoft.windows.common-controls_6595b64144ccf1df_6.0.9600.18006_none_623f33d3ecbe86e8\COMCTL32.dll
0x0000000073370000 - 0x0000000073442000 	C:\Program Files\Java\jdk1.8.0_51\jre\bin\msvcr100.dll
0x000000006f920000 - 0x00000000701a3000 	C:\Program Files\Java\jdk1.8.0_51\jre\bin\server\jvm.dll
0x00007ffde4220000 - 0x00007ffde4229000 	C:\WINDOWS\SYSTEM32\WSOCK32.dll
0x00007ffdea360000 - 0x00007ffdea382000 	C:\WINDOWS\SYSTEM32\WINMM.dll
0x00007ffdea390000 - 0x00007ffdea39a000 	C:\WINDOWS\SYSTEM32\VERSION.dll
0x00007ffdeed90000 - 0x00007ffdeed97000 	C:\WINDOWS\system32\PSAPI.DLL
0x00007ffdeeda0000 - 0x00007ffdeedfa000 	C:\WINDOWS\system32\WS2_32.dll
0x00007ffdea290000 - 0x00007ffdea2ba000 	C:\WINDOWS\SYSTEM32\WINMMBASE.dll
0x00007ffdef0f0000 - 0x00007ffdef0f9000 	C:\WINDOWS\system32\NSI.dll
0x00007ffdec9c0000 - 0x00007ffdeca0f000 	C:\WINDOWS\SYSTEM32\cfgmgr32.dll
0x00007ffdeb520000 - 0x00007ffdeb548000 	C:\WINDOWS\SYSTEM32\DEVOBJ.dll
0x0000000073360000 - 0x000000007336f000 	C:\Program Files\Java\jdk1.8.0_51\jre\bin\verify.dll
0x0000000073330000 - 0x0000000073359000 	C:\Program Files\Java\jdk1.8.0_51\jre\bin\java.dll
0x0000000073310000 - 0x0000000073326000 	C:\Program Files\Java\jdk1.8.0_51\jre\bin\zip.dll
0x00007ffde7100000 - 0x00007ffde7289000 	C:\WINDOWS\SYSTEM32\dbghelp.dll

VM Arguments:
jvm_args: -Djava.awt.headless=true -Xmx1024M -Dfile.encoding=windows-1252 -Duser.country=US -Duser.language=en -Duser.variant 
java_command: com.android.dx.command.Main --dex --force-jumbo --num-threads=4 --multi-dex --output C:\Users\Jason\Documents\GitHub\Avalanche\Avalanche\app\build\intermediates\transforms\dex\debug\folders\1000\10\com.android.support-support-v4-23.3.0_46d80a8a1c91786605a1ea31a3139a12651647cd C:\Users\Jason\Documents\GitHub\Avalanche\Avalanche\app\build\intermediates\exploded-aar\com.android.support\support-v4\23.3.0\jars\classes.jar
java_class_path (initial): C:\Users\Jason\AppData\Local\Android\sdk\build-tools\23.0.0\lib\dx.jar
Launcher Type: SUN_STANDARD

Environment Variables:
PATH=C:\ProgramData\Oracle\Java\javapath;C:\yagarto-tools-20070303\bin;C:\SysGCC\Beaglebone\bin;C:\Program Files (x86)\Quest Software\vWorkspace Client\pntsc.exe;
USERNAME=Jason
OS=Windows_NT
PROCESSOR_IDENTIFIER=Intel64 Family 6 Model 58 Stepping 9, GenuineIntel



---------------  S Y S T E M  ---------------

OS: Windows 8.1 , 64 bit Build 9600 (6.3.9600.17415)

CPU:total 4 (2 cores per cpu, 2 threads per core) family 6 model 58 stepping 9, cmov, cx8, fxsr, mmx, sse, sse2, sse3, ssse3, sse4.1, sse4.2, popcnt, avx, aes, clmul, erms, ht, tsc, tscinvbit, tscinv

Memory: 4k page, physical 8275224k(1143348k free), swap 10372376k(501584k free)

vm_info: Java HotSpot(TM) 64-Bit Server VM (25.51-b03) for windows-amd64 JRE (1.8.0_51-b16), built on Jun  8 2015 18:03:07 by "java_re" with MS VC++ 10.0 (VS2010)

time: Mon Apr 25 18:32:43 2016
elapsed time: 24 seconds (0d 0h 0m 24s)

