#
# There is insufficient memory for the Java Runtime Environment to continue.
# Native memory allocation (malloc) failed to allocate 65552 bytes for Chunk::new
# Possible reasons:
#   The system is out of physical RAM or swap space
#   In 32 bit mode, the process size limit was hit
# Possible solutions:
#   Reduce memory load on the system
#   Increase physical memory or swap space
#   Check if swap backing store is full
#   Use 64 bit Java on a 64 bit OS
#   Decrease Java heap size (-Xmx/-Xms)
#   Decrease number of Java threads
#   Decrease Java thread stack sizes (-Xss)
#   Set larger code cache with -XX:ReservedCodeCacheSize=
# This output file may be truncated or incomplete.
#
#  Out of Memory Error (allocation.cpp:390), pid=8320, tid=6072
#
# JRE version: Java(TM) SE Runtime Environment (8.0_51-b16) (build 1.8.0_51-b16)
# Java VM: Java HotSpot(TM) 64-Bit Server VM (25.51-b03 mixed mode windows-amd64 compressed oops)
# Failed to write core dump. Minidumps are not enabled by default on client versions of Windows
#

---------------  T H R E A D  ---------------

Current thread (0x0000000014c1f800):  JavaThread "C2 CompilerThread1" daemon [_thread_in_native, id=6072, stack(0x0000000016280000,0x0000000016380000)]

Stack: [0x0000000016280000,0x0000000016380000]
Native frames: (J=compiled Java code, j=interpreted, Vv=VM code, C=native code)
V  [jvm.dll+0x32b4ca]
V  [jvm.dll+0x2797e3]
V  [jvm.dll+0x27a479]
V  [jvm.dll+0x271765]
V  [jvm.dll+0xcba02]
V  [jvm.dll+0xcbecc]
V  [jvm.dll+0xcc224]
V  [jvm.dll+0x4ea2b0]
V  [jvm.dll+0x502e73]
V  [jvm.dll+0x4fa2ae]
V  [jvm.dll+0x4fd2fe]
V  [jvm.dll+0x4f5f37]
V  [jvm.dll+0x4f62b9]
V  [jvm.dll+0x4f684f]
V  [jvm.dll+0x4510a0]
V  [jvm.dll+0x475db1]
V  [jvm.dll+0x4fd325]
V  [jvm.dll+0x4f5f37]
V  [jvm.dll+0x4f62b9]
V  [jvm.dll+0x4f684f]
V  [jvm.dll+0x4510a0]
V  [jvm.dll+0x475db1]
V  [jvm.dll+0x4fd325]
V  [jvm.dll+0x4f5f37]
V  [jvm.dll+0x4f62b9]
V  [jvm.dll+0x4f684f]
V  [jvm.dll+0x4510a0]
V  [jvm.dll+0x46cb55]
V  [jvm.dll+0x4501a2]
V  [jvm.dll+0xa43a2]
V  [jvm.dll+0xa4cdf]
V  [jvm.dll+0x2418a4]
V  [jvm.dll+0x29846a]
C  [msvcr100.dll+0x21d9f]
C  [msvcr100.dll+0x21e3b]
C  [KERNEL32.DLL+0x13d2]
C  [ntdll.dll+0x154e4]


Current CompileTask:
C2:   3081 1380   !   4       com.android.dx.cf.code.BytecodeArray::parseInstruction (2764 bytes)


---------------  P R O C E S S  ---------------

Java Threads: ( => current thread )
  0x00000000166e2800 JavaThread "pool-1-thread-4" [_thread_blocked, id=5684, stack(0x0000000016e80000,0x0000000016f80000)]
  0x00000000166e0000 JavaThread "pool-1-thread-3" [_thread_blocked, id=10348, stack(0x0000000016d80000,0x0000000016e80000)]
  0x00000000166df000 JavaThread "pool-1-thread-2" [_thread_blocked, id=6668, stack(0x0000000016c80000,0x0000000016d80000)]
  0x00000000166de800 JavaThread "pool-2-thread-1" [_thread_blocked, id=9476, stack(0x0000000016b80000,0x0000000016c80000)]
  0x00000000166d2000 JavaThread "pool-1-thread-1" [_thread_blocked, id=3048, stack(0x0000000016a80000,0x0000000016b80000)]
  0x0000000014c7e800 JavaThread "Service Thread" daemon [_thread_blocked, id=11928, stack(0x0000000016880000,0x0000000016980000)]
  0x0000000014c23000 JavaThread "C1 CompilerThread2" daemon [_thread_blocked, id=5820, stack(0x0000000016380000,0x0000000016480000)]
=>0x0000000014c1f800 JavaThread "C2 CompilerThread1" daemon [_thread_in_native, id=6072, stack(0x0000000016280000,0x0000000016380000)]
  0x0000000014c1d800 JavaThread "C2 CompilerThread0" daemon [_thread_in_native, id=11128, stack(0x0000000016180000,0x0000000016280000)]
  0x0000000014c1b800 JavaThread "Attach Listener" daemon [_thread_blocked, id=9176, stack(0x0000000016080000,0x0000000016180000)]
  0x0000000014c1a000 JavaThread "Signal Dispatcher" daemon [_thread_blocked, id=7652, stack(0x0000000015f80000,0x0000000016080000)]
  0x0000000002547800 JavaThread "Finalizer" daemon [_thread_blocked, id=6152, stack(0x0000000015e80000,0x0000000015f80000)]
  0x000000000253e800 JavaThread "Reference Handler" daemon [_thread_blocked, id=11332, stack(0x0000000015d80000,0x0000000015e80000)]
  0x0000000002450800 JavaThread "main" [_thread_in_native, id=11680, stack(0x0000000002350000,0x0000000002450000)]

Other Threads:
  0x0000000014be7800 VMThread [stack: 0x0000000015c80000,0x0000000015d80000] [id=8244]
  0x0000000016492000 WatcherThread [stack: 0x0000000016980000,0x0000000016a80000] [id=880]

VM state:not at safepoint (normal execution)

VM Mutex/Monitor currently owned by a thread: None

Heap:
 PSYoungGen      total 38400K, used 32962K [0x00000000eab00000, 0x00000000ed580000, 0x0000000100000000)
  eden space 33280K, 83% used [0x00000000eab00000,0x00000000ec632ea0,0x00000000ecb80000)
  from space 5120K, 99% used [0x00000000ecb80000,0x00000000ed07dc88,0x00000000ed080000)
  to   space 5120K, 0% used [0x00000000ed080000,0x00000000ed080000,0x00000000ed580000)
 ParOldGen       total 87552K, used 1283K [0x00000000c0000000, 0x00000000c5580000, 0x00000000eab00000)
  object space 87552K, 1% used [0x00000000c0000000,0x00000000c0140da0,0x00000000c5580000)
 Metaspace       used 6016K, capacity 7024K, committed 7296K, reserved 1056768K
  class space    used 585K, capacity 616K, committed 640K, reserved 1048576K

Card table byte_map: [0x0000000011910000,0x0000000011b20000] byte_map_base: 0x0000000011310000

Marking Bits: (ParMarkBitMap*) 0x0000000070124040
 Begin Bits: [0x0000000012080000, 0x0000000013080000)
 End Bits:   [0x0000000013080000, 0x0000000014080000)

Polling page: 0x0000000002250000

CodeCache: size=245760Kb used=5771Kb max_used=5771Kb free=239988Kb
 bounds [0x0000000002550000, 0x0000000002b00000, 0x0000000011550000]
 total_blobs=1685 nmethods=1415 adapters=182
 compilation: disabled (not enough contiguous free space left)

Compilation events (10 events):
Event: 2.918 Thread 0x0000000014c1d800 nmethod 1359 0x0000000002aaccd0 code [0x0000000002aace40, 0x0000000002aad068]
Event: 2.927 Thread 0x0000000014c1f800 1376       4       com.android.dx.cf.code.ByteOps::opInfo (6 bytes)
Event: 2.928 Thread 0x0000000014c1f800 nmethod 1376 0x00000000028f2490 code [0x00000000028f25c0, 0x00000000028f2618]
Event: 2.928 Thread 0x0000000014c1d800 1377       4       com.android.dx.rop.code.ThrowingCstInsn::<init> (51 bytes)
Event: 2.930 Thread 0x0000000014c1d800 nmethod 1377 0x0000000002ac7e50 code [0x0000000002ac7fa0, 0x0000000002ac8158]
Event: 2.931 Thread 0x0000000014c1f800 1378       4       com.android.dx.rop.code.PlainInsn::withNewRegisters (18 bytes)
Event: 2.933 Thread 0x0000000014c1f800 nmethod 1378 0x0000000002ac8350 code [0x0000000002ac84a0, 0x0000000002ac8658]
Event: 2.939 Thread 0x0000000014c1d800 1379       4       com.android.dx.cf.iface.StdAttributeList::findFirst (44 bytes)
Event: 2.942 Thread 0x0000000014c1d800 nmethod 1379 0x0000000002ac77d0 code [0x0000000002ac7920, 0x0000000002ac7bf8]
Event: 2.942 Thread 0x0000000014c1f800 1380   !   4       com.android.dx.cf.code.BytecodeArray::parseInstruction (2764 bytes)

GC Heap History (2 events):
Event: 2.624 GC heap before
{Heap before GC invocations=1 (full 0):
 PSYoungGen      total 38400K, used 33280K [0x00000000eab00000, 0x00000000ed580000, 0x0000000100000000)
  eden space 33280K, 100% used [0x00000000eab00000,0x00000000ecb80000,0x00000000ecb80000)
  from space 5120K, 0% used [0x00000000ed080000,0x00000000ed080000,0x00000000ed580000)
  to   space 5120K, 0% used [0x00000000ecb80000,0x00000000ecb80000,0x00000000ed080000)
 ParOldGen       total 87552K, used 0K [0x00000000c0000000, 0x00000000c5580000, 0x00000000eab00000)
  object space 87552K, 0% used [0x00000000c0000000,0x00000000c0000000,0x00000000c5580000)
 Metaspace       used 5940K, capacity 7024K, committed 7296K, reserved 1056768K
  class space    used 585K, capacity 616K, committed 640K, reserved 1048576K
Event: 2.898 GC heap after
Heap after GC invocations=1 (full 0):
 PSYoungGen      total 38400K, used 5111K [0x00000000eab00000, 0x00000000ed580000, 0x0000000100000000)
  eden space 33280K, 0% used [0x00000000eab00000,0x00000000eab00000,0x00000000ecb80000)
  from space 5120K, 99% used [0x00000000ecb80000,0x00000000ed07dc88,0x00000000ed080000)
  to   space 5120K, 0% used [0x00000000ed080000,0x00000000ed080000,0x00000000ed580000)
 ParOldGen       total 87552K, used 1283K [0x00000000c0000000, 0x00000000c5580000, 0x00000000eab00000)
  object space 87552K, 1% used [0x00000000c0000000,0x00000000c0140da0,0x00000000c5580000)
 Metaspace       used 5940K, capacity 7024K, committed 7296K, reserved 1056768K
  class space    used 585K, capacity 616K, committed 640K, reserved 1048576K
}

Deoptimization events (9 events):
Event: 0.820 Thread 0x00000000166d2000 Uncommon trap: reason=unstable_if action=reinterpret pc=0x000000000277c140 method=java.util.HashMap.getNode(ILjava/lang/Object;)Ljava/util/HashMap$Node; @ 129
Event: 0.821 Thread 0x00000000166e0000 Uncommon trap: reason=unstable_if action=reinterpret pc=0x000000000277b730 method=java.util.BitSet.nextSetBit(I)I @ 87
Event: 1.974 Thread 0x00000000166e0000 Uncommon trap: reason=null_check action=make_not_entrant pc=0x00000000028adc20 method=com.android.dx.rop.type.Type.equals(Ljava/lang/Object;)Z @ 8
Event: 2.922 Thread 0x00000000166d2000 Uncommon trap: reason=bimorphic action=maybe_recompile pc=0x0000000002abad84 method=com.android.dx.cf.code.BytecodeArray.parseInstruction(ILcom/android/dx/cf/code/BytecodeArray$Visitor;)I @ 939
Event: 2.922 Thread 0x00000000166d2000 Uncommon trap: reason=bimorphic action=maybe_recompile pc=0x0000000002ab90a4 method=com.android.dx.cf.code.BytecodeArray.parseInstruction(ILcom/android/dx/cf/code/BytecodeArray$Visitor;)I @ 907
Event: 2.922 Thread 0x00000000166d2000 Uncommon trap: reason=bimorphic action=maybe_recompile pc=0x0000000002abac84 method=com.android.dx.cf.code.BytecodeArray.parseInstruction(ILcom/android/dx/cf/code/BytecodeArray$Visitor;)I @ 1035
Event: 2.922 Thread 0x00000000166d2000 Uncommon trap: reason=bimorphic action=maybe_recompile pc=0x0000000002abaea8 method=com.android.dx.cf.code.BytecodeArray.parseInstruction(ILcom/android/dx/cf/code/BytecodeArray$Visitor;)I @ 923
Event: 2.922 Thread 0x00000000166d2000 Uncommon trap: reason=bimorphic action=maybe_recompile pc=0x0000000002abac04 method=com.android.dx.cf.code.BytecodeArray.parseInstruction(ILcom/android/dx/cf/code/BytecodeArray$Visitor;)I @ 1051
Event: 2.922 Thread 0x00000000166d2000 Uncommon trap: reason=bimorphic action=maybe_recompile pc=0x0000000002abad84 method=com.android.dx.cf.code.BytecodeArray.parseInstruction(ILcom/android/dx/cf/code/BytecodeArray$Visitor;)I @ 939

Internal exceptions (3 events):
Event: 0.091 Thread 0x0000000002450800 Exception <a 'java/lang/NoSuchMethodError': Method sun.misc.Unsafe.defineClass(Ljava/lang/String;[BII)Ljava/lang/Class; name or signature does not match> (0x00000000eab0d170) thrown at [C:\re\workspace\8-2-build-windows-amd64-cygwin\jdk8u51\3951\hotspot\sréóÊV@·?
Event: 0.091 Thread 0x0000000002450800 Exception <a 'java/lang/NoSuchMethodError': Method sun.misc.Unsafe.prefetchRead(Ljava/lang/Object;J)V name or signature does not match> (0x00000000eab0d400) thrown at [C:\re\workspace\8-2-build-windows-amd64-cygwin\jdk8u51\3951\hotspot\src\share\vm\prims\jÛu«N•ÿ?
Event: 1.974 Thread 0x00000000166e0000 Implicit null exception at 0x00000000028adb22 to 0x00000000028adc12

Events (10 events):
Event: 2.922 Thread 0x00000000166d2000 DEOPT UNPACKING pc=0x000000000259582a sp=0x0000000016b7e658 mode 2
Event: 2.922 Thread 0x00000000166d2000 Uncommon trap: trap_request=0xffffffc6 fr.pc=0x0000000002abaea8
Event: 2.922 Thread 0x00000000166d2000 DEOPT PACKING pc=0x0000000002abaea8 sp=0x0000000016b7e6d0
Event: 2.922 Thread 0x00000000166d2000 DEOPT UNPACKING pc=0x000000000259582a sp=0x0000000016b7e658 mode 2
Event: 2.922 Thread 0x00000000166d2000 Uncommon trap: trap_request=0xffffffc6 fr.pc=0x0000000002abac04
Event: 2.922 Thread 0x00000000166d2000 DEOPT PACKING pc=0x0000000002abac04 sp=0x0000000016b7e6d0
Event: 2.922 Thread 0x00000000166d2000 DEOPT UNPACKING pc=0x000000000259582a sp=0x0000000016b7e658 mode 2
Event: 2.922 Thread 0x00000000166d2000 Uncommon trap: trap_request=0xffffffc6 fr.pc=0x0000000002abad84
Event: 2.922 Thread 0x00000000166d2000 DEOPT PACKING pc=0x0000000002abad84 sp=0x0000000016b7e4b0
Event: 2.922 Thread 0x00000000166d2000 DEOPT UNPACKING pc=0x000000000259582a sp=0x0000000016b7e438 mode 2


Dynamic libraries:
0x00007ff7540c0000 - 0x00007ff7540f7000 	C:\Program Files\Java\jdk1.8.0_51\bin\java.exe
0x00007ffdef5c0000 - 0x00007ffdef76d000 	C:\WINDOWS\SYSTEM32\ntdll.dll
0x00007ffdee8e0000 - 0x00007ffdeea1e000 	C:\WINDOWS\system32\KERNEL32.DLL
0x00007ffdecb20000 - 0x00007ffdecc35000 	C:\WINDOWS\system32\KERNELBASE.dll
0x00007ffdeb2b0000 - 0x00007ffdeb33e000 	C:\WINDOWS\system32\apphelp.dll
0x00007ffddd990000 - 0x00007ffddd9e3000 	C:\WINDOWS\AppPatch\AppPatch64\AcGenral.DLL
0x00007ffdef470000 - 0x00007ffdef51a000 	C:\WINDOWS\system32\msvcrt.dll
0x00007ffdec4e0000 - 0x00007ffdec50e000 	C:\WINDOWS\SYSTEM32\SspiCli.dll
0x00007ffdee880000 - 0x00007ffdee8d4000 	C:\WINDOWS\system32\SHLWAPI.dll
0x00007ffdeee10000 - 0x00007ffdeef87000 	C:\WINDOWS\system32\USER32.dll
0x00007ffdee460000 - 0x00007ffdee5f4000 	C:\WINDOWS\system32\ole32.dll
0x00007ffdece00000 - 0x00007ffdee32a000 	C:\WINDOWS\system32\SHELL32.dll
0x00007ffdebcb0000 - 0x00007ffdebcd1000 	C:\WINDOWS\SYSTEM32\USERENV.dll
0x00007ffdeea20000 - 0x00007ffdeeaca000 	C:\WINDOWS\system32\ADVAPI32.dll
0x00007ffde63c0000 - 0x00007ffde63de000 	C:\WINDOWS\SYSTEM32\MPR.dll
0x00007ffdee6c0000 - 0x00007ffdee801000 	C:\WINDOWS\system32\RPCRT4.dll
0x00007ffdee330000 - 0x00007ffdee389000 	C:\WINDOWS\SYSTEM32\sechost.dll
0x00007ffdef250000 - 0x00007ffdef461000 	C:\WINDOWS\SYSTEM32\combase.dll
0x00007ffdef100000 - 0x00007ffdef250000 	C:\WINDOWS\system32\GDI32.dll
0x00007ffdec710000 - 0x00007ffdec725000 	C:\WINDOWS\SYSTEM32\profapi.dll
0x00007ffdeac60000 - 0x00007ffdead12000 	C:\WINDOWS\SYSTEM32\SHCORE.dll
0x00007ffdef580000 - 0x00007ffdef5b6000 	C:\WINDOWS\system32\IMM32.DLL
0x00007ffdeef90000 - 0x00007ffdef0e2000 	C:\WINDOWS\system32\MSCTF.dll
0x00007ffdea7e0000 - 0x00007ffdeaa5b000 	C:\WINDOWS\WinSxS\amd64_microsoft.windows.common-controls_6595b64144ccf1df_6.0.9600.18006_none_623f33d3ecbe86e8\COMCTL32.dll
0x0000000071b10000 - 0x0000000071be2000 	C:\Program Files\Java\jdk1.8.0_51\jre\bin\msvcr100.dll
0x000000006f920000 - 0x00000000701a3000 	C:\Program Files\Java\jdk1.8.0_51\jre\bin\server\jvm.dll
0x00007ffde4220000 - 0x00007ffde4229000 	C:\WINDOWS\SYSTEM32\WSOCK32.dll
0x00007ffdea360000 - 0x00007ffdea382000 	C:\WINDOWS\SYSTEM32\WINMM.dll
0x00007ffdea390000 - 0x00007ffdea39a000 	C:\WINDOWS\SYSTEM32\VERSION.dll
0x00007ffdeed90000 - 0x00007ffdeed97000 	C:\WINDOWS\system32\PSAPI.DLL
0x00007ffdeeda0000 - 0x00007ffdeedfa000 	C:\WINDOWS\system32\WS2_32.dll
0x00007ffdea290000 - 0x00007ffdea2ba000 	C:\WINDOWS\SYSTEM32\WINMMBASE.dll
0x00007ffdef0f0000 - 0x00007ffdef0f9000 	C:\WINDOWS\system32\NSI.dll
0x00007ffdec9c0000 - 0x00007ffdeca0f000 	C:\WINDOWS\SYSTEM32\cfgmgr32.dll
0x00007ffdeb520000 - 0x00007ffdeb548000 	C:\WINDOWS\SYSTEM32\DEVOBJ.dll
0x0000000071b00000 - 0x0000000071b0f000 	C:\Program Files\Java\jdk1.8.0_51\jre\bin\verify.dll
0x0000000071ad0000 - 0x0000000071af9000 	C:\Program Files\Java\jdk1.8.0_51\jre\bin\java.dll
0x000000006f900000 - 0x000000006f916000 	C:\Program Files\Java\jdk1.8.0_51\jre\bin\zip.dll
0x00007ffde7100000 - 0x00007ffde7289000 	C:\WINDOWS\SYSTEM32\dbghelp.dll

VM Arguments:
jvm_args: -Djava.awt.headless=true -Xmx1024M -Dfile.encoding=windows-1252 -Duser.country=US -Duser.language=en -Duser.variant 
java_command: com.android.dx.command.Main --dex --num-threads=4 --output C:\Users\Jason\Documents\GitHub\Avalanche\Avalanche\app\build\intermediates\pre-dexed\debug\internal_impl-23.3.0_9687970b8bf64681fd28ae0cda8351b707e1e347.jar C:\Users\Jason\Documents\GitHub\Avalanche\Avalanche\app\build\intermediates\exploded-aar\com.android.support\support-v4\23.3.0\jars\libs\internal_impl-23.3.0.jar
java_class_path (initial): C:\Users\Jason\AppData\Local\Android\sdk\build-tools\23.0.0\lib\dx.jar
Launcher Type: SUN_STANDARD

Environment Variables:
PATH=C:\ProgramData\Oracle\Java\javapath;C:\yagarto-tools-20070303\bin;C:\SysGCC\Beaglebone\bin;C:\Program Files (x86)\Quest Software\vWorkspace Client\pntsc.exe;C:\Program Files (x86)\QuickTime\QTSystem\;
USERNAME=Jason
OS=Windows_NT
PROCESSOR_IDENTIFIER=Intel64 Family 6 Model 58 Stepping 9, GenuineIntel



---------------  S Y S T E M  ---------------

OS: Windows 8.1 , 64 bit Build 9600 (6.3.9600.17415)

CPU:total 4 (2 cores per cpu, 2 threads per core) family 6 model 58 stepping 9, cmov, cx8, fxsr, mmx, sse, sse2, sse3, ssse3, sse4.1, sse4.2, popcnt, avx, aes, clmul, erms, ht, tsc, tscinvbit, tscinv

Memory: 4k page, physical 8275224k(1285372k free), swap 10372376k(484896k free)

vm_info: Java HotSpot(TM) 64-Bit Server VM (25.51-b03) for windows-amd64 JRE (1.8.0_51-b16), built on Jun  8 2015 18:03:07 by "java_re" with MS VC++ 10.0 (VS2010)

time: Sun Apr 24 19:39:18 2016
elapsed time: 3 seconds (0d 0h 0m 3s)

