#
# There is insufficient memory for the Java Runtime Environment to continue.
# Native memory allocation (malloc) failed to allocate 1048576 bytes for AllocateHeap
# Possible reasons:
#   The system is out of physical RAM or swap space
#   In 32 bit mode, the process size limit was hit
# Possible solutions:
#   Reduce memory load on the system
#   Increase physical memory or swap space
#   Check if swap backing store is full
#   Use 64 bit Java on a 64 bit OS
#   Decrease Java heap size (-Xmx/-Xms)
#   Decrease number of Java threads
#   Decrease Java thread stack sizes (-Xss)
#   Set larger code cache with -XX:ReservedCodeCacheSize=
# This output file may be truncated or incomplete.
#
#  Out of Memory Error (memory/allocation.inline.hpp:61), pid=10584, tid=7464
#
# JRE version:  (8.0_51-b16) (build )
# Java VM: Java HotSpot(TM) 64-Bit Server VM (25.51-b03 mixed mode windows-amd64 compressed oops)
# Failed to write core dump. Minidumps are not enabled by default on client versions of Windows
#

---------------  T H R E A D  ---------------

Current thread (0x00000000021e0800):  JavaThread "Unknown thread" [_thread_in_vm, id=7464, stack(0x00000000020c0000,0x00000000021c0000)]

Stack: [0x00000000020c0000,0x00000000021c0000]
Native frames: (J=compiled Java code, j=interpreted, Vv=VM code, C=native code)
V  [jvm.dll+0x32b4ca]


---------------  P R O C E S S  ---------------

Java Threads: ( => current thread )

Other Threads:

=>0x00000000021e0800 (exited) JavaThread "Unknown thread" [_thread_in_vm, id=7464, stack(0x00000000020c0000,0x00000000021c0000)]

VM state:not at safepoint (normal execution)

VM Mutex/Monitor currently owned by a thread: None

Heap:
 PSYoungGen      total 38400K, used 665K [0x00000000eab00000, 0x00000000ed580000, 0x0000000100000000)
  eden space 33280K, 2% used [0x00000000eab00000,0x00000000eaba6670,0x00000000ecb80000)
  from space 5120K, 0% used [0x00000000ed080000,0x00000000ed080000,0x00000000ed580000)
  to   space 5120K, 0% used [0x00000000ecb80000,0x00000000ecb80000,0x00000000ed080000)
 ParOldGen       total 87552K, used 0K [0x00000000c0000000, 0x00000000c5580000, 0x00000000eab00000)
  object space 87552K, 0% used [0x00000000c0000000,0x00000000c0000000,0x00000000c5580000)
 Metaspace       used 766K, capacity 4480K, committed 4480K, reserved 1056768K
  class space    used 75K, capacity 384K, committed 384K, reserved 1048576K

Card table byte_map: [0x00000000116e0000,0x00000000118f0000] byte_map_base: 0x00000000110e0000

Marking Bits: (ParMarkBitMap*) 0x0000000070124040
 Begin Bits: [0x0000000011e50000, 0x0000000012e50000)
 End Bits:   [0x0000000012e50000, 0x0000000013e50000)

Polling page: 0x0000000000790000

CodeCache: size=245760Kb used=328Kb max_used=328Kb free=245431Kb
 bounds [0x0000000002320000, 0x0000000002590000, 0x0000000011320000]
 total_blobs=57 nmethods=0 adapters=37
 compilation: enabled

Compilation events (0 events):
No events

GC Heap History (0 events):
No events

Deoptimization events (0 events):
No events

Internal exceptions (0 events):
No events

Events (10 events):
Event: 0.384 loading class java/lang/Short
Event: 0.384 loading class java/lang/Short done
Event: 0.384 loading class java/lang/Integer
Event: 0.385 loading class java/lang/Integer done
Event: 0.385 loading class java/lang/Long
Event: 0.385 loading class java/lang/Long done
Event: 0.385 loading class java/lang/NullPointerException
Event: 0.386 loading class java/lang/NullPointerException done
Event: 0.386 loading class java/lang/ArithmeticException
Event: 0.386 loading class java/lang/ArithmeticException done


Dynamic libraries:
0x00007ff7540c0000 - 0x00007ff7540f7000 	C:\Program Files\Java\jdk1.8.0_51\bin\java.exe
0x00007ffdef5c0000 - 0x00007ffdef76d000 	C:\WINDOWS\SYSTEM32\ntdll.dll
0x00007ffdee8e0000 - 0x00007ffdeea1e000 	C:\WINDOWS\system32\KERNEL32.DLL
0x00007ffdecb20000 - 0x00007ffdecc35000 	C:\WINDOWS\system32\KERNELBASE.dll
0x00007ffdeb2b0000 - 0x00007ffdeb33e000 	C:\WINDOWS\system32\apphelp.dll
0x00007ffddd990000 - 0x00007ffddd9e3000 	C:\WINDOWS\AppPatch\AppPatch64\AcGenral.DLL
0x00007ffdef470000 - 0x00007ffdef51a000 	C:\WINDOWS\system32\msvcrt.dll
0x00007ffdec4e0000 - 0x00007ffdec50e000 	C:\WINDOWS\SYSTEM32\SspiCli.dll
0x00007ffdee880000 - 0x00007ffdee8d4000 	C:\WINDOWS\system32\SHLWAPI.dll
0x00007ffdeee10000 - 0x00007ffdeef87000 	C:\WINDOWS\system32\USER32.dll
0x00007ffdee460000 - 0x00007ffdee5f4000 	C:\WINDOWS\system32\ole32.dll
0x00007ffdece00000 - 0x00007ffdee32a000 	C:\WINDOWS\system32\SHELL32.dll
0x00007ffdebcb0000 - 0x00007ffdebcd1000 	C:\WINDOWS\SYSTEM32\USERENV.dll
0x00007ffdeea20000 - 0x00007ffdeeaca000 	C:\WINDOWS\system32\ADVAPI32.dll
0x00007ffde63c0000 - 0x00007ffde63de000 	C:\WINDOWS\SYSTEM32\MPR.dll
0x00007ffdee6c0000 - 0x00007ffdee801000 	C:\WINDOWS\system32\RPCRT4.dll
0x00007ffdee330000 - 0x00007ffdee389000 	C:\WINDOWS\SYSTEM32\sechost.dll
0x00007ffdef250000 - 0x00007ffdef461000 	C:\WINDOWS\SYSTEM32\combase.dll
0x00007ffdef100000 - 0x00007ffdef250000 	C:\WINDOWS\system32\GDI32.dll
0x00007ffdec710000 - 0x00007ffdec725000 	C:\WINDOWS\SYSTEM32\profapi.dll
0x00007ffdeac60000 - 0x00007ffdead12000 	C:\WINDOWS\SYSTEM32\SHCORE.dll
0x00007ffdef580000 - 0x00007ffdef5b6000 	C:\WINDOWS\system32\IMM32.DLL
0x00007ffdeef90000 - 0x00007ffdef0e2000 	C:\WINDOWS\system32\MSCTF.dll
0x00007ffdea7e0000 - 0x00007ffdeaa5b000 	C:\WINDOWS\WinSxS\amd64_microsoft.windows.common-controls_6595b64144ccf1df_6.0.9600.18006_none_623f33d3ecbe86e8\COMCTL32.dll
0x0000000071b10000 - 0x0000000071be2000 	C:\Program Files\Java\jdk1.8.0_51\jre\bin\msvcr100.dll
0x000000006f920000 - 0x00000000701a3000 	C:\Program Files\Java\jdk1.8.0_51\jre\bin\server\jvm.dll
0x00007ffde4220000 - 0x00007ffde4229000 	C:\WINDOWS\SYSTEM32\WSOCK32.dll
0x00007ffdea360000 - 0x00007ffdea382000 	C:\WINDOWS\SYSTEM32\WINMM.dll
0x00007ffdea390000 - 0x00007ffdea39a000 	C:\WINDOWS\SYSTEM32\VERSION.dll
0x00007ffdeed90000 - 0x00007ffdeed97000 	C:\WINDOWS\system32\PSAPI.DLL
0x00007ffdeeda0000 - 0x00007ffdeedfa000 	C:\WINDOWS\system32\WS2_32.dll
0x00007ffdea290000 - 0x00007ffdea2ba000 	C:\WINDOWS\SYSTEM32\WINMMBASE.dll
0x00007ffdef0f0000 - 0x00007ffdef0f9000 	C:\WINDOWS\system32\NSI.dll
0x00007ffdec9c0000 - 0x00007ffdeca0f000 	C:\WINDOWS\SYSTEM32\cfgmgr32.dll
0x00007ffdeb520000 - 0x00007ffdeb548000 	C:\WINDOWS\SYSTEM32\DEVOBJ.dll
0x0000000071b00000 - 0x0000000071b0f000 	C:\Program Files\Java\jdk1.8.0_51\jre\bin\verify.dll
0x0000000071ad0000 - 0x0000000071af9000 	C:\Program Files\Java\jdk1.8.0_51\jre\bin\java.dll
0x000000006f900000 - 0x000000006f916000 	C:\Program Files\Java\jdk1.8.0_51\jre\bin\zip.dll

VM Arguments:
jvm_args: -Djava.awt.headless=true -Xmx1024M -Dfile.encoding=windows-1252 -Duser.country=US -Duser.language=en -Duser.variant 
java_command: com.android.dx.command.Main --dex --num-threads=4 --output C:\Users\Jason\Documents\GitHub\Avalanche\Avalanche\app\build\intermediates\pre-dexed\debug\internal_impl-23.3.0_9687970b8bf64681fd28ae0cda8351b707e1e347.jar C:\Users\Jason\Documents\GitHub\Avalanche\Avalanche\app\build\intermediates\exploded-aar\com.android.support\support-v4\23.3.0\jars\libs\internal_impl-23.3.0.jar
java_class_path (initial): C:\Users\Jason\AppData\Local\Android\sdk\build-tools\23.0.0\lib\dx.jar
Launcher Type: SUN_STANDARD

Environment Variables:
PATH=C:\ProgramData\Oracle\Java\javapath;C:\yagarto-tools-20070303\bin;C:\SysGCC\Beaglebone\bin;C:\Program Files (x86)\Quest Software\vWorkspace Client\pntsc.exe;C:\Program Files (x86)\QuickTime\QTSystem\;
USERNAME=Jason
OS=Windows_NT
PROCESSOR_IDENTIFIER=Intel64 Family 6 Model 58 Stepping 9, GenuineIntel



---------------  S Y S T E M  ---------------

OS: Windows 8.1 , 64 bit Build 9600 (6.3.9600.17415)

CPU:total 4 (2 cores per cpu, 2 threads per core) family 6 model 58 stepping 9, cmov, cx8, fxsr, mmx, sse, sse2, sse3, ssse3, sse4.1, sse4.2, popcnt, avx, aes, clmul, erms, ht, tsc, tscinvbit, tscinv

Memory: 4k page, physical 8275224k(1151848k free), swap 10372376k(177056k free)

vm_info: Java HotSpot(TM) 64-Bit Server VM (25.51-b03) for windows-amd64 JRE (1.8.0_51-b16), built on Jun  8 2015 18:03:07 by "java_re" with MS VC++ 10.0 (VS2010)

time: Sun Apr 24 19:32:51 2016
elapsed time: 0 seconds (0d 0h 0m 0s)

