#
# There is insufficient memory for the Java Runtime Environment to continue.
# Native memory allocation (malloc) failed to allocate 727696 bytes for Chunk::new
# Possible reasons:
#   The system is out of physical RAM or swap space
#   In 32 bit mode, the process size limit was hit
# Possible solutions:
#   Reduce memory load on the system
#   Increase physical memory or swap space
#   Check if swap backing store is full
#   Use 64 bit Java on a 64 bit OS
#   Decrease Java heap size (-Xmx/-Xms)
#   Decrease number of Java threads
#   Decrease Java thread stack sizes (-Xss)
#   Set larger code cache with -XX:ReservedCodeCacheSize=
# This output file may be truncated or incomplete.
#
#  Out of Memory Error (allocation.cpp:390), pid=3248, tid=7988
#
# JRE version: Java(TM) SE Runtime Environment (8.0_51-b16) (build 1.8.0_51-b16)
# Java VM: Java HotSpot(TM) 64-Bit Server VM (25.51-b03 mixed mode windows-amd64 compressed oops)
# Failed to write core dump. Minidumps are not enabled by default on client versions of Windows
#

---------------  T H R E A D  ---------------

Current thread (0x0000000014a6e800):  JavaThread "C2 CompilerThread0" daemon [_thread_in_native, id=7988, stack(0x0000000015fd0000,0x00000000160d0000)]

Stack: [0x0000000015fd0000,0x00000000160d0000]
Native frames: (J=compiled Java code, j=interpreted, Vv=VM code, C=native code)
V  [jvm.dll+0x32b4ca]
V  [jvm.dll+0x2797e3]
V  [jvm.dll+0x27a479]
V  [jvm.dll+0x271765]
V  [jvm.dll+0xcba02]
V  [jvm.dll+0xcbecc]
V  [jvm.dll+0x492a7c]
V  [jvm.dll+0x45f98a]
V  [jvm.dll+0x46a7cb]
V  [jvm.dll+0x46cde2]
V  [jvm.dll+0x4501a2]
V  [jvm.dll+0xa43a2]
V  [jvm.dll+0xa4cdf]
V  [jvm.dll+0x2418a4]
V  [jvm.dll+0x29846a]
C  [msvcr100.dll+0x21d9f]
C  [msvcr100.dll+0x21e3b]
C  [KERNEL32.DLL+0x13d2]
C  [ntdll.dll+0x154e4]


Current CompileTask:
C2:   2939 1592       4       com.android.dx.ssa.LocalVariableExtractor::processBlock (383 bytes)


---------------  P R O C E S S  ---------------

Java Threads: ( => current thread )
  0x0000000016555000 JavaThread "pool-1-thread-4" [_thread_blocked, id=7596, stack(0x0000000016cd0000,0x0000000016dd0000)]
  0x0000000016540800 JavaThread "pool-1-thread-3" [_thread_blocked, id=9464, stack(0x0000000016bd0000,0x0000000016cd0000)]
  0x0000000016547000 JavaThread "pool-1-thread-2" [_thread_blocked, id=10488, stack(0x0000000016ad0000,0x0000000016bd0000)]
  0x0000000016540000 JavaThread "pool-2-thread-1" [_thread_blocked, id=11456, stack(0x00000000169d0000,0x0000000016ad0000)]
  0x000000001653d800 JavaThread "pool-1-thread-1" [_thread_blocked, id=3552, stack(0x00000000168d0000,0x00000000169d0000)]
  0x00000000162f6800 JavaThread "Service Thread" daemon [_thread_blocked, id=2332, stack(0x00000000166d0000,0x00000000167d0000)]
  0x0000000014a9a800 JavaThread "C1 CompilerThread2" daemon [_thread_blocked, id=8992, stack(0x00000000161d0000,0x00000000162d0000)]
  0x0000000014a7c800 JavaThread "C2 CompilerThread1" daemon [_thread_in_native, id=11744, stack(0x00000000160d0000,0x00000000161d0000)]
=>0x0000000014a6e800 JavaThread "C2 CompilerThread0" daemon [_thread_in_native, id=7988, stack(0x0000000015fd0000,0x00000000160d0000)]
  0x0000000014a6c800 JavaThread "Attach Listener" daemon [_thread_blocked, id=10200, stack(0x0000000015ed0000,0x0000000015fd0000)]
  0x0000000014a6b800 JavaThread "Signal Dispatcher" daemon [_thread_blocked, id=6428, stack(0x0000000015dd0000,0x0000000015ed0000)]
  0x0000000002397800 JavaThread "Finalizer" daemon [_thread_blocked, id=11840, stack(0x0000000015cd0000,0x0000000015dd0000)]
  0x000000000238e800 JavaThread "Reference Handler" daemon [_thread_blocked, id=11052, stack(0x0000000015bd0000,0x0000000015cd0000)]
  0x00000000022a0800 JavaThread "main" [_thread_blocked, id=7428, stack(0x00000000021a0000,0x00000000022a0000)]

Other Threads:
  0x0000000014a37800 VMThread [stack: 0x0000000015ad0000,0x0000000015bd0000] [id=7688]
  0x00000000162f9000 WatcherThread [stack: 0x00000000167d0000,0x00000000168d0000] [id=9732]

VM state:at safepoint (normal execution)

VM Mutex/Monitor currently owned by a thread:  ([mutex/lock_event])
[0x00000000020fc550] Threads_lock - owner thread: 0x0000000014a37800
[0x00000000020fcc50] Heap_lock - owner thread: 0x00000000022a0800

Heap:
 PSYoungGen      total 38400K, used 38378K [0x00000000eab00000, 0x00000000ef600000, 0x0000000100000000)
  eden space 33280K, 100% used [0x00000000eab00000,0x00000000ecb80000,0x00000000ecb80000)
  from space 5120K, 99% used [0x00000000ed080000,0x00000000ed57aab8,0x00000000ed580000)
  to   space 5120K, 68% used [0x00000000ecb80000,0x00000000ecef0000,0x00000000ed080000)
 ParOldGen       total 87552K, used 5848K [0x00000000c0000000, 0x00000000c5580000, 0x00000000eab00000)
  object space 87552K, 6% used [0x00000000c0000000,0x00000000c05b63f0,0x00000000c5580000)
 Metaspace       used 6111K, capacity 7152K, committed 7296K, reserved 1056768K
  class space    used 585K, capacity 616K, committed 640K, reserved 1048576K

Card table byte_map: [0x0000000011760000,0x0000000011970000] byte_map_base: 0x0000000011160000

Marking Bits: (ParMarkBitMap*) 0x0000000070124040
 Begin Bits: [0x0000000011ed0000, 0x0000000012ed0000)
 End Bits:   [0x0000000012ed0000, 0x0000000013ed0000)

Polling page: 0x0000000002060000

CodeCache: size=245760Kb used=7179Kb max_used=7179Kb free=238580Kb
 bounds [0x00000000023a0000, 0x0000000002ab0000, 0x00000000113a0000]
 total_blobs=1952 nmethods=1682 adapters=182
 compilation: enabled

Compilation events (10 events):
Event: 2.866 Thread 0x0000000014a9a800 1651       1       com.android.dx.rop.cst.TypedConstant::getFrameType (2 bytes)
Event: 2.867 Thread 0x0000000014a9a800 nmethod 1651 0x0000000002a92cd0 code [0x0000000002a92e20, 0x0000000002a92f30]
Event: 2.869 Thread 0x0000000014a9a800 1652       2       com.android.dx.cf.code.Simulator$SimVisitor::visitBranch (341 bytes)
Event: 2.870 Thread 0x0000000014a9a800 nmethod 1652 0x0000000002a92f90 code [0x0000000002a931c0, 0x0000000002a93988]
Event: 2.871 Thread 0x0000000014a9a800 1653       2       com.android.dx.dex.file.DexFile::internIfAppropriate (128 bytes)
Event: 2.872 Thread 0x0000000014a9a800 nmethod 1653 0x0000000002a94050 code [0x0000000002a94240, 0x0000000002a94918]
Event: 2.872 Thread 0x0000000014a9a800 1654       2       com.android.dx.rop.cst.CstString::<init> (42 bytes)
Event: 2.872 Thread 0x0000000014a9a800 nmethod 1654 0x0000000002a94cd0 code [0x0000000002a94e60, 0x0000000002a95178]
Event: 2.873 Thread 0x0000000014a9a800 1655       2       com.android.dx.rop.code.Rops::opMarkLocal (69 bytes)
Event: 2.874 Thread 0x0000000014a9a800 nmethod 1655 0x0000000002a95350 code [0x0000000002a95520, 0x0000000002a959f8]

GC Heap History (4 events):
Event: 1.848 GC heap before
{Heap before GC invocations=1 (full 0):
 PSYoungGen      total 38400K, used 33280K [0x00000000eab00000, 0x00000000ed580000, 0x0000000100000000)
  eden space 33280K, 100% used [0x00000000eab00000,0x00000000ecb80000,0x00000000ecb80000)
  from space 5120K, 0% used [0x00000000ed080000,0x00000000ed080000,0x00000000ed580000)
  to   space 5120K, 0% used [0x00000000ecb80000,0x00000000ecb80000,0x00000000ed080000)
 ParOldGen       total 87552K, used 0K [0x00000000c0000000, 0x00000000c5580000, 0x00000000eab00000)
  object space 87552K, 0% used [0x00000000c0000000,0x00000000c0000000,0x00000000c5580000)
 Metaspace       used 5915K, capacity 6960K, committed 7040K, reserved 1056768K
  class space    used 584K, capacity 616K, committed 640K, reserved 1048576K
Event: 1.859 GC heap after
Heap after GC invocations=1 (full 0):
 PSYoungGen      total 38400K, used 5112K [0x00000000eab00000, 0x00000000ed580000, 0x0000000100000000)
  eden space 33280K, 0% used [0x00000000eab00000,0x00000000eab00000,0x00000000ecb80000)
  from space 5120K, 99% used [0x00000000ecb80000,0x00000000ed07e028,0x00000000ed080000)
  to   space 5120K, 0% used [0x00000000ed080000,0x00000000ed080000,0x00000000ed580000)
 ParOldGen       total 87552K, used 1353K [0x00000000c0000000, 0x00000000c5580000, 0x00000000eab00000)
  object space 87552K, 1% used [0x00000000c0000000,0x00000000c0152638,0x00000000c5580000)
 Metaspace       used 5915K, capacity 6960K, committed 7040K, reserved 1056768K
  class space    used 584K, capacity 616K, committed 640K, reserved 1048576K
}
Event: 2.779 GC heap before
{Heap before GC invocations=2 (full 0):
 PSYoungGen      total 38400K, used 38392K [0x00000000eab00000, 0x00000000ed580000, 0x0000000100000000)
  eden space 33280K, 100% used [0x00000000eab00000,0x00000000ecb80000,0x00000000ecb80000)
  from space 5120K, 99% used [0x00000000ecb80000,0x00000000ed07e028,0x00000000ed080000)
  to   space 5120K, 0% used [0x00000000ed080000,0x00000000ed080000,0x00000000ed580000)
 ParOldGen       total 87552K, used 1353K [0x00000000c0000000, 0x00000000c5580000, 0x00000000eab00000)
  object space 87552K, 1% used [0x00000000c0000000,0x00000000c0152638,0x00000000c5580000)
 Metaspace       used 6064K, capacity 7088K, committed 7296K, reserved 1056768K
  class space    used 584K, capacity 616K, committed 640K, reserved 1048576K
Event: 2.793 GC heap after
Heap after GC invocations=2 (full 0):
 PSYoungGen      total 38400K, used 5098K [0x00000000eab00000, 0x00000000ef600000, 0x0000000100000000)
  eden space 33280K, 0% used [0x00000000eab00000,0x00000000eab00000,0x00000000ecb80000)
  from space 5120K, 99% used [0x00000000ed080000,0x00000000ed57aab8,0x00000000ed580000)
  to   space 5120K, 0% used [0x00000000ecb80000,0x00000000ecb80000,0x00000000ed080000)
 ParOldGen       total 87552K, used 5848K [0x00000000c0000000, 0x00000000c5580000, 0x00000000eab00000)
  object space 87552K, 6% used [0x00000000c0000000,0x00000000c05b63f0,0x00000000c5580000)
 Metaspace       used 6064K, capacity 7088K, committed 7296K, reserved 1056768K
  class space    used 584K, capacity 616K, committed 640K, reserved 1048576K
}

Deoptimization events (10 events):
Event: 2.414 Thread 0x0000000016555000 Uncommon trap: reason=class_check action=maybe_recompile pc=0x00000000029945c4 method=com.android.dx.rop.code.RegisterSpec.withSimpleType()Lcom/android/dx/rop/code/RegisterSpec; @ 6
Event: 2.414 Thread 0x0000000016555000 Uncommon trap: reason=unstable_if action=reinterpret pc=0x00000000028aa000 method=com.android.dx.ssa.SCCP.simulateStmt(Lcom/android/dx/ssa/SsaInsn;)V @ 418
Event: 2.634 Thread 0x0000000016555000 Uncommon trap: reason=class_check action=maybe_recompile pc=0x00000000029945c4 method=com.android.dx.rop.code.RegisterSpec.withSimpleType()Lcom/android/dx/rop/code/RegisterSpec; @ 6
Event: 2.647 Thread 0x0000000016540800 Uncommon trap: reason=class_check action=maybe_recompile pc=0x00000000029945c4 method=com.android.dx.rop.code.RegisterSpec.withSimpleType()Lcom/android/dx/rop/code/RegisterSpec; @ 6
Event: 2.648 Thread 0x0000000016540800 Uncommon trap: reason=class_check action=maybe_recompile pc=0x00000000029945c4 method=com.android.dx.rop.code.RegisterSpec.withSimpleType()Lcom/android/dx/rop/code/RegisterSpec; @ 6
Event: 2.651 Thread 0x0000000016540800 Uncommon trap: reason=unstable_if action=reinterpret pc=0x00000000029c15c4 method=com.android.dx.ssa.SsaRenamer$BlockRenamer.visitMoveInsn(Lcom/android/dx/ssa/NormalSsaInsn;)V @ 104
Event: 2.720 Thread 0x0000000016555000 Uncommon trap: reason=unstable_if action=reinterpret pc=0x00000000028ddc9c method=com.android.dx.ssa.SsaRenamer$BlockRenamer.addMapping(ILcom/android/dx/rop/code/RegisterSpec;)V @ 120
Event: 2.855 Thread 0x0000000016540800 Uncommon trap: reason=unstable_if action=reinterpret pc=0x000000000290abb8 method=com.android.dx.ssa.SCCP.simulateBranch(Lcom/android/dx/ssa/SsaInsn;)V @ 64
Event: 2.855 Thread 0x0000000016540800 Uncommon trap: reason=unloaded action=reinterpret pc=0x0000000002911048 method=com.android.dx.ssa.LiteralOpUpgrader$1.visitNonMoveInsn(Lcom/android/dx/ssa/NormalSsaInsn;)V @ 72
Event: 2.856 Thread 0x0000000016540800 Uncommon trap: reason=unstable_if action=reinterpret pc=0x000000000276f01c method=com.android.dx.ssa.SsaMethod.updateOneDefinition(Lcom/android/dx/ssa/SsaInsn;Lcom/android/dx/rop/code/RegisterSpec;)V @ 4

Internal exceptions (3 events):
Event: 0.047 Thread 0x00000000022a0800 Exception <a 'java/lang/NoSuchMethodError': Method sun.misc.Unsafe.defineClass(Ljava/lang/String;[BII)Ljava/lang/Class; name or signature does not match> (0x00000000eab0d170) thrown at [C:\re\workspace\8-2-build-windows-amd64-cygwin\jdk8u51\3951\hotspot\srƒÖ~O‚ó§?
Event: 0.047 Thread 0x00000000022a0800 Exception <a 'java/lang/NoSuchMethodError': Method sun.misc.Unsafe.prefetchRead(Ljava/lang/Object;J)V name or signature does not match> (0x00000000eab0d400) thrown at [C:\re\workspace\8-2-build-windows-amd64-cygwin\jdk8u51\3951\hotspot\src\share\vm\prims\jPqüêd*ì?
Event: 0.880 Thread 0x00000000022a0800 Implicit null exception at 0x0000000002655522 to 0x0000000002655612

Events (10 events):
Event: 2.855 Thread 0x0000000016540800 DEOPT PACKING pc=0x000000000290abb8 sp=0x0000000016cce9d0
Event: 2.855 Thread 0x0000000016540800 DEOPT UNPACKING pc=0x00000000023e582a sp=0x0000000016cce9b0 mode 2
Event: 2.855 Thread 0x0000000016540800 Uncommon trap: trap_request=0x0000004e fr.pc=0x0000000002911048
Event: 2.855 loading class com/android/dx/rop/code/RegOps
Event: 2.855 loading class com/android/dx/rop/code/RegOps done
Event: 2.856 Thread 0x0000000016540800 DEOPT PACKING pc=0x0000000002911048 sp=0x0000000016ccebc0
Event: 2.856 Thread 0x0000000016540800 DEOPT UNPACKING pc=0x00000000023e582a sp=0x0000000016cceba8 mode 2
Event: 2.856 Thread 0x0000000016540800 Uncommon trap: trap_request=0xffffff65 fr.pc=0x000000000276f01c
Event: 2.856 Thread 0x0000000016540800 DEOPT PACKING pc=0x000000000276f01c sp=0x0000000016ccea20
Event: 2.856 Thread 0x0000000016540800 DEOPT UNPACKING pc=0x00000000023e582a sp=0x0000000016cce9c8 mode 2


Dynamic libraries:
0x00007ff7540c0000 - 0x00007ff7540f7000 	C:\Program Files\Java\jdk1.8.0_51\bin\java.exe
0x00007ffdef5c0000 - 0x00007ffdef76d000 	C:\WINDOWS\SYSTEM32\ntdll.dll
0x00007ffdee8e0000 - 0x00007ffdeea1e000 	C:\WINDOWS\system32\KERNEL32.DLL
0x00007ffdecb20000 - 0x00007ffdecc35000 	C:\WINDOWS\system32\KERNELBASE.dll
0x00007ffdeb2b0000 - 0x00007ffdeb33e000 	C:\WINDOWS\system32\apphelp.dll
0x00007ffddd990000 - 0x00007ffddd9e3000 	C:\WINDOWS\AppPatch\AppPatch64\AcGenral.DLL
0x00007ffdef470000 - 0x00007ffdef51a000 	C:\WINDOWS\system32\msvcrt.dll
0x00007ffdec4e0000 - 0x00007ffdec50e000 	C:\WINDOWS\SYSTEM32\SspiCli.dll
0x00007ffdee880000 - 0x00007ffdee8d4000 	C:\WINDOWS\system32\SHLWAPI.dll
0x00007ffdeee10000 - 0x00007ffdeef87000 	C:\WINDOWS\system32\USER32.dll
0x00007ffdee460000 - 0x00007ffdee5f4000 	C:\WINDOWS\system32\ole32.dll
0x00007ffdece00000 - 0x00007ffdee32a000 	C:\WINDOWS\system32\SHELL32.dll
0x00007ffdebcb0000 - 0x00007ffdebcd1000 	C:\WINDOWS\SYSTEM32\USERENV.dll
0x00007ffdeea20000 - 0x00007ffdeeaca000 	C:\WINDOWS\system32\ADVAPI32.dll
0x00007ffde63c0000 - 0x00007ffde63de000 	C:\WINDOWS\SYSTEM32\MPR.dll
0x00007ffdee6c0000 - 0x00007ffdee801000 	C:\WINDOWS\system32\RPCRT4.dll
0x00007ffdee330000 - 0x00007ffdee389000 	C:\WINDOWS\SYSTEM32\sechost.dll
0x00007ffdef250000 - 0x00007ffdef461000 	C:\WINDOWS\SYSTEM32\combase.dll
0x00007ffdef100000 - 0x00007ffdef250000 	C:\WINDOWS\system32\GDI32.dll
0x00007ffdec710000 - 0x00007ffdec725000 	C:\WINDOWS\SYSTEM32\profapi.dll
0x00007ffdeac60000 - 0x00007ffdead12000 	C:\WINDOWS\SYSTEM32\SHCORE.dll
0x00007ffdef580000 - 0x00007ffdef5b6000 	C:\WINDOWS\system32\IMM32.DLL
0x00007ffdeef90000 - 0x00007ffdef0e2000 	C:\WINDOWS\system32\MSCTF.dll
0x00007ffdea7e0000 - 0x00007ffdeaa5b000 	C:\WINDOWS\WinSxS\amd64_microsoft.windows.common-controls_6595b64144ccf1df_6.0.9600.18006_none_623f33d3ecbe86e8\COMCTL32.dll
0x0000000071b10000 - 0x0000000071be2000 	C:\Program Files\Java\jdk1.8.0_51\jre\bin\msvcr100.dll
0x000000006f920000 - 0x00000000701a3000 	C:\Program Files\Java\jdk1.8.0_51\jre\bin\server\jvm.dll
0x00007ffde4220000 - 0x00007ffde4229000 	C:\WINDOWS\SYSTEM32\WSOCK32.dll
0x00007ffdea360000 - 0x00007ffdea382000 	C:\WINDOWS\SYSTEM32\WINMM.dll
0x00007ffdea390000 - 0x00007ffdea39a000 	C:\WINDOWS\SYSTEM32\VERSION.dll
0x00007ffdeed90000 - 0x00007ffdeed97000 	C:\WINDOWS\system32\PSAPI.DLL
0x00007ffdeeda0000 - 0x00007ffdeedfa000 	C:\WINDOWS\system32\WS2_32.dll
0x00007ffdea290000 - 0x00007ffdea2ba000 	C:\WINDOWS\SYSTEM32\WINMMBASE.dll
0x00007ffdef0f0000 - 0x00007ffdef0f9000 	C:\WINDOWS\system32\NSI.dll
0x00007ffdec9c0000 - 0x00007ffdeca0f000 	C:\WINDOWS\SYSTEM32\cfgmgr32.dll
0x00007ffdeb520000 - 0x00007ffdeb548000 	C:\WINDOWS\SYSTEM32\DEVOBJ.dll
0x0000000071b00000 - 0x0000000071b0f000 	C:\Program Files\Java\jdk1.8.0_51\jre\bin\verify.dll
0x0000000071ad0000 - 0x0000000071af9000 	C:\Program Files\Java\jdk1.8.0_51\jre\bin\java.dll
0x000000006f900000 - 0x000000006f916000 	C:\Program Files\Java\jdk1.8.0_51\jre\bin\zip.dll
0x00007ffde7100000 - 0x00007ffde7289000 	C:\WINDOWS\SYSTEM32\dbghelp.dll

VM Arguments:
jvm_args: -Djava.awt.headless=true -Xmx1024M -Dfile.encoding=windows-1252 -Duser.country=US -Duser.language=en -Duser.variant 
java_command: com.android.dx.command.Main --dex --num-threads=4 --output C:\Users\Jason\Documents\GitHub\Avalanche\Avalanche\app\build\intermediates\pre-dexed\debug\internal_impl-23.3.0_9687970b8bf64681fd28ae0cda8351b707e1e347.jar C:\Users\Jason\Documents\GitHub\Avalanche\Avalanche\app\build\intermediates\exploded-aar\com.android.support\support-v4\23.3.0\jars\libs\internal_impl-23.3.0.jar
java_class_path (initial): C:\Users\Jason\AppData\Local\Android\sdk\build-tools\23.0.0\lib\dx.jar
Launcher Type: SUN_STANDARD

Environment Variables:
PATH=C:\ProgramData\Oracle\Java\javapath;C:\yagarto-tools-20070303\bin;C:\SysGCC\Beaglebone\bin;C:\Program Files (x86)\Quest Software\vWorkspace Client\pntsc.exe;C:\Program Files (x86)\QuickTime\QTSystem\;
USERNAME=Jason
OS=Windows_NT
PROCESSOR_IDENTIFIER=Intel64 Family 6 Model 58 Stepping 9, GenuineIntel



---------------  S Y S T E M  ---------------

OS: Windows 8.1 , 64 bit Build 9600 (6.3.9600.17415)

CPU:total 4 (2 cores per cpu, 2 threads per core) family 6 model 58 stepping 9, cmov, cx8, fxsr, mmx, sse, sse2, sse3, ssse3, sse4.1, sse4.2, popcnt, avx, aes, clmul, erms, ht, tsc, tscinvbit, tscinv

Memory: 4k page, physical 8275224k(1095796k free), swap 10372376k(5840k free)

vm_info: Java HotSpot(TM) 64-Bit Server VM (25.51-b03) for windows-amd64 JRE (1.8.0_51-b16), built on Jun  8 2015 18:03:07 by "java_re" with MS VC++ 10.0 (VS2010)

time: Sun Apr 24 19:37:31 2016
elapsed time: 2 seconds (0d 0h 0m 2s)

