#
# There is insufficient memory for the Java Runtime Environment to continue.
# Native memory allocation (malloc) failed to allocate 540496 bytes for Chunk::new
# Possible reasons:
#   The system is out of physical RAM or swap space
#   In 32 bit mode, the process size limit was hit
# Possible solutions:
#   Reduce memory load on the system
#   Increase physical memory or swap space
#   Check if swap backing store is full
#   Use 64 bit Java on a 64 bit OS
#   Decrease Java heap size (-Xmx/-Xms)
#   Decrease number of Java threads
#   Decrease Java thread stack sizes (-Xss)
#   Set larger code cache with -XX:ReservedCodeCacheSize=
# This output file may be truncated or incomplete.
#
#  Out of Memory Error (allocation.cpp:390), pid=10176, tid=10952
#
# JRE version: Java(TM) SE Runtime Environment (8.0_51-b16) (build 1.8.0_51-b16)
# Java VM: Java HotSpot(TM) 64-Bit Server VM (25.51-b03 mixed mode windows-amd64 compressed oops)
# Failed to write core dump. Minidumps are not enabled by default on client versions of Windows
#

---------------  T H R E A D  ---------------

Current thread (0x0000000014545000):  JavaThread "C2 CompilerThread1" daemon [_thread_in_native, id=10952, stack(0x0000000015b90000,0x0000000015c90000)]

Stack: [0x0000000015b90000,0x0000000015c90000]
Native frames: (J=compiled Java code, j=interpreted, Vv=VM code, C=native code)
V  [jvm.dll+0x32b4ca]


Current CompileTask:
C2:   2921 1056       4       com.android.dx.ssa.LocalVariableExtractor::processBlock (383 bytes)


---------------  P R O C E S S  ---------------

Java Threads: ( => current thread )
  0x0000000016012000 JavaThread "pool-1-thread-3" [_thread_in_Java, id=4264, stack(0x0000000016690000,0x0000000016790000)]
  0x000000001600b000 JavaThread "pool-1-thread-2" [_thread_in_Java, id=11784, stack(0x0000000016590000,0x0000000016690000)]
  0x0000000015ee0000 JavaThread "pool-2-thread-1" [_thread_blocked, id=9884, stack(0x0000000016490000,0x0000000016590000)]
  0x0000000015dab000 JavaThread "Service Thread" daemon [_thread_blocked, id=7296, stack(0x0000000016190000,0x0000000016290000)]
  0x000000001459c000 JavaThread "C1 CompilerThread2" daemon [_thread_blocked, id=10112, stack(0x0000000015c90000,0x0000000015d90000)]
=>0x0000000014545000 JavaThread "C2 CompilerThread1" daemon [_thread_in_native, id=10952, stack(0x0000000015b90000,0x0000000015c90000)]
  0x0000000014549000 JavaThread "C2 CompilerThread0" daemon [_thread_in_native, id=9368, stack(0x0000000015a90000,0x0000000015b90000)]
  0x0000000014547800 JavaThread "Attach Listener" daemon [_thread_blocked, id=6276, stack(0x0000000015990000,0x0000000015a90000)]
  0x0000000014546000 JavaThread "Signal Dispatcher" daemon [_thread_blocked, id=3424, stack(0x0000000015890000,0x0000000015990000)]
  0x0000000001e02000 JavaThread "Finalizer" daemon [_thread_blocked, id=8964, stack(0x0000000015790000,0x0000000015890000)]
  0x0000000001dfe800 JavaThread "Reference Handler" daemon [_thread_blocked, id=12064, stack(0x0000000015690000,0x0000000015790000)]
  0x0000000001d10800 JavaThread "main" [_thread_blocked, id=7904, stack(0x0000000001be0000,0x0000000001ce0000)]

Other Threads:
  0x0000000014507800 VMThread [stack: 0x0000000015590000,0x0000000015690000] [id=4196]
  0x0000000015dac000 WatcherThread [stack: 0x0000000016290000,0x0000000016390000] [id=10088]

VM state:not at safepoint (normal execution)

VM Mutex/Monitor currently owned by a thread: None

Heap:
 PSYoungGen      total 38400K, used 30677K [0x00000000eab00000, 0x00000000ed580000, 0x0000000100000000)
  eden space 33280K, 92% used [0x00000000eab00000,0x00000000ec8f5410,0x00000000ecb80000)
  from space 5120K, 0% used [0x00000000ed080000,0x00000000ed080000,0x00000000ed580000)
  to   space 5120K, 0% used [0x00000000ecb80000,0x00000000ecb80000,0x00000000ed080000)
 ParOldGen       total 87552K, used 0K [0x00000000c0000000, 0x00000000c5580000, 0x00000000eab00000)
  object space 87552K, 0% used [0x00000000c0000000,0x00000000c0000000,0x00000000c5580000)
 Metaspace       used 5645K, capacity 6768K, committed 7040K, reserved 1056768K
  class space    used 576K, capacity 616K, committed 640K, reserved 1048576K

Card table byte_map: [0x0000000011230000,0x0000000011440000] byte_map_base: 0x0000000010c30000

Marking Bits: (ParMarkBitMap*) 0x0000000070124040
 Begin Bits: [0x00000000119a0000, 0x00000000129a0000)
 End Bits:   [0x00000000129a0000, 0x00000000139a0000)

Polling page: 0x0000000001ce0000

CodeCache: size=245760Kb used=4287Kb max_used=4287Kb free=241472Kb
 bounds [0x0000000001e70000, 0x00000000022b0000, 0x0000000010e70000]
 total_blobs=1337 nmethods=1068 adapters=182
 compilation: enabled

Compilation events (10 events):
Event: 2.879 Thread 0x000000001459c000 1071       3       com.android.dx.cf.code.LocalVariableList$Item::<init> (115 bytes)
Event: 2.879 Thread 0x000000001459c000 nmethod 1071 0x000000000229f210 code [0x000000000229f400, 0x000000000229fae8]
Event: 2.880 Thread 0x000000001459c000 1072       3       com.android.dx.rop.code.RegisterSpecList::getType (12 bytes)
Event: 2.881 Thread 0x000000001459c000 nmethod 1072 0x000000000229fe10 code [0x000000000229ffa0, 0x00000000022a05f8]
Event: 2.886 Thread 0x000000001459c000 1073       3       com.android.dx.dex.code.RopTranslator$1::visitPlainCstInsn (64 bytes)
Event: 2.886 Thread 0x000000001459c000 nmethod 1073 0x00000000022a07d0 code [0x00000000022a0960, 0x00000000022a1130]
Event: 2.890 Thread 0x000000001459c000 1074       3       com.android.dx.dex.code.RopTranslator$LocalVariableAwareTranslationVisitor::visitPlainCstInsn (11 bytes)
Event: 2.891 Thread 0x000000001459c000 nmethod 1074 0x00000000022a1310 code [0x00000000022a1520, 0x00000000022a2098]
Event: 2.891 Thread 0x000000001459c000 1075       3       com.android.dx.cf.iface.StdAttributeList::findFirst (44 bytes)
Event: 2.891 Thread 0x000000001459c000 nmethod 1075 0x00000000022a2750 code [0x00000000022a2900, 0x00000000022a3078]

GC Heap History (0 events):
No events

Deoptimization events (6 events):
Event: 1.427 Thread 0x000000001600b000 Uncommon trap: reason=unstable_if action=reinterpret pc=0x00000000020af0e8 method=java.util.HashMap.getNode(ILjava/lang/Object;)Ljava/util/HashMap$Node; @ 129
Event: 1.820 Thread 0x000000001600b000 Uncommon trap: reason=unstable_if action=reinterpret pc=0x000000000219a4f8 method=com.android.dx.cf.code.Ropper.labelToResultIndex(I)I @ 34
Event: 1.820 Thread 0x000000001600b000 Uncommon trap: reason=unstable_if action=reinterpret pc=0x0000000002187b58 method=com.android.dx.cf.code.Ropper.labelToResultIndex(I)I @ 34
Event: 1.829 Thread 0x000000001600b000 Uncommon trap: reason=unstable_if action=reinterpret pc=0x00000000020d882c method=com.android.dx.rop.code.RegisterSpecSet.put(Lcom/android/dx/rop/code/RegisterSpec;)V @ 77
Event: 1.830 Thread 0x000000001600b000 Uncommon trap: reason=unstable_if action=reinterpret pc=0x000000000213c02c method=com.android.dx.rop.code.RegisterSpecSet.put(Lcom/android/dx/rop/code/RegisterSpec;)V @ 77
Event: 2.033 Thread 0x000000001600b000 Uncommon trap: reason=null_check action=make_not_entrant pc=0x0000000002177bb8 method=com.android.dx.ssa.SsaRenamer.getLocalForNewReg(I)Lcom/android/dx/rop/code/LocalItem; @ 19

Internal exceptions (3 events):
Event: 0.090 Thread 0x0000000001d10800 Exception <a 'java/lang/NoSuchMethodError': Method sun.misc.Unsafe.defineClass(Ljava/lang/String;[BII)Ljava/lang/Class; name or signature does not match> (0x00000000eab0d0e8) thrown at [C:\re\workspace\8-2-build-windows-amd64-cygwin\jdk8u51\3951\hotspot\sr€áHö¶?
Event: 0.090 Thread 0x0000000001d10800 Exception <a 'java/lang/NoSuchMethodError': Method sun.misc.Unsafe.prefetchRead(Ljava/lang/Object;J)V name or signature does not match> (0x00000000eab0d378) thrown at [C:\re\workspace\8-2-build-windows-amd64-cygwin\jdk8u51\3951\hotspot\src\share\vm\prims\joærKC
Event: 2.033 Thread 0x000000001600b000 Implicit null exception at 0x000000000217569c to 0x0000000002177b6d

Events (10 events):
Event: 2.183 Thread 0x0000000016015800 DEOPT UNPACKING pc=0x0000000001eb787f sp=0x000000001688e368 mode 0
Event: 2.184 Thread 0x0000000016015800 DEOPT PACKING pc=0x00000000021973c2 sp=0x000000001688e600
Event: 2.184 Thread 0x0000000016015800 DEOPT UNPACKING pc=0x0000000001eb787f sp=0x000000001688e368 mode 0
Event: 2.184 Thread 0x0000000016015800 DEOPT PACKING pc=0x00000000021973c2 sp=0x000000001688e600
Event: 2.184 Thread 0x0000000016015800 DEOPT UNPACKING pc=0x0000000001eb787f sp=0x000000001688e368 mode 0
Event: 2.185 Thread 0x0000000016015800 DEOPT PACKING pc=0x00000000021973c2 sp=0x000000001688e600
Event: 2.185 Thread 0x0000000016015800 DEOPT UNPACKING pc=0x0000000001eb787f sp=0x000000001688e368 mode 0
Event: 2.841 Thread 0x000000001600b000 DEOPT PACKING pc=0x00000000020916c9 sp=0x000000001668ece0
Event: 2.841 Thread 0x000000001600b000 DEOPT UNPACKING pc=0x0000000001eb787f sp=0x000000001668e9d8 mode 0
Event: 2.873 Thread 0x0000000016015800 Thread exited: 0x0000000016015800


Dynamic libraries:
0x00007ff7540c0000 - 0x00007ff7540f7000 	C:\Program Files\Java\jdk1.8.0_51\bin\java.exe
0x00007ffdef5c0000 - 0x00007ffdef76d000 	C:\WINDOWS\SYSTEM32\ntdll.dll
0x00007ffdee8e0000 - 0x00007ffdeea1e000 	C:\WINDOWS\system32\KERNEL32.DLL
0x00007ffdecb20000 - 0x00007ffdecc35000 	C:\WINDOWS\system32\KERNELBASE.dll
0x00007ffdeb2b0000 - 0x00007ffdeb33e000 	C:\WINDOWS\system32\apphelp.dll
0x00007ffddd990000 - 0x00007ffddd9e3000 	C:\WINDOWS\AppPatch\AppPatch64\AcGenral.DLL
0x00007ffdef470000 - 0x00007ffdef51a000 	C:\WINDOWS\system32\msvcrt.dll
0x00007ffdec4e0000 - 0x00007ffdec50e000 	C:\WINDOWS\SYSTEM32\SspiCli.dll
0x00007ffdee880000 - 0x00007ffdee8d4000 	C:\WINDOWS\system32\SHLWAPI.dll
0x00007ffdeee10000 - 0x00007ffdeef87000 	C:\WINDOWS\system32\USER32.dll
0x00007ffdee460000 - 0x00007ffdee5f4000 	C:\WINDOWS\system32\ole32.dll
0x00007ffdece00000 - 0x00007ffdee32a000 	C:\WINDOWS\system32\SHELL32.dll
0x00007ffdebcb0000 - 0x00007ffdebcd1000 	C:\WINDOWS\SYSTEM32\USERENV.dll
0x00007ffdeea20000 - 0x00007ffdeeaca000 	C:\WINDOWS\system32\ADVAPI32.dll
0x00007ffde63c0000 - 0x00007ffde63de000 	C:\WINDOWS\SYSTEM32\MPR.dll
0x00007ffdee6c0000 - 0x00007ffdee801000 	C:\WINDOWS\system32\RPCRT4.dll
0x00007ffdee330000 - 0x00007ffdee389000 	C:\WINDOWS\SYSTEM32\sechost.dll
0x00007ffdef250000 - 0x00007ffdef461000 	C:\WINDOWS\SYSTEM32\combase.dll
0x00007ffdef100000 - 0x00007ffdef250000 	C:\WINDOWS\system32\GDI32.dll
0x00007ffdec710000 - 0x00007ffdec725000 	C:\WINDOWS\SYSTEM32\profapi.dll
0x00007ffdeac60000 - 0x00007ffdead12000 	C:\WINDOWS\SYSTEM32\SHCORE.dll
0x00007ffdef580000 - 0x00007ffdef5b6000 	C:\WINDOWS\system32\IMM32.DLL
0x00007ffdeef90000 - 0x00007ffdef0e2000 	C:\WINDOWS\system32\MSCTF.dll
0x00007ffdea7e0000 - 0x00007ffdeaa5b000 	C:\WINDOWS\WinSxS\amd64_microsoft.windows.common-controls_6595b64144ccf1df_6.0.9600.18006_none_623f33d3ecbe86e8\COMCTL32.dll
0x0000000071b10000 - 0x0000000071be2000 	C:\Program Files\Java\jdk1.8.0_51\jre\bin\msvcr100.dll
0x000000006f920000 - 0x00000000701a3000 	C:\Program Files\Java\jdk1.8.0_51\jre\bin\server\jvm.dll
0x00007ffde4220000 - 0x00007ffde4229000 	C:\WINDOWS\SYSTEM32\WSOCK32.dll
0x00007ffdea360000 - 0x00007ffdea382000 	C:\WINDOWS\SYSTEM32\WINMM.dll
0x00007ffdea390000 - 0x00007ffdea39a000 	C:\WINDOWS\SYSTEM32\VERSION.dll
0x00007ffdeed90000 - 0x00007ffdeed97000 	C:\WINDOWS\system32\PSAPI.DLL
0x00007ffdeeda0000 - 0x00007ffdeedfa000 	C:\WINDOWS\system32\WS2_32.dll
0x00007ffdea290000 - 0x00007ffdea2ba000 	C:\WINDOWS\SYSTEM32\WINMMBASE.dll
0x00007ffdef0f0000 - 0x00007ffdef0f9000 	C:\WINDOWS\system32\NSI.dll
0x00007ffdec9c0000 - 0x00007ffdeca0f000 	C:\WINDOWS\SYSTEM32\cfgmgr32.dll
0x00007ffdeb520000 - 0x00007ffdeb548000 	C:\WINDOWS\SYSTEM32\DEVOBJ.dll
0x0000000071b00000 - 0x0000000071b0f000 	C:\Program Files\Java\jdk1.8.0_51\jre\bin\verify.dll
0x0000000071ad0000 - 0x0000000071af9000 	C:\Program Files\Java\jdk1.8.0_51\jre\bin\java.dll
0x000000006f900000 - 0x000000006f916000 	C:\Program Files\Java\jdk1.8.0_51\jre\bin\zip.dll
0x00007ffde7100000 - 0x00007ffde7289000 	C:\WINDOWS\SYSTEM32\dbghelp.dll

VM Arguments:
jvm_args: -Djava.awt.headless=true -Xmx1024M -Dfile.encoding=windows-1252 -Duser.country=US -Duser.language=en -Duser.variant 
java_command: com.android.dx.command.Main --dex --num-threads=4 --output C:\Users\Jason\Documents\GitHub\Avalanche\Avalanche\app\build\intermediates\pre-dexed\debug\PredictorServiceProvider_761c9b58f3a47f0c5d0183aa81bb7a56463ba0b4.jar C:\Users\Jason\Documents\GitHub\Avalanche\Avalanche\app\libs\PredictorServiceProvider.jar
java_class_path (initial): C:\Users\Jason\AppData\Local\Android\sdk\build-tools\23.0.0\lib\dx.jar
Launcher Type: SUN_STANDARD

Environment Variables:
PATH=C:\ProgramData\Oracle\Java\javapath;C:\yagarto-tools-20070303\bin;C:\SysGCC\Beaglebone\bin;C:\Program Files (x86)\Quest Software\vWorkspace Client\pntsc.exe;C:\Program Files (x86)\QuickTime\QTSystem\;
USERNAME=Jason
OS=Windows_NT
PROCESSOR_IDENTIFIER=Intel64 Family 6 Model 58 Stepping 9, GenuineIntel



---------------  S Y S T E M  ---------------

OS: Windows 8.1 , 64 bit Build 9600 (6.3.9600.17415)

CPU:total 4 (2 cores per cpu, 2 threads per core) family 6 model 58 stepping 9, cmov, cx8, fxsr, mmx, sse, sse2, sse3, ssse3, sse4.1, sse4.2, popcnt, avx, aes, clmul, erms, ht, tsc, tscinvbit, tscinv

Memory: 4k page, physical 8275224k(1153964k free), swap 10372376k(5116k free)

vm_info: Java HotSpot(TM) 64-Bit Server VM (25.51-b03) for windows-amd64 JRE (1.8.0_51-b16), built on Jun  8 2015 18:03:07 by "java_re" with MS VC++ 10.0 (VS2010)

time: Sun Apr 24 19:39:18 2016
elapsed time: 2 seconds (0d 0h 0m 2s)

