#
# There is insufficient memory for the Java Runtime Environment to continue.
# Native memory allocation (malloc) failed to allocate 32744 bytes for ChunkPool::allocate
# Possible reasons:
#   The system is out of physical RAM or swap space
#   In 32 bit mode, the process size limit was hit
# Possible solutions:
#   Reduce memory load on the system
#   Increase physical memory or swap space
#   Check if swap backing store is full
#   Use 64 bit Java on a 64 bit OS
#   Decrease Java heap size (-Xmx/-Xms)
#   Decrease number of Java threads
#   Decrease Java thread stack sizes (-Xss)
#   Set larger code cache with -XX:ReservedCodeCacheSize=
# This output file may be truncated or incomplete.
#
#  Out of Memory Error (allocation.cpp:273), pid=7180, tid=1312
#
# JRE version: Java(TM) SE Runtime Environment (8.0_51-b16) (build 1.8.0_51-b16)
# Java VM: Java HotSpot(TM) 64-Bit Server VM (25.51-b03 mixed mode windows-amd64 compressed oops)
# Failed to write core dump. Minidumps are not enabled by default on client versions of Windows
#

---------------  T H R E A D  ---------------

Current thread (0x00000000147ee800):  JavaThread "C2 CompilerThread0" daemon [_thread_in_native, id=1312, stack(0x0000000015d60000,0x0000000015e60000)]

Stack: [0x0000000015d60000,0x0000000015e60000]
Native frames: (J=compiled Java code, j=interpreted, Vv=VM code, C=native code)
V  [jvm.dll+0x32b4ca]


Current CompileTask:
C2:   3171 1316   !   4       com.android.dx.cf.code.BytecodeArray::parseInstruction (2764 bytes)


---------------  P R O C E S S  ---------------

Java Threads: ( => current thread )
  0x00000000162e1000 JavaThread "pool-1-thread-4" [_thread_in_Java, id=8604, stack(0x0000000016a60000,0x0000000016b60000)]
  0x00000000162e0000 JavaThread "pool-1-thread-3" [_thread_blocked, id=7456, stack(0x0000000016960000,0x0000000016a60000)]
  0x00000000162ce800 JavaThread "pool-1-thread-2" [_thread_blocked, id=1440, stack(0x0000000016860000,0x0000000016960000)]
  0x00000000162b8000 JavaThread "pool-2-thread-1" [_thread_blocked, id=10776, stack(0x0000000016760000,0x0000000016860000)]
  0x00000000162af000 JavaThread "pool-1-thread-1" [_thread_in_Java, id=6560, stack(0x0000000016660000,0x0000000016760000)]
  0x000000001608f000 JavaThread "Service Thread" daemon [_thread_blocked, id=10532, stack(0x0000000016460000,0x0000000016560000)]
  0x00000000147f7800 JavaThread "C1 CompilerThread2" daemon [_thread_in_vm, id=8452, stack(0x0000000015f60000,0x0000000016060000)]
  0x00000000147f1000 JavaThread "C2 CompilerThread1" daemon [_thread_in_native, id=11308, stack(0x0000000015e60000,0x0000000015f60000)]
=>0x00000000147ee800 JavaThread "C2 CompilerThread0" daemon [_thread_in_native, id=1312, stack(0x0000000015d60000,0x0000000015e60000)]
  0x00000000147ec800 JavaThread "Attach Listener" daemon [_thread_blocked, id=7868, stack(0x0000000015c60000,0x0000000015d60000)]
  0x00000000147eb800 JavaThread "Signal Dispatcher" daemon [_thread_blocked, id=9880, stack(0x0000000015b60000,0x0000000015c60000)]
  0x0000000002117800 JavaThread "Finalizer" daemon [_thread_blocked, id=11044, stack(0x0000000015a60000,0x0000000015b60000)]
  0x000000000210e800 JavaThread "Reference Handler" daemon [_thread_blocked, id=8428, stack(0x0000000015960000,0x0000000015a60000)]
  0x0000000002020800 JavaThread "main" [_thread_in_vm, id=8716, stack(0x0000000001e20000,0x0000000001f20000)]

Other Threads:
  0x00000000147b7800 VMThread [stack: 0x0000000015860000,0x0000000015960000] [id=4148]
  0x0000000016091800 WatcherThread [stack: 0x0000000016560000,0x0000000016660000] [id=6544]

VM state:not at safepoint (normal execution)

VM Mutex/Monitor currently owned by a thread: None

Heap:
 PSYoungGen      total 38400K, used 11629K [0x00000000eab00000, 0x00000000ef600000, 0x0000000100000000)
  eden space 33280K, 19% used [0x00000000eab00000,0x00000000eb15ca30,0x00000000ecb80000)
  from space 5120K, 99% used [0x00000000ecb80000,0x00000000ed07eab8,0x00000000ed080000)
  to   space 5120K, 0% used [0x00000000ef100000,0x00000000ef100000,0x00000000ef600000)
 ParOldGen       total 87552K, used 1807K [0x00000000c0000000, 0x00000000c5580000, 0x00000000eab00000)
  object space 87552K, 2% used [0x00000000c0000000,0x00000000c01c3f70,0x00000000c5580000)
 Metaspace       used 5941K, capacity 7024K, committed 7296K, reserved 1056768K
  class space    used 585K, capacity 616K, committed 640K, reserved 1048576K

Card table byte_map: [0x00000000114e0000,0x00000000116f0000] byte_map_base: 0x0000000010ee0000

Marking Bits: (ParMarkBitMap*) 0x0000000070124040
 Begin Bits: [0x0000000011c50000, 0x0000000012c50000)
 End Bits:   [0x0000000012c50000, 0x0000000013c50000)

Polling page: 0x00000000005d0000

CodeCache: size=245760Kb used=5610Kb max_used=5610Kb free=240149Kb
 bounds [0x0000000002120000, 0x00000000026a0000, 0x0000000011120000]
 total_blobs=1615 nmethods=1344 adapters=182
 compilation: enabled

Compilation events (10 events):
Event: 3.150 Thread 0x00000000147f7800 1343       3       com.android.dx.dex.cf.AttributeTranslator::getMethodAnnotations (37 bytes)
Event: 3.151 Thread 0x00000000147f7800 nmethod 1343 0x0000000002697d50 code [0x0000000002698040, 0x0000000002699638]
Event: 3.151 Thread 0x00000000147f7800 1347       3       com.android.dx.ssa.back.LivenessAnalyzer::constructInterferenceGraph (47 bytes)
Event: 3.152 Thread 0x00000000147f7800 nmethod 1347 0x000000000269a290 code [0x000000000269a440, 0x000000000269a878]
Event: 3.152 Thread 0x00000000147f7800 1346       3       com.android.dx.ssa.back.InterferenceGraph::<init> (42 bytes)
Event: 3.153 Thread 0x00000000147f7800 nmethod 1346 0x000000000269aa50 code [0x000000000269ac60, 0x000000000269b728]
Event: 3.153 Thread 0x00000000147f7800 1345       3       com.android.dx.rop.code.Rops::opGetField (97 bytes)
Event: 3.154 Thread 0x00000000147f7800 nmethod 1345 0x000000000269bd90 code [0x000000000269bfc0, 0x000000000269cc38]
Event: 3.154 Thread 0x00000000147f7800 1344       3       com.android.dx.dex.file.EncodedMethod::<init> (68 bytes)
Event: 3.154 Thread 0x00000000147f7800 nmethod 1344 0x000000000269d1d0 code [0x000000000269d360, 0x000000000269d818]

GC Heap History (2 events):
Event: 3.053 GC heap before
{Heap before GC invocations=1 (full 0):
 PSYoungGen      total 38400K, used 33280K [0x00000000eab00000, 0x00000000ed580000, 0x0000000100000000)
  eden space 33280K, 100% used [0x00000000eab00000,0x00000000ecb80000,0x00000000ecb80000)
  from space 5120K, 0% used [0x00000000ed080000,0x00000000ed080000,0x00000000ed580000)
  to   space 5120K, 0% used [0x00000000ecb80000,0x00000000ecb80000,0x00000000ed080000)
 ParOldGen       total 87552K, used 0K [0x00000000c0000000, 0x00000000c5580000, 0x00000000eab00000)
  object space 87552K, 0% used [0x00000000c0000000,0x00000000c0000000,0x00000000c5580000)
 Metaspace       used 5918K, capacity 6960K, committed 7040K, reserved 1056768K
  class space    used 584K, capacity 616K, committed 640K, reserved 1048576K
Event: 3.140 GC heap after
Heap after GC invocations=1 (full 0):
 PSYoungGen      total 38400K, used 5114K [0x00000000eab00000, 0x00000000ef600000, 0x0000000100000000)
  eden space 33280K, 0% used [0x00000000eab00000,0x00000000eab00000,0x00000000ecb80000)
  from space 5120K, 99% used [0x00000000ecb80000,0x00000000ed07eab8,0x00000000ed080000)
  to   space 5120K, 0% used [0x00000000ef100000,0x00000000ef100000,0x00000000ef600000)
 ParOldGen       total 87552K, used 1807K [0x00000000c0000000, 0x00000000c5580000, 0x00000000eab00000)
  object space 87552K, 2% used [0x00000000c0000000,0x00000000c01c3f70,0x00000000c5580000)
 Metaspace       used 5918K, capacity 6960K, committed 7040K, reserved 1056768K
  class space    used 584K, capacity 616K, committed 640K, reserved 1048576K
}

Deoptimization events (6 events):
Event: 2.109 Thread 0x00000000162e0000 Uncommon trap: reason=null_check action=make_not_entrant pc=0x00000000024c0164 method=com.android.dx.ssa.SsaRenamer.getLocalForNewReg(I)Lcom/android/dx/rop/code/LocalItem; @ 19
Event: 2.571 Thread 0x00000000162e0000 Uncommon trap: reason=unstable_if action=reinterpret pc=0x000000000251af54 method=java.util.HashMap.getNode(ILjava/lang/Object;)Ljava/util/HashMap$Node; @ 129
Event: 2.571 Thread 0x00000000162e0000 Uncommon trap: reason=unstable_if action=reinterpret pc=0x00000000025eceb4 method=java.util.HashMap.putVal(ILjava/lang/Object;Ljava/lang/Object;ZZ)Ljava/lang/Object; @ 193
Event: 2.572 Thread 0x00000000162e0000 Uncommon trap: reason=unstable_if action=reinterpret pc=0x00000000023cfe50 method=java.util.HashMap.getNode(ILjava/lang/Object;)Ljava/util/HashMap$Node; @ 129
Event: 2.573 Thread 0x00000000162e0000 Uncommon trap: reason=unstable_if action=reinterpret pc=0x0000000002365f0c method=java.util.HashMap.getNode(ILjava/lang/Object;)Ljava/util/HashMap$Node; @ 129
Event: 2.618 Thread 0x00000000162e0000 Uncommon trap: reason=unstable_if action=reinterpret pc=0x00000000025cfd38 method=com.android.dx.cf.code.Ropper.labelToResultIndex(I)I @ 34

Internal exceptions (3 events):
Event: 0.031 Thread 0x0000000002020800 Exception <a 'java/lang/NoSuchMethodError': Method sun.misc.Unsafe.defineClass(Ljava/lang/String;[BII)Ljava/lang/Class; name or signature does not match> (0x00000000eab0d040) thrown at [C:\re\workspace\8-2-build-windows-amd64-cygwin\jdk8u51\3951\hotspot\sr\A[MWü?
Event: 0.031 Thread 0x0000000002020800 Exception <a 'java/lang/NoSuchMethodError': Method sun.misc.Unsafe.prefetchRead(Ljava/lang/Object;J)V name or signature does not match> (0x00000000eab0d2d0) thrown at [C:\re\workspace\8-2-build-windows-amd64-cygwin\jdk8u51\3951\hotspot\src\share\vm\prims\j€¬Œsﬂ
Event: 2.109 Thread 0x00000000162e0000 Implicit null exception at 0x00000000024bd5a1 to 0x00000000024c0121

Events (10 events):
Event: 2.682 loading class com/android/dx/cf/attrib/AttRuntimeVisibleAnnotations
Event: 2.682 loading class com/android/dx/cf/attrib/AttRuntimeVisibleAnnotations done
Event: 3.053 Executing VM operation: ParallelGCFailedAllocation
Event: 3.140 Executing VM operation: ParallelGCFailedAllocation done
Event: 3.156 loading class java/util/TreeMap$EntrySet
Event: 3.157 loading class java/util/TreeMap$EntrySet done
Event: 3.157 loading class java/util/TreeMap$EntryIterator
Event: 3.157 loading class java/util/TreeMap$EntryIterator done
Event: 3.157 Executing VM operation: Deoptimize
Event: 3.157 Executing VM operation: Deoptimize done


Dynamic libraries:
0x00007ff7540c0000 - 0x00007ff7540f7000 	C:\Program Files\Java\jdk1.8.0_51\bin\java.exe
0x00007ffdef5c0000 - 0x00007ffdef76d000 	C:\WINDOWS\SYSTEM32\ntdll.dll
0x00007ffdee8e0000 - 0x00007ffdeea1e000 	C:\WINDOWS\system32\KERNEL32.DLL
0x00007ffdecb20000 - 0x00007ffdecc35000 	C:\WINDOWS\system32\KERNELBASE.dll
0x00007ffdeb2b0000 - 0x00007ffdeb33e000 	C:\WINDOWS\system32\apphelp.dll
0x00007ffddd990000 - 0x00007ffddd9e3000 	C:\WINDOWS\AppPatch\AppPatch64\AcGenral.DLL
0x00007ffdef470000 - 0x00007ffdef51a000 	C:\WINDOWS\system32\msvcrt.dll
0x00007ffdec4e0000 - 0x00007ffdec50e000 	C:\WINDOWS\SYSTEM32\SspiCli.dll
0x00007ffdee880000 - 0x00007ffdee8d4000 	C:\WINDOWS\system32\SHLWAPI.dll
0x00007ffdeee10000 - 0x00007ffdeef87000 	C:\WINDOWS\system32\USER32.dll
0x00007ffdee460000 - 0x00007ffdee5f4000 	C:\WINDOWS\system32\ole32.dll
0x00007ffdece00000 - 0x00007ffdee32a000 	C:\WINDOWS\system32\SHELL32.dll
0x00007ffdebcb0000 - 0x00007ffdebcd1000 	C:\WINDOWS\SYSTEM32\USERENV.dll
0x00007ffdeea20000 - 0x00007ffdeeaca000 	C:\WINDOWS\system32\ADVAPI32.dll
0x00007ffde63c0000 - 0x00007ffde63de000 	C:\WINDOWS\SYSTEM32\MPR.dll
0x00007ffdee6c0000 - 0x00007ffdee801000 	C:\WINDOWS\system32\RPCRT4.dll
0x00007ffdee330000 - 0x00007ffdee389000 	C:\WINDOWS\SYSTEM32\sechost.dll
0x00007ffdef250000 - 0x00007ffdef461000 	C:\WINDOWS\SYSTEM32\combase.dll
0x00007ffdef100000 - 0x00007ffdef250000 	C:\WINDOWS\system32\GDI32.dll
0x00007ffdec710000 - 0x00007ffdec725000 	C:\WINDOWS\SYSTEM32\profapi.dll
0x00007ffdeac60000 - 0x00007ffdead12000 	C:\WINDOWS\SYSTEM32\SHCORE.dll
0x00007ffdef580000 - 0x00007ffdef5b6000 	C:\WINDOWS\system32\IMM32.DLL
0x00007ffdeef90000 - 0x00007ffdef0e2000 	C:\WINDOWS\system32\MSCTF.dll
0x00007ffdea7e0000 - 0x00007ffdeaa5b000 	C:\WINDOWS\WinSxS\amd64_microsoft.windows.common-controls_6595b64144ccf1df_6.0.9600.18006_none_623f33d3ecbe86e8\COMCTL32.dll
0x0000000071b10000 - 0x0000000071be2000 	C:\Program Files\Java\jdk1.8.0_51\jre\bin\msvcr100.dll
0x000000006f920000 - 0x00000000701a3000 	C:\Program Files\Java\jdk1.8.0_51\jre\bin\server\jvm.dll
0x00007ffde4220000 - 0x00007ffde4229000 	C:\WINDOWS\SYSTEM32\WSOCK32.dll
0x00007ffdea360000 - 0x00007ffdea382000 	C:\WINDOWS\SYSTEM32\WINMM.dll
0x00007ffdea390000 - 0x00007ffdea39a000 	C:\WINDOWS\SYSTEM32\VERSION.dll
0x00007ffdeed90000 - 0x00007ffdeed97000 	C:\WINDOWS\system32\PSAPI.DLL
0x00007ffdeeda0000 - 0x00007ffdeedfa000 	C:\WINDOWS\system32\WS2_32.dll
0x00007ffdea290000 - 0x00007ffdea2ba000 	C:\WINDOWS\SYSTEM32\WINMMBASE.dll
0x00007ffdef0f0000 - 0x00007ffdef0f9000 	C:\WINDOWS\system32\NSI.dll
0x00007ffdec9c0000 - 0x00007ffdeca0f000 	C:\WINDOWS\SYSTEM32\cfgmgr32.dll
0x00007ffdeb520000 - 0x00007ffdeb548000 	C:\WINDOWS\SYSTEM32\DEVOBJ.dll
0x0000000071b00000 - 0x0000000071b0f000 	C:\Program Files\Java\jdk1.8.0_51\jre\bin\verify.dll
0x0000000071ad0000 - 0x0000000071af9000 	C:\Program Files\Java\jdk1.8.0_51\jre\bin\java.dll
0x000000006f900000 - 0x000000006f916000 	C:\Program Files\Java\jdk1.8.0_51\jre\bin\zip.dll

VM Arguments:
jvm_args: -Djava.awt.headless=true -Xmx1024M -Dfile.encoding=windows-1252 -Duser.country=US -Duser.language=en -Duser.variant 
java_command: com.android.dx.command.Main --dex --num-threads=4 --output C:\Users\Jason\Documents\GitHub\Avalanche\Avalanche\app\build\intermediates\pre-dexed\debug\com.android.support-appcompat-v7-23.3.0_ca377938ef2587857e8fe4d8be9f04f71f25680f.jar C:\Users\Jason\Documents\GitHub\Avalanche\Avalanche\app\build\intermediates\exploded-aar\com.android.support\appcompat-v7\23.3.0\jars\classes.jar
java_class_path (initial): C:\Users\Jason\AppData\Local\Android\sdk\build-tools\23.0.0\lib\dx.jar
Launcher Type: SUN_STANDARD

Environment Variables:
PATH=C:\ProgramData\Oracle\Java\javapath;C:\yagarto-tools-20070303\bin;C:\SysGCC\Beaglebone\bin;C:\Program Files (x86)\Quest Software\vWorkspace Client\pntsc.exe;C:\Program Files (x86)\QuickTime\QTSystem\;
USERNAME=Jason
OS=Windows_NT
PROCESSOR_IDENTIFIER=Intel64 Family 6 Model 58 Stepping 9, GenuineIntel



---------------  S Y S T E M  ---------------

OS: Windows 8.1 , 64 bit Build 9600 (6.3.9600.17415)

CPU:total 4 (2 cores per cpu, 2 threads per core) family 6 model 58 stepping 9, cmov, cx8, fxsr, mmx, sse, sse2, sse3, ssse3, sse4.1, sse4.2, popcnt, avx, aes, clmul, erms, ht, tsc, tscinvbit, tscinv

Memory: 4k page, physical 8275224k(1173716k free), swap 10372376k(5104k free)

vm_info: Java HotSpot(TM) 64-Bit Server VM (25.51-b03) for windows-amd64 JRE (1.8.0_51-b16), built on Jun  8 2015 18:03:07 by "java_re" with MS VC++ 10.0 (VS2010)

time: Sun Apr 24 19:39:15 2016
elapsed time: 3 seconds (0d 0h 0m 3s)

