#
# There is insufficient memory for the Java Runtime Environment to continue.
# Native memory allocation (malloc) failed to allocate 51856 bytes for Chunk::new
# Possible reasons:
#   The system is out of physical RAM or swap space
#   In 32 bit mode, the process size limit was hit
# Possible solutions:
#   Reduce memory load on the system
#   Increase physical memory or swap space
#   Check if swap backing store is full
#   Use 64 bit Java on a 64 bit OS
#   Decrease Java heap size (-Xmx/-Xms)
#   Decrease number of Java threads
#   Decrease Java thread stack sizes (-Xss)
#   Set larger code cache with -XX:ReservedCodeCacheSize=
# This output file may be truncated or incomplete.
#
#  Out of Memory Error (allocation.cpp:390), pid=4924, tid=4964
#
# JRE version: Java(TM) SE Runtime Environment (8.0_51-b16) (build 1.8.0_51-b16)
# Java VM: Java HotSpot(TM) 64-Bit Server VM (25.51-b03 mixed mode windows-amd64 compressed oops)
# Failed to write core dump. Minidumps are not enabled by default on client versions of Windows
#

---------------  T H R E A D  ---------------

Current thread (0x00000000152ca800):  JavaThread "C2 CompilerThread0" daemon [_thread_in_native, id=4964, stack(0x0000000016810000,0x0000000016910000)]

Stack: [0x0000000016810000,0x0000000016910000]
Native frames: (J=compiled Java code, j=interpreted, Vv=VM code, C=native code)
V  [jvm.dll+0x32b4ca]


Current CompileTask:
C2:   3707  921       4       com.android.dx.ssa.RegisterMapper::map (63 bytes)


---------------  P R O C E S S  ---------------

Java Threads: ( => current thread )
  0x0000000016c7f000 JavaThread "pool-1-thread-2" [_thread_in_Java, id=10900, stack(0x0000000017310000,0x0000000017410000)]
  0x0000000016c7c000 JavaThread "pool-2-thread-1" [_thread_blocked, id=6860, stack(0x0000000017210000,0x0000000017310000)]
  0x0000000016b3c000 JavaThread "Service Thread" daemon [_thread_blocked, id=9820, stack(0x0000000016f10000,0x0000000017010000)]
  0x00000000152c5800 JavaThread "C1 CompilerThread2" daemon [_thread_blocked, id=11004, stack(0x0000000016a10000,0x0000000016b10000)]
  0x00000000152cd800 JavaThread "C2 CompilerThread1" daemon [_thread_blocked, id=7616, stack(0x0000000016910000,0x0000000016a10000)]
=>0x00000000152ca800 JavaThread "C2 CompilerThread0" daemon [_thread_in_native, id=4964, stack(0x0000000016810000,0x0000000016910000)]
  0x00000000152c8800 JavaThread "Attach Listener" daemon [_thread_blocked, id=7928, stack(0x0000000016710000,0x0000000016810000)]
  0x00000000152c7000 JavaThread "Signal Dispatcher" daemon [_thread_blocked, id=7112, stack(0x0000000016610000,0x0000000016710000)]
  0x0000000002be9000 JavaThread "Finalizer" daemon [_thread_blocked, id=11868, stack(0x0000000016510000,0x0000000016610000)]
  0x0000000002bde800 JavaThread "Reference Handler" daemon [_thread_blocked, id=3432, stack(0x0000000016410000,0x0000000016510000)]
  0x0000000002af0800 JavaThread "main" [_thread_blocked, id=944, stack(0x0000000002910000,0x0000000002a10000)]

Other Threads:
  0x0000000015287800 VMThread [stack: 0x0000000016310000,0x0000000016410000] [id=4660]
  0x0000000016b3d000 WatcherThread [stack: 0x0000000017010000,0x0000000017110000] [id=11892]

VM state:not at safepoint (normal execution)

VM Mutex/Monitor currently owned by a thread: None

Heap:
 PSYoungGen      total 38400K, used 16678K [0x00000000eab00000, 0x00000000ed580000, 0x0000000100000000)
  eden space 33280K, 50% used [0x00000000eab00000,0x00000000ebb49998,0x00000000ecb80000)
  from space 5120K, 0% used [0x00000000ed080000,0x00000000ed080000,0x00000000ed580000)
  to   space 5120K, 0% used [0x00000000ecb80000,0x00000000ecb80000,0x00000000ed080000)
 ParOldGen       total 87552K, used 0K [0x00000000c0000000, 0x00000000c5580000, 0x00000000eab00000)
  object space 87552K, 0% used [0x00000000c0000000,0x00000000c0000000,0x00000000c5580000)
 Metaspace       used 5683K, capacity 6832K, committed 7040K, reserved 1056768K
  class space    used 584K, capacity 616K, committed 640K, reserved 1048576K

Card table byte_map: [0x0000000011fb0000,0x00000000121c0000] byte_map_base: 0x00000000119b0000

Marking Bits: (ParMarkBitMap*) 0x0000000070124040
 Begin Bits: [0x0000000012720000, 0x0000000013720000)
 End Bits:   [0x0000000013720000, 0x0000000014720000)

Polling page: 0x0000000000ef0000

CodeCache: size=245760Kb used=3889Kb max_used=3901Kb free=241870Kb
 bounds [0x0000000002bf0000, 0x0000000002fd0000, 0x0000000011bf0000]
 total_blobs=1210 nmethods=941 adapters=182
 compilation: enabled

Compilation events (10 events):
Event: 3.660 Thread 0x00000000152c5800 nmethod 927 0x0000000002fab110 code [0x0000000002fab300, 0x0000000002fabdd8]
Event: 3.660 Thread 0x00000000152c5800  929       3       com.android.dx.dex.code.RopTranslator$LocalVariableAwareTranslationVisitor::visitThrowingCstInsn (11 bytes)
Event: 3.661 Thread 0x00000000152c5800 nmethod 929 0x0000000002faf190 code [0x0000000002faf3a0, 0x0000000002faff18]
Event: 3.661 Thread 0x00000000152c5800  930       3       com.android.dx.dex.code.RopTranslator$TranslationVisitor::visitThrowingCstInsn (225 bytes)
Event: 3.663 Thread 0x00000000152c5800 nmethod 930 0x0000000002fb05d0 code [0x0000000002fb0960, 0x0000000002fb2ba8]
Event: 3.663 Thread 0x00000000152c5800  932       3       com.android.dx.cf.code.Ropper::getSpecialLabel (20 bytes)
Event: 3.664 Thread 0x00000000152c5800 nmethod 932 0x0000000002fa7ad0 code [0x0000000002fa7c40, 0x0000000002fa8010]
Event: 3.664 Thread 0x00000000152c5800  931       3       java.util.TreeMap$PrivateEntryIterator::nextEntry (54 bytes)
Event: 3.664 Thread 0x00000000152c5800 nmethod 931 0x0000000002faaa50 code [0x0000000002faabe0, 0x0000000002faaf68]
Event: 3.664 Thread 0x00000000152c5800  933       3       com.android.dx.ssa.SsaMethod::forEachBlockDepthFirst (194 bytes)

GC Heap History (0 events):
No events

Deoptimization events (3 events):
Event: 2.480 Thread 0x0000000016c7f000 Uncommon trap: reason=unstable_if action=reinterpret pc=0x0000000002dfe0f8 method=java.util.HashMap.getNode(ILjava/lang/Object;)Ljava/util/HashMap$Node; @ 62
Event: 3.472 Thread 0x0000000016c7f000 Uncommon trap: reason=class_check action=maybe_recompile pc=0x0000000002f4b9bc method=com.android.dx.ssa.NormalSsaInsn.accept(Lcom/android/dx/ssa/SsaInsn$Visitor;)V @ 9
Event: 3.472 Thread 0x0000000016c7f000 Uncommon trap: reason=class_check action=maybe_recompile pc=0x0000000002f4b9bc method=com.android.dx.ssa.NormalSsaInsn.accept(Lcom/android/dx/ssa/SsaInsn$Visitor;)V @ 9

Internal exceptions (2 events):
Event: 0.030 Thread 0x0000000002af0800 Exception <a 'java/lang/NoSuchMethodError': Method sun.misc.Unsafe.defineClass(Ljava/lang/String;[BII)Ljava/lang/Class; name or signature does not match> (0x00000000eab0d138) thrown at [C:\re\workspace\8-2-build-windows-amd64-cygwin\jdk8u51\3951\hotspot\sr¤ÀiX·ž?
Event: 0.030 Thread 0x0000000002af0800 Exception <a 'java/lang/NoSuchMethodError': Method sun.misc.Unsafe.prefetchRead(Ljava/lang/Object;J)V name or signature does not match> (0x00000000eab0d3c8) thrown at [C:\re\workspace\8-2-build-windows-amd64-cygwin\jdk8u51\3951\hotspot\src\share\vm\prims\j

Events (10 events):
Event: 2.736 loading class com/android/dx/dex/file/MethodAnnotationStruct
Event: 2.736 loading class com/android/dx/dex/file/MethodAnnotationStruct done
Event: 2.949 loading class java/util/ArrayList$1
Event: 2.950 loading class java/util/ArrayList$1 done
Event: 3.472 Thread 0x0000000016c7f000 Uncommon trap: trap_request=0xffffffde fr.pc=0x0000000002f4b9bc
Event: 3.472 Thread 0x0000000016c7f000 DEOPT PACKING pc=0x0000000002f4b9bc sp=0x000000001740e690
Event: 3.472 Thread 0x0000000016c7f000 DEOPT UNPACKING pc=0x0000000002c3582a sp=0x000000001740e660 mode 2
Event: 3.472 Thread 0x0000000016c7f000 Uncommon trap: trap_request=0xffffffde fr.pc=0x0000000002f4b9bc
Event: 3.472 Thread 0x0000000016c7f000 DEOPT PACKING pc=0x0000000002f4b9bc sp=0x000000001740e690
Event: 3.472 Thread 0x0000000016c7f000 DEOPT UNPACKING pc=0x0000000002c3582a sp=0x000000001740e660 mode 2


Dynamic libraries:
0x00007ff7540c0000 - 0x00007ff7540f7000 	C:\Program Files\Java\jdk1.8.0_51\bin\java.exe
0x00007ffdef5c0000 - 0x00007ffdef76d000 	C:\WINDOWS\SYSTEM32\ntdll.dll
0x00007ffdee8e0000 - 0x00007ffdeea1e000 	C:\WINDOWS\system32\KERNEL32.DLL
0x00007ffdecb20000 - 0x00007ffdecc35000 	C:\WINDOWS\system32\KERNELBASE.dll
0x00007ffdeb2b0000 - 0x00007ffdeb33e000 	C:\WINDOWS\system32\apphelp.dll
0x00007ffddd990000 - 0x00007ffddd9e3000 	C:\WINDOWS\AppPatch\AppPatch64\AcGenral.DLL
0x00007ffdef470000 - 0x00007ffdef51a000 	C:\WINDOWS\system32\msvcrt.dll
0x00007ffdec4e0000 - 0x00007ffdec50e000 	C:\WINDOWS\SYSTEM32\SspiCli.dll
0x00007ffdee880000 - 0x00007ffdee8d4000 	C:\WINDOWS\system32\SHLWAPI.dll
0x00007ffdeee10000 - 0x00007ffdeef87000 	C:\WINDOWS\system32\USER32.dll
0x00007ffdee460000 - 0x00007ffdee5f4000 	C:\WINDOWS\system32\ole32.dll
0x00007ffdece00000 - 0x00007ffdee32a000 	C:\WINDOWS\system32\SHELL32.dll
0x00007ffdebcb0000 - 0x00007ffdebcd1000 	C:\WINDOWS\SYSTEM32\USERENV.dll
0x00007ffdeea20000 - 0x00007ffdeeaca000 	C:\WINDOWS\system32\ADVAPI32.dll
0x00007ffde63c0000 - 0x00007ffde63de000 	C:\WINDOWS\SYSTEM32\MPR.dll
0x00007ffdee6c0000 - 0x00007ffdee801000 	C:\WINDOWS\system32\RPCRT4.dll
0x00007ffdee330000 - 0x00007ffdee389000 	C:\WINDOWS\SYSTEM32\sechost.dll
0x00007ffdef250000 - 0x00007ffdef461000 	C:\WINDOWS\SYSTEM32\combase.dll
0x00007ffdef100000 - 0x00007ffdef250000 	C:\WINDOWS\system32\GDI32.dll
0x00007ffdec710000 - 0x00007ffdec725000 	C:\WINDOWS\SYSTEM32\profapi.dll
0x00007ffdeac60000 - 0x00007ffdead12000 	C:\WINDOWS\SYSTEM32\SHCORE.dll
0x00007ffdef580000 - 0x00007ffdef5b6000 	C:\WINDOWS\system32\IMM32.DLL
0x00007ffdeef90000 - 0x00007ffdef0e2000 	C:\WINDOWS\system32\MSCTF.dll
0x00007ffdea7e0000 - 0x00007ffdeaa5b000 	C:\WINDOWS\WinSxS\amd64_microsoft.windows.common-controls_6595b64144ccf1df_6.0.9600.18006_none_623f33d3ecbe86e8\COMCTL32.dll
0x0000000071b10000 - 0x0000000071be2000 	C:\Program Files\Java\jdk1.8.0_51\jre\bin\msvcr100.dll
0x000000006f920000 - 0x00000000701a3000 	C:\Program Files\Java\jdk1.8.0_51\jre\bin\server\jvm.dll
0x00007ffde4220000 - 0x00007ffde4229000 	C:\WINDOWS\SYSTEM32\WSOCK32.dll
0x00007ffdea360000 - 0x00007ffdea382000 	C:\WINDOWS\SYSTEM32\WINMM.dll
0x00007ffdea390000 - 0x00007ffdea39a000 	C:\WINDOWS\SYSTEM32\VERSION.dll
0x00007ffdeed90000 - 0x00007ffdeed97000 	C:\WINDOWS\system32\PSAPI.DLL
0x00007ffdeeda0000 - 0x00007ffdeedfa000 	C:\WINDOWS\system32\WS2_32.dll
0x00007ffdea290000 - 0x00007ffdea2ba000 	C:\WINDOWS\SYSTEM32\WINMMBASE.dll
0x00007ffdef0f0000 - 0x00007ffdef0f9000 	C:\WINDOWS\system32\NSI.dll
0x00007ffdec9c0000 - 0x00007ffdeca0f000 	C:\WINDOWS\SYSTEM32\cfgmgr32.dll
0x00007ffdeb520000 - 0x00007ffdeb548000 	C:\WINDOWS\SYSTEM32\DEVOBJ.dll
0x0000000071b00000 - 0x0000000071b0f000 	C:\Program Files\Java\jdk1.8.0_51\jre\bin\verify.dll
0x0000000071ad0000 - 0x0000000071af9000 	C:\Program Files\Java\jdk1.8.0_51\jre\bin\java.dll
0x000000006f900000 - 0x000000006f916000 	C:\Program Files\Java\jdk1.8.0_51\jre\bin\zip.dll

VM Arguments:
jvm_args: -Djava.awt.headless=true -Xmx1024M -Dfile.encoding=windows-1252 -Duser.country=US -Duser.language=en -Duser.variant 
java_command: com.android.dx.command.Main --dex --num-threads=4 --output C:\Users\Jason\Documents\GitHub\Avalanche\Avalanche\app\build\intermediates\pre-dexed\debug\com.android.support-animated-vector-drawable-23.3.0_38ab87132d5fbe60790c555b8d4c5fd2ebd7a26a.jar C:\Users\Jason\Documents\GitHub\Avalanche\Avalanche\app\build\intermediates\exploded-aar\com.android.support\animated-vector-drawable\23.3.0\jars\classes.jar
java_class_path (initial): C:\Users\Jason\AppData\Local\Android\sdk\build-tools\23.0.0\lib\dx.jar
Launcher Type: SUN_STANDARD

Environment Variables:
PATH=C:\ProgramData\Oracle\Java\javapath;C:\yagarto-tools-20070303\bin;C:\SysGCC\Beaglebone\bin;C:\Program Files (x86)\Quest Software\vWorkspace Client\pntsc.exe;C:\Program Files (x86)\QuickTime\QTSystem\;
USERNAME=Jason
OS=Windows_NT
PROCESSOR_IDENTIFIER=Intel64 Family 6 Model 58 Stepping 9, GenuineIntel



---------------  S Y S T E M  ---------------

OS: Windows 8.1 , 64 bit Build 9600 (6.3.9600.17415)

CPU:total 4 (2 cores per cpu, 2 threads per core) family 6 model 58 stepping 9, cmov, cx8, fxsr, mmx, sse, sse2, sse3, ssse3, sse4.1, sse4.2, popcnt, avx, aes, clmul, erms, ht, tsc, tscinvbit, tscinv

Memory: 4k page, physical 8275224k(1165972k free), swap 10372376k(5092k free)

vm_info: Java HotSpot(TM) 64-Bit Server VM (25.51-b03) for windows-amd64 JRE (1.8.0_51-b16), built on Jun  8 2015 18:03:07 by "java_re" with MS VC++ 10.0 (VS2010)

time: Sun Apr 24 19:39:15 2016
elapsed time: 3 seconds (0d 0h 0m 3s)

