#
# There is insufficient memory for the Java Runtime Environment to continue.
# Native memory allocation (malloc) failed to allocate 163792 bytes for Chunk::new
# Possible reasons:
#   The system is out of physical RAM or swap space
#   In 32 bit mode, the process size limit was hit
# Possible solutions:
#   Reduce memory load on the system
#   Increase physical memory or swap space
#   Check if swap backing store is full
#   Use 64 bit Java on a 64 bit OS
#   Decrease Java heap size (-Xmx/-Xms)
#   Decrease number of Java threads
#   Decrease Java thread stack sizes (-Xss)
#   Set larger code cache with -XX:ReservedCodeCacheSize=
# This output file may be truncated or incomplete.
#
#  Out of Memory Error (allocation.cpp:390), pid=9940, tid=7636
#
# JRE version: Java(TM) SE Runtime Environment (8.0_51-b16) (build 1.8.0_51-b16)
# Java VM: Java HotSpot(TM) 64-Bit Server VM (25.51-b03 mixed mode windows-amd64 compressed oops)
# Failed to write core dump. Minidumps are not enabled by default on client versions of Windows
#

---------------  T H R E A D  ---------------

Current thread (0x000000001535e000):  JavaThread "C2 CompilerThread0" daemon [_thread_in_native, id=7636, stack(0x00000000168d0000,0x00000000169d0000)]

Stack: [0x00000000168d0000,0x00000000169d0000]
Native frames: (J=compiled Java code, j=interpreted, Vv=VM code, C=native code)
V  [jvm.dll+0x32b4ca]
V  [jvm.dll+0x2797e3]
V  [jvm.dll+0x27a479]
V  [jvm.dll+0x271765]
V  [jvm.dll+0xcba02]
V  [jvm.dll+0xcbecc]
V  [jvm.dll+0x4643d2]
V  [jvm.dll+0x4d9460]
V  [jvm.dll+0x4dc078]
V  [jvm.dll+0x46a5e1]
V  [jvm.dll+0x46cde2]
V  [jvm.dll+0x4501a2]
V  [jvm.dll+0xa43a2]
V  [jvm.dll+0xa4cdf]
V  [jvm.dll+0x2418a4]
V  [jvm.dll+0x29846a]
C  [msvcr100.dll+0x21d9f]
C  [msvcr100.dll+0x21e3b]
C  [KERNEL32.DLL+0x13d2]
C  [ntdll.dll+0x154e4]


Current CompileTask:
C2:  23001 1872 %     4       com.android.dx.ssa.Dominators::run @ 137 (506 bytes)


---------------  P R O C E S S  ---------------

Java Threads: ( => current thread )
  0x0000000002b90800 JavaThread "DestroyJavaVM" [_thread_blocked, id=1328, stack(0x0000000002a90000,0x0000000002b90000)]
  0x0000000016bd3800 JavaThread "Service Thread" daemon [_thread_blocked, id=11860, stack(0x0000000016fd0000,0x00000000170d0000)]
  0x00000000153b9800 JavaThread "C1 CompilerThread2" daemon [_thread_blocked, id=11104, stack(0x0000000016ad0000,0x0000000016bd0000)]
  0x00000000153b6800 JavaThread "C2 CompilerThread1" daemon [_thread_in_native, id=11920, stack(0x00000000169d0000,0x0000000016ad0000)]
=>0x000000001535e000 JavaThread "C2 CompilerThread0" daemon [_thread_in_native, id=7636, stack(0x00000000168d0000,0x00000000169d0000)]
  0x000000001535c800 JavaThread "Attach Listener" daemon [_thread_blocked, id=1220, stack(0x00000000167d0000,0x00000000168d0000)]
  0x000000001535b000 JavaThread "Signal Dispatcher" daemon [_thread_blocked, id=6828, stack(0x00000000166d0000,0x00000000167d0000)]
  0x0000000002c87800 JavaThread "Finalizer" daemon [_thread_blocked, id=5636, stack(0x00000000165d0000,0x00000000166d0000)]
  0x0000000002c7e800 JavaThread "Reference Handler" daemon [_thread_blocked, id=3292, stack(0x00000000164d0000,0x00000000165d0000)]

Other Threads:
  0x0000000015327800 VMThread [stack: 0x00000000163d0000,0x00000000164d0000] [id=11780]
  0x0000000016bd4800 WatcherThread [stack: 0x00000000170d0000,0x00000000171d0000] [id=5048]

VM state:not at safepoint (normal execution)

VM Mutex/Monitor currently owned by a thread: None

Heap:
 PSYoungGen      total 71680K, used 46792K [0x00000000eab00000, 0x00000000ef600000, 0x0000000100000000)
  eden space 66560K, 62% used [0x00000000eab00000,0x00000000ed3b8898,0x00000000eec00000)
  from space 5120K, 99% used [0x00000000eec00000,0x00000000ef0f9a58,0x00000000ef100000)
  to   space 5120K, 0% used [0x00000000ef100000,0x00000000ef100000,0x00000000ef600000)
 ParOldGen       total 87552K, used 16560K [0x00000000c0000000, 0x00000000c5580000, 0x00000000eab00000)
  object space 87552K, 18% used [0x00000000c0000000,0x00000000c102c288,0x00000000c5580000)
 Metaspace       used 6915K, capacity 7512K, committed 7680K, reserved 1056768K
  class space    used 654K, capacity 656K, committed 768K, reserved 1048576K

Card table byte_map: [0x0000000012050000,0x0000000012260000] byte_map_base: 0x0000000011a50000

Marking Bits: (ParMarkBitMap*) 0x0000000070124040
 Begin Bits: [0x00000000127c0000, 0x00000000137c0000)
 End Bits:   [0x00000000137c0000, 0x00000000147c0000)

Polling page: 0x0000000001210000

CodeCache: size=245760Kb used=9850Kb max_used=9850Kb free=235909Kb
 bounds [0x0000000002c90000, 0x0000000003640000, 0x0000000011c90000]
 total_blobs=2601 nmethods=2324 adapters=189
 compilation: enabled

Compilation events (10 events):
Event: 15.548 Thread 0x00000000153b9800 1909       2       java.util.concurrent.FutureTask::set (36 bytes)
Event: 15.549 Thread 0x00000000153b9800 nmethod 1909 0x0000000003513650 code [0x00000000035137c0, 0x00000000035139a8]
Event: 15.549 Thread 0x00000000153b9800 1907       2       java.util.Arrays::sort (19 bytes)
Event: 15.549 Thread 0x00000000153b9800 nmethod 1907 0x0000000003513a50 code [0x0000000003513bc0, 0x0000000003513d78]
Event: 15.549 Thread 0x00000000153b9800 1908       2       java.util.DualPivotQuicksort::sort (614 bytes)
Event: 15.551 Thread 0x00000000153b9800 nmethod 1908 0x0000000003513e50 code [0x00000000035140a0, 0x0000000003514df8]
Event: 15.551 Thread 0x00000000153b9800 1910       2       com.android.dx.cf.direct.DirectClassFile::makeTypeList (47 bytes)
Event: 15.551 Thread 0x00000000153b9800 nmethod 1910 0x00000000035161d0 code [0x0000000003516360, 0x0000000003516618]
Event: 15.555 Thread 0x00000000153b9800 1911   !   2       com.android.dx.rop.cst.CstType::intern (48 bytes)
Event: 15.556 Thread 0x00000000153b9800 nmethod 1911 0x0000000003516750 code [0x0000000003516900, 0x0000000003516e08]

GC Heap History (6 events):
Event: 5.989 GC heap before
{Heap before GC invocations=1 (full 0):
 PSYoungGen      total 38400K, used 33280K [0x00000000eab00000, 0x00000000ed580000, 0x0000000100000000)
  eden space 33280K, 100% used [0x00000000eab00000,0x00000000ecb80000,0x00000000ecb80000)
  from space 5120K, 0% used [0x00000000ed080000,0x00000000ed080000,0x00000000ed580000)
  to   space 5120K, 0% used [0x00000000ecb80000,0x00000000ecb80000,0x00000000ed080000)
 ParOldGen       total 87552K, used 0K [0x00000000c0000000, 0x00000000c5580000, 0x00000000eab00000)
  object space 87552K, 0% used [0x00000000c0000000,0x00000000c0000000,0x00000000c5580000)
 Metaspace       used 5883K, capacity 6960K, committed 7040K, reserved 1056768K
  class space    used 578K, capacity 616K, committed 640K, reserved 1048576K
Event: 6.168 GC heap after
Heap after GC invocations=1 (full 0):
 PSYoungGen      total 38400K, used 5111K [0x00000000eab00000, 0x00000000ef600000, 0x0000000100000000)
  eden space 33280K, 0% used [0x00000000eab00000,0x00000000eab00000,0x00000000ecb80000)
  from space 5120K, 99% used [0x00000000ecb80000,0x00000000ed07ddc8,0x00000000ed080000)
  to   space 5120K, 0% used [0x00000000ef100000,0x00000000ef100000,0x00000000ef600000)
 ParOldGen       total 87552K, used 1443K [0x00000000c0000000, 0x00000000c5580000, 0x00000000eab00000)
  object space 87552K, 1% used [0x00000000c0000000,0x00000000c0168de8,0x00000000c5580000)
 Metaspace       used 5883K, capacity 6960K, committed 7040K, reserved 1056768K
  class space    used 578K, capacity 616K, committed 640K, reserved 1048576K
}
Event: 8.856 GC heap before
{Heap before GC invocations=2 (full 0):
 PSYoungGen      total 38400K, used 38391K [0x00000000eab00000, 0x00000000ef600000, 0x0000000100000000)
  eden space 33280K, 100% used [0x00000000eab00000,0x00000000ecb80000,0x00000000ecb80000)
  from space 5120K, 99% used [0x00000000ecb80000,0x00000000ed07ddc8,0x00000000ed080000)
  to   space 5120K, 0% used [0x00000000ef100000,0x00000000ef100000,0x00000000ef600000)
 ParOldGen       total 87552K, used 1443K [0x00000000c0000000, 0x00000000c5580000, 0x00000000eab00000)
  object space 87552K, 1% used [0x00000000c0000000,0x00000000c0168de8,0x00000000c5580000)
 Metaspace       used 6022K, capacity 7024K, committed 7296K, reserved 1056768K
  class space    used 579K, capacity 616K, committed 640K, reserved 1048576K
Event: 10.046 GC heap after
Heap after GC invocations=2 (full 0):
 PSYoungGen      total 71680K, used 5115K [0x00000000eab00000, 0x00000000ef600000, 0x0000000100000000)
  eden space 66560K, 0% used [0x00000000eab00000,0x00000000eab00000,0x00000000eec00000)
  from space 5120K, 99% used [0x00000000ef100000,0x00000000ef5fefb8,0x00000000ef600000)
  to   space 5120K, 0% used [0x00000000eec00000,0x00000000eec00000,0x00000000ef100000)
 ParOldGen       total 87552K, used 6519K [0x00000000c0000000, 0x00000000c5580000, 0x00000000eab00000)
  object space 87552K, 7% used [0x00000000c0000000,0x00000000c065ddc8,0x00000000c5580000)
 Metaspace       used 6022K, capacity 7024K, committed 7296K, reserved 1056768K
  class space    used 579K, capacity 616K, committed 640K, reserved 1048576K
}
Event: 14.498 GC heap before
{Heap before GC invocations=3 (full 0):
 PSYoungGen      total 71680K, used 71675K [0x00000000eab00000, 0x00000000ef600000, 0x0000000100000000)
  eden space 66560K, 100% used [0x00000000eab00000,0x00000000eec00000,0x00000000eec00000)
  from space 5120K, 99% used [0x00000000ef100000,0x00000000ef5fefb8,0x00000000ef600000)
  to   space 5120K, 0% used [0x00000000eec00000,0x00000000eec00000,0x00000000ef100000)
 ParOldGen       total 87552K, used 6519K [0x00000000c0000000, 0x00000000c5580000, 0x00000000eab00000)
  object space 87552K, 7% used [0x00000000c0000000,0x00000000c065ddc8,0x00000000c5580000)
 Metaspace       used 6080K, capacity 7088K, committed 7296K, reserved 1056768K
  class space    used 579K, capacity 616K, committed 640K, reserved 1048576K
Event: 15.455 GC heap after
Heap after GC invocations=3 (full 0):
 PSYoungGen      total 71680K, used 5094K [0x00000000eab00000, 0x00000000ef600000, 0x0000000100000000)
  eden space 66560K, 0% used [0x00000000eab00000,0x00000000eab00000,0x00000000eec00000)
  from space 5120K, 99% used [0x00000000eec00000,0x00000000ef0f9a58,0x00000000ef100000)
  to   space 5120K, 0% used [0x00000000ef100000,0x00000000ef100000,0x00000000ef600000)
 ParOldGen       total 87552K, used 16560K [0x00000000c0000000, 0x00000000c5580000, 0x00000000eab00000)
  object space 87552K, 18% used [0x00000000c0000000,0x00000000c102c288,0x00000000c5580000)
 Metaspace       used 6080K, capacity 7088K, committed 7296K, reserved 1056768K
  class space    used 579K, capacity 616K, committed 640K, reserved 1048576K
}

Deoptimization events (10 events):
Event: 14.470 Thread 0x0000000016e47000 Uncommon trap: reason=bimorphic action=maybe_recompile pc=0x00000000034ae670 method=com.android.dx.cf.code.BytecodeArray.parseInstruction(ILcom/android/dx/cf/code/BytecodeArray$Visitor;)I @ 987
Event: 14.495 Thread 0x0000000016e47000 Uncommon trap: reason=bimorphic action=maybe_recompile pc=0x00000000034ae5e4 method=com.android.dx.cf.code.BytecodeArray.parseInstruction(ILcom/android/dx/cf/code/BytecodeArray$Visitor;)I @ 971
Event: 15.513 Thread 0x0000000016e49000 Uncommon trap: reason=class_check action=maybe_recompile pc=0x0000000003435d24 method=com.android.dx.ssa.SCCP.replaceConstants()V @ 127
Event: 15.513 Thread 0x0000000016e49000 Uncommon trap: reason=bimorphic action=maybe_recompile pc=0x000000000336e0bc method=com.android.dx.ssa.LiteralOpUpgrader.tryReplacingWithConstant(Lcom/android/dx/ssa/NormalSsaInsn;)Z @ 62
Event: 15.513 Thread 0x0000000016e49000 Uncommon trap: reason=unstable_if action=reinterpret pc=0x000000000302995c method=com.android.dx.ssa.SsaMethod.updateOneDefinition(Lcom/android/dx/ssa/SsaInsn;Lcom/android/dx/rop/code/RegisterSpec;)V @ 4
Event: 15.513 Thread 0x0000000016e49000 Uncommon trap: reason=unstable_if action=reinterpret pc=0x00000000031f703c method=com.android.dx.ssa.LiteralOpUpgrader$1.visitNonMoveInsn(Lcom/android/dx/ssa/NormalSsaInsn;)V @ 24
Event: 15.522 Thread 0x0000000016e47000 Uncommon trap: reason=unstable_if action=reinterpret pc=0x000000000343b124 method=java.util.HashMap.putVal(ILjava/lang/Object;Ljava/lang/Object;ZZ)Ljava/lang/Object; @ 162
Event: 15.525 Thread 0x0000000016e47000 Uncommon trap: reason=unstable_if action=reinterpret pc=0x0000000003026158 method=java.util.HashMap.getNode(ILjava/lang/Object;)Ljava/util/HashMap$Node; @ 84
Event: 15.525 Thread 0x0000000016e47000 Uncommon trap: reason=unstable_if action=reinterpret pc=0x0000000002ea9efc method=java.util.HashMap.getNode(ILjava/lang/Object;)Ljava/util/HashMap$Node; @ 129
Event: 15.534 Thread 0x0000000016e47000 Uncommon trap: reason=unstable_if action=reinterpret pc=0x00000000033d7e58 method=com.android.dx.cf.code.Ropper.addOrReplaceBlock(Lcom/android/dx/rop/code/BasicBlock;Lcom/android/dx/util/IntList;)Z @ 24

Internal exceptions (7 events):
Event: 0.221 Thread 0x0000000002b90800 Exception <a 'java/lang/NoSuchMethodError': Method sun.misc.Unsafe.defineClass(Ljava/lang/String;[BII)Ljava/lang/Class; name or signature does not match> (0x00000000eab0d090) thrown at [C:\re\workspace\8-2-build-windows-amd64-cygwin\jdk8u51\3951\hotspot\sr∏…YDÃ?
Event: 0.221 Thread 0x0000000002b90800 Exception <a 'java/lang/NoSuchMethodError': Method sun.misc.Unsafe.prefetchRead(Ljava/lang/Object;J)V name or signature does not match> (0x00000000eab0d320) thrown at [C:\re\workspace\8-2-build-windows-amd64-cygwin\jdk8u51\3951\hotspot\src\share\vm\prims\j›∆Nã√	@
Event: 3.220 Thread 0x0000000002b90800 Implicit null exception at 0x0000000002fab458 to 0x0000000002fadc95
Event: 3.221 Thread 0x0000000002b90800 Implicit null exception at 0x0000000002fb4448 to 0x0000000002fb6b9d
Event: 15.524 Thread 0x0000000016e47000 Exception <a 'java/lang/ArrayIndexOutOfBoundsException': 18> (0x00000000eb6d8728) thrown at [C:\re\workspace\8-2-build-windows-amd64-cygwin\jdk8u51\3951\hotspot\src\share\vm\interpreter\interpreterRuntime.cpp, line 366]
Event: 15.524 Thread 0x0000000016e47000 Exception <a 'java/lang/ArrayIndexOutOfBoundsException': 145> (0x00000000eb6da1f8) thrown at [C:\re\workspace\8-2-build-windows-amd64-cygwin\jdk8u51\3951\hotspot\src\share\vm\interpreter\interpreterRuntime.cpp, line 366]
Event: 15.525 Thread 0x0000000016e47000 Exception <a 'java/lang/ArrayIndexOutOfBoundsException'> (0x00000000eb6db430) thrown at [C:\re\workspace\8-2-build-windows-amd64-cygwin\jdk8u51\3951\hotspot\src\share\vm\runtime\sharedRuntime.cpp, line 605]

Events (10 events):
Event: 15.525 Thread 0x0000000016e47000 Uncommon trap: trap_request=0xffffff65 fr.pc=0x0000000002ea9efc
Event: 15.525 Thread 0x0000000016e47000 DEOPT PACKING pc=0x0000000002ea9efc sp=0x00000000176ce100
Event: 15.526 Thread 0x0000000016e47000 DEOPT UNPACKING pc=0x0000000002cd582a sp=0x00000000176ce020 mode 2
Event: 15.531 Thread 0x0000000016e47000 DEOPT PACKING pc=0x000000000311c720 sp=0x00000000176ce3d0
Event: 15.531 Thread 0x0000000016e47000 DEOPT UNPACKING pc=0x0000000002cd787f sp=0x00000000176ce200 mode 0
Event: 15.534 Thread 0x0000000016e47000 Uncommon trap: trap_request=0xffffff65 fr.pc=0x00000000033d7e58
Event: 15.534 Thread 0x0000000016e47000 DEOPT PACKING pc=0x00000000033d7e58 sp=0x00000000176ce490
Event: 15.534 Thread 0x0000000016e47000 DEOPT UNPACKING pc=0x0000000002cd582a sp=0x00000000176ce470 mode 2
Event: 15.548 Thread 0x0000000016e49000 DEOPT PACKING pc=0x000000000311c720 sp=0x00000000175ceaf0
Event: 15.548 Thread 0x0000000016e49000 DEOPT UNPACKING pc=0x0000000002cd787f sp=0x00000000175ce920 mode 0


Dynamic libraries:
0x00007ff6fe840000 - 0x00007ff6fe877000 	C:\Program Files\Java\jdk1.8.0_51\bin\java.exe
0x00007ffdef5c0000 - 0x00007ffdef76d000 	C:\WINDOWS\SYSTEM32\ntdll.dll
0x00007ffdee8e0000 - 0x00007ffdeea1e000 	C:\WINDOWS\system32\KERNEL32.DLL
0x00007ffdecb20000 - 0x00007ffdecc35000 	C:\WINDOWS\system32\KERNELBASE.dll
0x00007ffdeb2b0000 - 0x00007ffdeb33e000 	C:\WINDOWS\system32\apphelp.dll
0x00007ffddf1e0000 - 0x00007ffddf233000 	C:\WINDOWS\AppPatch\AppPatch64\AcGenral.DLL
0x00007ffdef470000 - 0x00007ffdef51a000 	C:\WINDOWS\system32\msvcrt.dll
0x00007ffdec4e0000 - 0x00007ffdec50e000 	C:\WINDOWS\SYSTEM32\SspiCli.dll
0x00007ffdee880000 - 0x00007ffdee8d4000 	C:\WINDOWS\system32\SHLWAPI.dll
0x00007ffdeee10000 - 0x00007ffdeef87000 	C:\WINDOWS\system32\USER32.dll
0x00007ffdee460000 - 0x00007ffdee5f4000 	C:\WINDOWS\system32\ole32.dll
0x00007ffdece00000 - 0x00007ffdee32a000 	C:\WINDOWS\system32\SHELL32.dll
0x00007ffdebcb0000 - 0x00007ffdebcd1000 	C:\WINDOWS\SYSTEM32\USERENV.dll
0x00007ffdeea20000 - 0x00007ffdeeaca000 	C:\WINDOWS\system32\ADVAPI32.dll
0x00007ffde63c0000 - 0x00007ffde63de000 	C:\WINDOWS\SYSTEM32\MPR.dll
0x00007ffdee6c0000 - 0x00007ffdee801000 	C:\WINDOWS\system32\RPCRT4.dll
0x00007ffdee330000 - 0x00007ffdee389000 	C:\WINDOWS\SYSTEM32\sechost.dll
0x00007ffdef250000 - 0x00007ffdef461000 	C:\WINDOWS\SYSTEM32\combase.dll
0x00007ffdef100000 - 0x00007ffdef250000 	C:\WINDOWS\system32\GDI32.dll
0x00007ffdec710000 - 0x00007ffdec725000 	C:\WINDOWS\SYSTEM32\profapi.dll
0x00007ffdeac60000 - 0x00007ffdead12000 	C:\WINDOWS\SYSTEM32\SHCORE.dll
0x00007ffdef580000 - 0x00007ffdef5b6000 	C:\WINDOWS\system32\IMM32.DLL
0x00007ffdeef90000 - 0x00007ffdef0e2000 	C:\WINDOWS\system32\MSCTF.dll
0x00007ffdea7e0000 - 0x00007ffdeaa5b000 	C:\WINDOWS\WinSxS\amd64_microsoft.windows.common-controls_6595b64144ccf1df_6.0.9600.18006_none_623f33d3ecbe86e8\COMCTL32.dll
0x0000000073370000 - 0x0000000073442000 	C:\Program Files\Java\jdk1.8.0_51\jre\bin\msvcr100.dll
0x000000006f920000 - 0x00000000701a3000 	C:\Program Files\Java\jdk1.8.0_51\jre\bin\server\jvm.dll
0x00007ffde4220000 - 0x00007ffde4229000 	C:\WINDOWS\SYSTEM32\WSOCK32.dll
0x00007ffdea360000 - 0x00007ffdea382000 	C:\WINDOWS\SYSTEM32\WINMM.dll
0x00007ffdea390000 - 0x00007ffdea39a000 	C:\WINDOWS\SYSTEM32\VERSION.dll
0x00007ffdeed90000 - 0x00007ffdeed97000 	C:\WINDOWS\system32\PSAPI.DLL
0x00007ffdeeda0000 - 0x00007ffdeedfa000 	C:\WINDOWS\system32\WS2_32.dll
0x00007ffdea290000 - 0x00007ffdea2ba000 	C:\WINDOWS\SYSTEM32\WINMMBASE.dll
0x00007ffdef0f0000 - 0x00007ffdef0f9000 	C:\WINDOWS\system32\NSI.dll
0x00007ffdec9c0000 - 0x00007ffdeca0f000 	C:\WINDOWS\SYSTEM32\cfgmgr32.dll
0x00007ffdeb520000 - 0x00007ffdeb548000 	C:\WINDOWS\SYSTEM32\DEVOBJ.dll
0x0000000073360000 - 0x000000007336f000 	C:\Program Files\Java\jdk1.8.0_51\jre\bin\verify.dll
0x0000000073330000 - 0x0000000073359000 	C:\Program Files\Java\jdk1.8.0_51\jre\bin\java.dll
0x0000000073310000 - 0x0000000073326000 	C:\Program Files\Java\jdk1.8.0_51\jre\bin\zip.dll
0x00007ffde7100000 - 0x00007ffde7289000 	C:\WINDOWS\SYSTEM32\dbghelp.dll

VM Arguments:
jvm_args: -Djava.awt.headless=true -Xmx1024M -Dfile.encoding=windows-1252 -Duser.country=US -Duser.language=en -Duser.variant 
java_command: com.android.dx.command.Main --dex --force-jumbo --num-threads=4 --multi-dex --output C:\Users\Jason\Documents\GitHub\Avalanche\Avalanche\app\build\intermediates\transforms\dex\debug\folders\1000\10\jsoup-1.8.3_2795f4ac4c1be0f78e42c295ccec6f027e28a613 C:\Users\Jason\.gradle\caches\modules-2\files-2.1\org.jsoup\jsoup\1.8.3\65fd012581ded67bc20945d85c32b4598c3a9cf1\jsoup-1.8.3.jar
java_class_path (initial): C:\Users\Jason\AppData\Local\Android\sdk\build-tools\23.0.0\lib\dx.jar
Launcher Type: SUN_STANDARD

Environment Variables:
PATH=C:\ProgramData\Oracle\Java\javapath;C:\yagarto-tools-20070303\bin;C:\SysGCC\Beaglebone\bin;C:\Program Files (x86)\Quest Software\vWorkspace Client\pntsc.exe;
USERNAME=Jason
OS=Windows_NT
PROCESSOR_IDENTIFIER=Intel64 Family 6 Model 58 Stepping 9, GenuineIntel



---------------  S Y S T E M  ---------------

OS: Windows 8.1 , 64 bit Build 9600 (6.3.9600.17415)

CPU:total 4 (2 cores per cpu, 2 threads per core) family 6 model 58 stepping 9, cmov, cx8, fxsr, mmx, sse, sse2, sse3, ssse3, sse4.1, sse4.2, popcnt, avx, aes, clmul, erms, ht, tsc, tscinvbit, tscinv

Memory: 4k page, physical 8275224k(1143348k free), swap 10372376k(501600k free)

vm_info: Java HotSpot(TM) 64-Bit Server VM (25.51-b03) for windows-amd64 JRE (1.8.0_51-b16), built on Jun  8 2015 18:03:07 by "java_re" with MS VC++ 10.0 (VS2010)

time: Mon Apr 25 18:32:43 2016
elapsed time: 23 seconds (0d 0h 0m 23s)

