#
# There is insufficient memory for the Java Runtime Environment to continue.
# Native memory allocation (malloc) failed to allocate 32744 bytes for ChunkPool::allocate
# Possible reasons:
#   The system is out of physical RAM or swap space
#   In 32 bit mode, the process size limit was hit
# Possible solutions:
#   Reduce memory load on the system
#   Increase physical memory or swap space
#   Check if swap backing store is full
#   Use 64 bit Java on a 64 bit OS
#   Decrease Java heap size (-Xmx/-Xms)
#   Decrease number of Java threads
#   Decrease Java thread stack sizes (-Xss)
#   Set larger code cache with -XX:ReservedCodeCacheSize=
# This output file may be truncated or incomplete.
#
#  Out of Memory Error (allocation.cpp:273), pid=9716, tid=6976
#
# JRE version: Java(TM) SE Runtime Environment (8.0_51-b16) (build 1.8.0_51-b16)
# Java VM: Java HotSpot(TM) 64-Bit Server VM (25.51-b03 mixed mode windows-amd64 compressed oops)
# Failed to write core dump. Minidumps are not enabled by default on client versions of Windows
#

---------------  T H R E A D  ---------------

Current thread (0x0000000015440000):  JavaThread "C2 CompilerThread1" daemon [_thread_in_native, id=6976, stack(0x0000000016aa0000,0x0000000016ba0000)]

Stack: [0x0000000016aa0000,0x0000000016ba0000]
Native frames: (J=compiled Java code, j=interpreted, Vv=VM code, C=native code)
V  [jvm.dll+0x32b4ca]


Current CompileTask:
C2:   3581 1345       4       com.android.dx.ssa.SCCP::simulateBranch (666 bytes)


---------------  P R O C E S S  ---------------

Java Threads: ( => current thread )
  0x0000000016f03800 JavaThread "pool-1-thread-4" [_thread_in_vm, id=1920, stack(0x00000000176a0000,0x00000000177a0000)]
  0x0000000016f04800 JavaThread "pool-1-thread-3" [_thread_blocked, id=10976, stack(0x00000000175a0000,0x00000000176a0000)]
  0x0000000016f03000 JavaThread "pool-1-thread-2" [_thread_in_Java, id=4376, stack(0x00000000174a0000,0x00000000175a0000)]
  0x0000000016ef0800 JavaThread "pool-2-thread-1" [_thread_blocked, id=2576, stack(0x00000000173a0000,0x00000000174a0000)]
  0x0000000016ef0000 JavaThread "pool-1-thread-1" [_thread_in_Java, id=11072, stack(0x00000000172a0000,0x00000000173a0000)]
  0x0000000016cc5000 JavaThread "Service Thread" daemon [_thread_blocked, id=11676, stack(0x00000000170a0000,0x00000000171a0000)]
  0x0000000015446800 JavaThread "C1 CompilerThread2" daemon [_thread_in_native, id=11848, stack(0x0000000016ba0000,0x0000000016ca0000)]
=>0x0000000015440000 JavaThread "C2 CompilerThread1" daemon [_thread_in_native, id=6976, stack(0x0000000016aa0000,0x0000000016ba0000)]
  0x000000001543d800 JavaThread "C2 CompilerThread0" daemon [_thread_in_native, id=2476, stack(0x00000000169a0000,0x0000000016aa0000)]
  0x000000001543b800 JavaThread "Attach Listener" daemon [_thread_blocked, id=192, stack(0x00000000168a0000,0x00000000169a0000)]
  0x000000001543a800 JavaThread "Signal Dispatcher" daemon [_thread_blocked, id=7752, stack(0x00000000167a0000,0x00000000168a0000)]
  0x0000000002d67800 JavaThread "Finalizer" daemon [_thread_blocked, id=4816, stack(0x00000000166a0000,0x00000000167a0000)]
  0x0000000015409800 JavaThread "Reference Handler" daemon [_thread_blocked, id=3636, stack(0x00000000165a0000,0x00000000166a0000)]
  0x0000000002c70800 JavaThread "main" [_thread_in_Java, id=9608, stack(0x0000000002b70000,0x0000000002c70000)]

Other Threads:
  0x0000000015407800 VMThread [stack: 0x00000000164a0000,0x00000000165a0000] [id=1124]
  0x0000000016cc6800 WatcherThread [stack: 0x00000000171a0000,0x00000000172a0000] [id=1464]

VM state:not at safepoint (normal execution)

VM Mutex/Monitor currently owned by a thread: None

Heap:
 PSYoungGen      total 38400K, used 21281K [0x00000000eab00000, 0x00000000ed580000, 0x0000000100000000)
  eden space 33280K, 48% used [0x00000000eab00000,0x00000000ebacaa58,0x00000000ecb80000)
  from space 5120K, 99% used [0x00000000ecb80000,0x00000000ed07dc88,0x00000000ed080000)
  to   space 5120K, 0% used [0x00000000ed080000,0x00000000ed080000,0x00000000ed580000)
 ParOldGen       total 87552K, used 1559K [0x00000000c0000000, 0x00000000c5580000, 0x00000000eab00000)
  object space 87552K, 1% used [0x00000000c0000000,0x00000000c0185cc8,0x00000000c5580000)
 Metaspace       used 5906K, capacity 6960K, committed 7040K, reserved 1056768K
  class space    used 578K, capacity 616K, committed 640K, reserved 1048576K

Card table byte_map: [0x0000000012130000,0x0000000012340000] byte_map_base: 0x0000000011b30000

Marking Bits: (ParMarkBitMap*) 0x0000000070124040
 Begin Bits: [0x00000000128a0000, 0x00000000138a0000)
 End Bits:   [0x00000000138a0000, 0x00000000148a0000)

Polling page: 0x0000000002a80000

CodeCache: size=245760Kb used=5797Kb max_used=5797Kb free=239962Kb
 bounds [0x0000000002d70000, 0x0000000003320000, 0x0000000011d70000]
 total_blobs=1678 nmethods=1409 adapters=182
 compilation: enabled

Compilation events (10 events):
Event: 3.496 Thread 0x0000000015446800 nmethod 1399 0x000000000330cad0 code [0x000000000330cc40, 0x000000000330ce70]
Event: 3.497 Thread 0x0000000015446800 1403       3       com.android.dx.cf.code.BytecodeArray::<init> (43 bytes)
Event: 3.497 Thread 0x0000000015446800 nmethod 1403 0x000000000330cf50 code [0x000000000330d0e0, 0x000000000330d498]
Event: 3.497 Thread 0x0000000015446800 1404   !   3       com.android.dx.cf.attrib.AttLineNumberTable::<init> (43 bytes)
Event: 3.498 Thread 0x0000000015446800 nmethod 1404 0x000000000330d610 code [0x000000000330d7c0, 0x000000000330dcb8]
Event: 3.498 Thread 0x0000000015446800 1405   !   3       com.android.dx.cf.attrib.AttCode::<init> (144 bytes)
Event: 3.499 Thread 0x0000000015446800 nmethod 1405 0x000000000330df50 code [0x000000000330e180, 0x000000000330ec28]
Event: 3.499 Thread 0x0000000015446800 1406       3       java.util.concurrent.ThreadPoolExecutor::workerCountOf (5 bytes)
Event: 3.499 Thread 0x0000000015446800 nmethod 1406 0x000000000330f290 code [0x000000000330f3e0, 0x000000000330f510]
Event: 3.500 Thread 0x0000000015446800 1407       3       com.android.dx.ssa.SsaBasicBlock::insertNewSuccessor (228 bytes)

GC Heap History (2 events):
Event: 3.344 GC heap before
{Heap before GC invocations=1 (full 0):
 PSYoungGen      total 38400K, used 33280K [0x00000000eab00000, 0x00000000ed580000, 0x0000000100000000)
  eden space 33280K, 100% used [0x00000000eab00000,0x00000000ecb80000,0x00000000ecb80000)
  from space 5120K, 0% used [0x00000000ed080000,0x00000000ed080000,0x00000000ed580000)
  to   space 5120K, 0% used [0x00000000ecb80000,0x00000000ecb80000,0x00000000ed080000)
 ParOldGen       total 87552K, used 0K [0x00000000c0000000, 0x00000000c5580000, 0x00000000eab00000)
  object space 87552K, 0% used [0x00000000c0000000,0x00000000c0000000,0x00000000c5580000)
 Metaspace       used 5853K, capacity 6960K, committed 7040K, reserved 1056768K
  class space    used 578K, capacity 616K, committed 640K, reserved 1048576K
Event: 3.418 GC heap after
Heap after GC invocations=1 (full 0):
 PSYoungGen      total 38400K, used 5111K [0x00000000eab00000, 0x00000000ed580000, 0x0000000100000000)
  eden space 33280K, 0% used [0x00000000eab00000,0x00000000eab00000,0x00000000ecb80000)
  from space 5120K, 99% used [0x00000000ecb80000,0x00000000ed07dc88,0x00000000ed080000)
  to   space 5120K, 0% used [0x00000000ed080000,0x00000000ed080000,0x00000000ed580000)
 ParOldGen       total 87552K, used 1559K [0x00000000c0000000, 0x00000000c5580000, 0x00000000eab00000)
  object space 87552K, 1% used [0x00000000c0000000,0x00000000c0185cc8,0x00000000c5580000)
 Metaspace       used 5853K, capacity 6960K, committed 7040K, reserved 1056768K
  class space    used 578K, capacity 616K, committed 640K, reserved 1048576K
}

Deoptimization events (6 events):
Event: 1.893 Thread 0x0000000016f04800 Uncommon trap: reason=class_check action=maybe_recompile pc=0x000000000306e8ac method=com.android.dx.ssa.NormalSsaInsn.accept(Lcom/android/dx/ssa/SsaInsn$Visitor;)V @ 9
Event: 1.894 Thread 0x0000000016f04800 Uncommon trap: reason=class_check action=maybe_recompile pc=0x000000000306e8ac method=com.android.dx.ssa.NormalSsaInsn.accept(Lcom/android/dx/ssa/SsaInsn$Visitor;)V @ 9
Event: 1.895 Thread 0x0000000016f04800 Uncommon trap: reason=class_check action=maybe_recompile pc=0x000000000306e8ac method=com.android.dx.ssa.NormalSsaInsn.accept(Lcom/android/dx/ssa/SsaInsn$Visitor;)V @ 9
Event: 1.895 Thread 0x0000000016f04800 Uncommon trap: reason=class_check action=maybe_recompile pc=0x000000000306e8ac method=com.android.dx.ssa.NormalSsaInsn.accept(Lcom/android/dx/ssa/SsaInsn$Visitor;)V @ 9
Event: 2.415 Thread 0x0000000016f04800 Uncommon trap: reason=null_check action=make_not_entrant pc=0x000000000314c730 method=com.android.dx.ssa.SsaRenamer.getLocalForNewReg(I)Lcom/android/dx/rop/code/LocalItem; @ 19
Event: 2.550 Thread 0x0000000016f03000 Uncommon trap: reason=unstable_if action=reinterpret pc=0x000000000316f4a8 method=com.android.dx.ssa.SsaRenamer$BlockRenamer.addMapping(ILcom/android/dx/rop/code/RegisterSpec;)V @ 120

Internal exceptions (3 events):
Event: 0.031 Thread 0x0000000002c70800 Exception <a 'java/lang/NoSuchMethodError': Method sun.misc.Unsafe.defineClass(Ljava/lang/String;[BII)Ljava/lang/Class; name or signature does not match> (0x00000000eab0d118) thrown at [C:\re\workspace\8-2-build-windows-amd64-cygwin\jdk8u51\3951\hotspot\srvì^ GÙü?
Event: 0.031 Thread 0x0000000002c70800 Exception <a 'java/lang/NoSuchMethodError': Method sun.misc.Unsafe.prefetchRead(Ljava/lang/Object;J)V name or signature does not match> (0x00000000eab0d3a8) thrown at [C:\re\workspace\8-2-build-windows-amd64-cygwin\jdk8u51\3951\hotspot\src\share\vm\prims\jiΩÌ‡R@
Event: 2.415 Thread 0x0000000016f04800 Implicit null exception at 0x000000000314b283 to 0x000000000314c6fd

Events (10 events):
Event: 3.085 Thread 0x0000000016f03800 DEOPT PACKING pc=0x000000000302b763 sp=0x000000001779e440
Event: 3.085 Thread 0x0000000016f03800 DEOPT UNPACKING pc=0x0000000002db787f sp=0x000000001779e208 mode 0
Event: 3.095 loading class java/util/TreeMap$EntrySet
Event: 3.095 loading class java/util/TreeMap$EntrySet done
Event: 3.095 loading class java/util/TreeMap$EntryIterator
Event: 3.095 loading class java/util/TreeMap$EntryIterator done
Event: 3.095 Executing VM operation: Deoptimize
Event: 3.096 Executing VM operation: Deoptimize done
Event: 3.259 Executing VM operation: ParallelGCFailedAllocation
Event: 3.418 Executing VM operation: ParallelGCFailedAllocation done


Dynamic libraries:
0x00007ff7540c0000 - 0x00007ff7540f7000 	C:\Program Files\Java\jdk1.8.0_51\bin\java.exe
0x00007ffdef5c0000 - 0x00007ffdef76d000 	C:\WINDOWS\SYSTEM32\ntdll.dll
0x00007ffdee8e0000 - 0x00007ffdeea1e000 	C:\WINDOWS\system32\KERNEL32.DLL
0x00007ffdecb20000 - 0x00007ffdecc35000 	C:\WINDOWS\system32\KERNELBASE.dll
0x00007ffdeb2b0000 - 0x00007ffdeb33e000 	C:\WINDOWS\system32\apphelp.dll
0x00007ffddd990000 - 0x00007ffddd9e3000 	C:\WINDOWS\AppPatch\AppPatch64\AcGenral.DLL
0x00007ffdef470000 - 0x00007ffdef51a000 	C:\WINDOWS\system32\msvcrt.dll
0x00007ffdec4e0000 - 0x00007ffdec50e000 	C:\WINDOWS\SYSTEM32\SspiCli.dll
0x00007ffdee880000 - 0x00007ffdee8d4000 	C:\WINDOWS\system32\SHLWAPI.dll
0x00007ffdeee10000 - 0x00007ffdeef87000 	C:\WINDOWS\system32\USER32.dll
0x00007ffdee460000 - 0x00007ffdee5f4000 	C:\WINDOWS\system32\ole32.dll
0x00007ffdece00000 - 0x00007ffdee32a000 	C:\WINDOWS\system32\SHELL32.dll
0x00007ffdebcb0000 - 0x00007ffdebcd1000 	C:\WINDOWS\SYSTEM32\USERENV.dll
0x00007ffdeea20000 - 0x00007ffdeeaca000 	C:\WINDOWS\system32\ADVAPI32.dll
0x00007ffde63c0000 - 0x00007ffde63de000 	C:\WINDOWS\SYSTEM32\MPR.dll
0x00007ffdee6c0000 - 0x00007ffdee801000 	C:\WINDOWS\system32\RPCRT4.dll
0x00007ffdee330000 - 0x00007ffdee389000 	C:\WINDOWS\SYSTEM32\sechost.dll
0x00007ffdef250000 - 0x00007ffdef461000 	C:\WINDOWS\SYSTEM32\combase.dll
0x00007ffdef100000 - 0x00007ffdef250000 	C:\WINDOWS\system32\GDI32.dll
0x00007ffdec710000 - 0x00007ffdec725000 	C:\WINDOWS\SYSTEM32\profapi.dll
0x00007ffdeac60000 - 0x00007ffdead12000 	C:\WINDOWS\SYSTEM32\SHCORE.dll
0x00007ffdef580000 - 0x00007ffdef5b6000 	C:\WINDOWS\system32\IMM32.DLL
0x00007ffdeef90000 - 0x00007ffdef0e2000 	C:\WINDOWS\system32\MSCTF.dll
0x00007ffdea7e0000 - 0x00007ffdeaa5b000 	C:\WINDOWS\WinSxS\amd64_microsoft.windows.common-controls_6595b64144ccf1df_6.0.9600.18006_none_623f33d3ecbe86e8\COMCTL32.dll
0x0000000071b10000 - 0x0000000071be2000 	C:\Program Files\Java\jdk1.8.0_51\jre\bin\msvcr100.dll
0x000000006f920000 - 0x00000000701a3000 	C:\Program Files\Java\jdk1.8.0_51\jre\bin\server\jvm.dll
0x00007ffde4220000 - 0x00007ffde4229000 	C:\WINDOWS\SYSTEM32\WSOCK32.dll
0x00007ffdea360000 - 0x00007ffdea382000 	C:\WINDOWS\SYSTEM32\WINMM.dll
0x00007ffdea390000 - 0x00007ffdea39a000 	C:\WINDOWS\SYSTEM32\VERSION.dll
0x00007ffdeed90000 - 0x00007ffdeed97000 	C:\WINDOWS\system32\PSAPI.DLL
0x00007ffdeeda0000 - 0x00007ffdeedfa000 	C:\WINDOWS\system32\WS2_32.dll
0x00007ffdea290000 - 0x00007ffdea2ba000 	C:\WINDOWS\SYSTEM32\WINMMBASE.dll
0x00007ffdef0f0000 - 0x00007ffdef0f9000 	C:\WINDOWS\system32\NSI.dll
0x00007ffdec9c0000 - 0x00007ffdeca0f000 	C:\WINDOWS\SYSTEM32\cfgmgr32.dll
0x00007ffdeb520000 - 0x00007ffdeb548000 	C:\WINDOWS\SYSTEM32\DEVOBJ.dll
0x0000000071b00000 - 0x0000000071b0f000 	C:\Program Files\Java\jdk1.8.0_51\jre\bin\verify.dll
0x0000000071ad0000 - 0x0000000071af9000 	C:\Program Files\Java\jdk1.8.0_51\jre\bin\java.dll
0x000000006f900000 - 0x000000006f916000 	C:\Program Files\Java\jdk1.8.0_51\jre\bin\zip.dll

VM Arguments:
jvm_args: -Djava.awt.headless=true -Xmx1024M -Dfile.encoding=windows-1252 -Duser.country=US -Duser.language=en -Duser.variant 
java_command: com.android.dx.command.Main --dex --num-threads=4 --output C:\Users\Jason\Documents\GitHub\Avalanche\Avalanche\app\build\intermediates\pre-dexed\debug\jsoup-1.8.3_2795f4ac4c1be0f78e42c295ccec6f027e28a613.jar C:\Users\Jason\.gradle\caches\modules-2\files-2.1\org.jsoup\jsoup\1.8.3\65fd012581ded67bc20945d85c32b4598c3a9cf1\jsoup-1.8.3.jar
java_class_path (initial): C:\Users\Jason\AppData\Local\Android\sdk\build-tools\23.0.0\lib\dx.jar
Launcher Type: SUN_STANDARD

Environment Variables:
PATH=C:\ProgramData\Oracle\Java\javapath;C:\yagarto-tools-20070303\bin;C:\SysGCC\Beaglebone\bin;C:\Program Files (x86)\Quest Software\vWorkspace Client\pntsc.exe;C:\Program Files (x86)\QuickTime\QTSystem\;
USERNAME=Jason
OS=Windows_NT
PROCESSOR_IDENTIFIER=Intel64 Family 6 Model 58 Stepping 9, GenuineIntel



---------------  S Y S T E M  ---------------

OS: Windows 8.1 , 64 bit Build 9600 (6.3.9600.17415)

CPU:total 4 (2 cores per cpu, 2 threads per core) family 6 model 58 stepping 9, cmov, cx8, fxsr, mmx, sse, sse2, sse3, ssse3, sse4.1, sse4.2, popcnt, avx, aes, clmul, erms, ht, tsc, tscinvbit, tscinv

Memory: 4k page, physical 8275224k(1165972k free), swap 10372376k(5092k free)

vm_info: Java HotSpot(TM) 64-Bit Server VM (25.51-b03) for windows-amd64 JRE (1.8.0_51-b16), built on Jun  8 2015 18:03:07 by "java_re" with MS VC++ 10.0 (VS2010)

time: Sun Apr 24 19:39:15 2016
elapsed time: 3 seconds (0d 0h 0m 3s)

